2022-01-27 13:04:18 : |JDIBRAHIM2|ok
2022-01-27 13:04:19 : |ASCANDA|ok
2022-01-27 13:04:19 : |FTBANSIL|ok
2022-01-27 13:04:20 : |SMLANGGUYUAN|ok
2022-01-27 13:04:20 : |AASONDALO|ok
2022-01-27 13:04:21 : |AFLIMBAG|ok
2022-01-27 13:04:22 : |AKSARIP|ok
2022-01-27 13:04:23 : |CDBATAANON|ok
2022-01-27 13:04:23 : |MBGAYAK|ok
2022-01-27 13:04:24 : |JCMACADATO|ok
2022-01-27 13:04:25 : |JPCADUNGOG2|ok
2022-01-27 13:04:25 : |ETSOLIVIO|ok
2022-01-27 13:04:26 : |JTSUMATRA|ok
2022-01-27 13:04:26 : |ASDERASAMUN|ok
2022-01-27 13:04:27 : |ETSIMSON|ok
2022-01-27 13:04:27 : |JEFUENTES|ok
2022-01-27 13:04:28 : |LBSERVANEZJR|ok
2022-01-27 13:04:28 : |JTLORIZO|ok
2022-01-27 13:04:29 : |LVTOLENTINO|ok
2022-01-27 13:04:29 : |ADJULOYA|ok
2022-01-27 13:04:30 : |MSBASUEL|ok
2022-01-27 13:04:30 : |JAMACALANGGAN|ok
2022-01-27 13:04:31 : |KTPANDI|ok
2022-01-27 13:04:31 : |MASALMAN|ok
2022-01-27 13:04:32 : |AKDEBAROSAN|ok
2022-01-27 13:04:32 : |NSETING|ok
2022-01-27 13:04:33 : |JCESMAIL2|ok
2022-01-27 13:04:33 : |MSSAMPIGAT|ok
2022-01-27 13:04:34 : |MTBENITO2|ok
2022-01-27 13:04:34 : |FJTECSON|ok
2022-01-27 13:04:35 : |GSDELAROSA|ok
2022-01-27 13:04:35 : |ARJABAT|ok
2022-01-27 13:04:36 : |AASANGCOPAN|ok
2022-01-27 13:04:36 : |JRJABLA|ok
2022-01-27 13:04:37 : |JOOCHIA|ok
2022-01-27 13:04:37 : |HDDIPATUAN|ok
2022-01-27 13:04:38 : |JLFANUNCIO|ok
2022-01-27 13:04:38 : |AAGAYOSA2|ok
2022-01-27 13:04:39 : |DJGALLEGO|ok
2022-01-27 13:04:39 : |GRDELACRUZ|ok
2022-01-27 13:04:40 : |JSCABALATUNGAN|ok
2022-01-27 13:04:40 : |SMTAMBAWANG|ok
2022-01-27 13:04:40 : |JCVALENCIA2|ok
2022-01-27 13:04:41 : |KAUMALI|ok
2022-01-27 13:04:41 : |NGORTIZ|ok
2022-01-27 13:04:42 : |NMBAULO|ok
2022-01-27 13:04:42 : |RDMAGDAGA|ok
2022-01-27 13:04:43 : |RDGRANDE|ok
2022-01-27 13:04:43 : |KBWAGAS|ok
2022-01-27 13:04:44 : |CLNARIO|ok
2022-01-27 13:04:44 : |ALBAGUADATU|ok
2022-01-27 13:04:45 : |BKTAHIR|ok
2022-01-27 13:04:45 : |ADBAKAR|ok
2022-01-27 13:04:46 : |RASOLAIMAN|ok
2022-01-27 13:04:46 : |ACSARIPADA|ok
2022-01-27 13:04:47 : |MADAING|ok
2022-01-27 13:04:47 : |RFSUMAGANG|ok
2022-01-27 13:04:48 : |KPPAREJA|ok
2022-01-27 13:04:48 : |JMMISSION|ok
2022-01-27 13:04:49 : |SMMANDAGAN|ok
2022-01-27 13:04:49 : |GSDIGAN|ok
2022-01-27 13:04:50 : |HMFUNGAN|ok
2022-01-27 13:04:50 : |JDCOHAN|ok
2022-01-27 13:04:51 : |SLSALIF|ok
2022-01-27 13:04:51 : |CALADIONA|ok
2022-01-27 13:04:52 : |HDDIPATUAN|ok
2022-01-27 13:04:52 : |JDALON|ok
2022-01-27 13:04:52 : |RGVALMORES|ok
2022-01-27 13:04:53 : |SSTABION|ok
2022-01-27 13:04:53 : |RGCELO|ok
2022-01-27 13:04:54 : |JBPIKIT|ok
2022-01-27 13:04:54 : |LDMUECO|ok
2022-01-27 13:04:55 : |MASEMBEGAN|ok
2022-01-27 13:04:55 : |HSSARIP|ok
2022-01-27 13:04:56 : |HUUTTO|ok
2022-01-27 13:04:56 : |MMESTABILLO|ok
2022-01-27 13:04:57 : |NDMACARAMPAT|ok
2022-01-27 13:04:59 : |MSPASAWILAN|ok
2022-01-27 13:04:59 : |NDROALES|ok
2022-01-27 13:05:00 : |TAGUIALIL|ok
2022-01-27 13:05:00 : |ACCARALOS|ok
2022-01-27 13:05:01 : |GMQUIJANO2|ok
2022-01-27 13:05:01 : |ANMAULAS|ok
2022-01-27 13:05:02 : |SBPARNAN|ok
2022-01-27 13:05:02 : |ADUSMAN|ok
2022-01-27 13:05:03 : |JHTOMARA|ok
2022-01-27 13:05:03 : |RSNAMLA|ok
2022-01-27 13:05:04 : |RADIMANGADAP|ok
2022-01-27 13:05:04 : |SCMILLAN|ok
2022-01-27 13:05:05 : |ASTAMAMA|ok
2022-01-27 13:05:05 : |NLGASANG|ok
2022-01-27 13:05:05 : |SRMANATAD|ok
2022-01-27 13:05:06 : |JAJULIAN|ok
2022-01-27 13:05:06 : |ADOLALISAN2|ok
2022-01-27 13:05:07 : |ASTAMBUTO|ok
2022-01-27 13:05:07 : |NROLIVARES|ok
2022-01-27 13:05:08 : |APLAWIAN|ok
2022-01-27 13:05:08 : |FMELIAS|ok
2022-01-27 13:05:09 : |GCRODRIGUEZ2|ok
2022-01-27 13:05:09 : |IMDELACRUZ|ok
2022-01-27 13:05:10 : |JRLUNDUNGAN|ok
2022-01-27 13:05:10 : |MLFADERAN|ok
2022-01-27 13:05:11 : |FPBATOY|ok
2022-01-27 13:05:11 : |AASANDEK|ok
2022-01-27 13:05:12 : |AGMAROHOM|ok
2022-01-27 13:05:12 : |DMMAGBANUA|ok
2022-01-27 13:05:13 : |MPLAMOG|ok
2022-01-27 13:05:13 : |ZTAMPUAN|ok
2022-01-27 13:05:14 : |BLDERIADA|ok
2022-01-27 13:05:14 : |ELPASION|ok
2022-01-27 13:05:15 : |ESFANULAN|ok
2022-01-27 13:05:15 : |FDBALINDONG|ok
2022-01-27 13:05:16 : |JCOCCENO|ok
2022-01-27 13:05:16 : |JMCOPLEROS|ok
2022-01-27 13:05:17 : |JGLUMBAY|ok
2022-01-27 13:05:17 : |LRSURIA|ok
2022-01-27 13:05:18 : |MCUMPAR|ok
2022-01-27 13:05:18 : |BTSONCIO|ok
2022-01-27 13:05:19 : |MSABDULFATTAH|ok
2022-01-27 13:05:19 : |AAMIPUKUR|ok
2022-01-27 13:05:20 : |LISUMNDAD|ok
2022-01-27 13:05:20 : |MFMIRANDA|ok
2022-01-27 13:05:21 : |HLSANTANEZ|ok
2022-01-27 13:05:21 : |SMPAGULONG|ok
2022-01-27 13:05:22 : |LSGUIAMAD|ok
2022-01-27 13:05:22 : |SUSUMANDAL|ok
2022-01-27 13:05:23 : |MCMAKABIRO|ok
2022-01-27 13:05:23 : |SSISMAEL|ok
2022-01-27 13:05:24 : |IOJABAT|ok
2022-01-27 13:05:24 : |AMBATUAN|ok
2022-01-27 13:05:25 : |SBSAIDAMEN|ok
2022-01-27 13:05:25 : |AAGARUDA|ok
2022-01-27 13:05:26 : |RTTAMBI|ok
2022-01-27 13:05:26 : |RSNAYRE|ok
2022-01-27 13:05:27 : |SBMAKALAPIN2|ok
2022-01-27 13:05:27 : |JAARQUIO|ok
2022-01-27 13:05:28 : |MASAMAMA|ok
2022-01-27 13:05:28 : |NBABDULCADER|ok
2022-01-27 13:05:29 : |AABACARAT|ok
2022-01-27 13:05:29 : |MMALAWI|ok
2022-01-27 13:05:30 : |DDKUSIN|ok
2022-01-27 13:05:30 : |NLKAWIT|ok
2022-01-27 13:05:31 : |MCMOHAMAD|ok
2022-01-27 13:05:31 : |STMALAWANI|ok
2022-01-27 13:05:32 : |APODEN|ok
2022-01-27 13:05:32 : |SGKARIM|ok
2022-01-27 13:05:33 : |SSGUINTA|ok
2022-01-27 13:05:34 : |APESCOLANO|ok
2022-01-27 13:05:34 : |GPJUMAOAS|ok
2022-01-27 13:05:35 : |MSFENOLA|ok
2022-01-27 13:05:35 : |FSLOGRONIO|ok
2022-01-27 13:05:36 : |GCEUCARE|ok
2022-01-27 13:05:36 : |BBBIRUAR|ok
2022-01-27 13:05:37 : |KFCANDARI|ok
2022-01-27 13:05:37 : |CSBULDA|ok
2022-01-27 13:05:38 : |JDARDENA|ok
2022-01-27 13:05:38 : |AMBERONDO|ok
2022-01-27 13:05:39 : |CGTORRES|ok
2022-01-27 13:05:39 : |JMDIMAL|ok
2022-01-27 13:05:40 : |JTSINBANGAN|ok
2022-01-27 13:05:40 : |CSORAIZ|ok
2022-01-27 13:05:41 : |EDSEGAFO|ok
2022-01-27 13:05:41 : |JAMABALOT|ok
2022-01-27 13:05:42 : |ROPADUA|ok
2022-01-27 13:05:42 : |KPLIM|ok
2022-01-27 13:05:43 : |VBGONZALES|ok
2022-01-27 13:05:43 : |BPABDULLAH|ok
2022-01-27 13:05:44 : |FBMASACAL|ok
2022-01-27 13:05:44 : |NAZACARIA|ok
2022-01-27 13:05:45 : |JBBALUNTONG|ok
2022-01-27 13:05:45 : |KAMILAR|ok
2022-01-27 13:05:46 : |ABAGUAM|ok
2022-01-27 13:05:46 : |MRDUBLIN|ok
2022-01-27 13:05:46 : |RREPANTO|ok
2022-01-27 13:05:47 : |JBMAITEM|ok
2022-01-27 13:05:48 : |VEBALBUENA|ok
2022-01-27 13:05:48 : |JMMAKASULAY|ok
2022-01-27 13:05:49 : |KDABEDES|ok
2022-01-27 13:05:49 : |MPDARAUG|ok
2022-01-27 13:05:50 : |NUSULTAN|ok
2022-01-27 13:05:50 : |RBDANIAL|ok
2022-01-27 13:05:51 : |SHREYES|ok
2022-01-27 13:05:51 : |ASGANI|ok
2022-01-27 13:05:51 : |EDREAL|ok
2022-01-27 13:05:52 : |JLLEYSON|ok
2022-01-27 13:05:52 : |ROWATIN|ok
2022-01-27 13:05:53 : |NCSUMULONG|ok
2022-01-27 13:05:53 : |ADKUNDAI|ok
2022-01-27 13:05:54 : |AASARIPADA|ok
2022-01-27 13:05:54 : |BMLABADAN|ok
2022-01-27 13:05:55 : |GTMACUHA|ok
2022-01-27 13:05:55 : |NMHADJISARIEF|ok
2022-01-27 13:05:56 : |AAGURO|ok
2022-01-27 13:05:56 : |FNISMAEL|ok
2022-01-27 13:05:57 : |LSENOBIO|ok
2022-01-27 13:05:57 : |MCENDAWI|ok
2022-01-27 13:05:58 : |RCCLEMENTES|ok
2022-01-27 13:05:58 : |DATOGONON|ok
2022-01-27 13:05:59 : |BMMUTIN|ok
2022-01-27 13:05:59 : |AGATANG|ok
2022-01-27 13:06:00 : |EEPORRAS|ok
2022-01-27 13:06:00 : |FBLAKAY|ok
2022-01-27 13:06:01 : |JUUNAK|ok
2022-01-27 13:06:01 : |LGPAJAYAO|ok
2022-01-27 13:06:02 : |PFOPING|ok
2022-01-27 13:06:02 : |RMGALINDO|ok
2022-01-27 13:06:03 : |SMMACADATO|ok
2022-01-27 13:06:04 : |AGSAGUID|ok
2022-01-27 13:06:05 : |ACAMEROL|ok
2022-01-27 13:06:06 : |EMTAN|ok
2022-01-27 13:06:06 : |JBCORTEZ|ok
2022-01-27 13:06:07 : |MDTANAEL|ok
2022-01-27 13:06:08 : |NMMAMPEN2|ok
2022-01-27 13:06:10 : |RLLANADO|ok
2022-01-27 13:06:12 : |AGSAMPAN|ok
2022-01-27 13:06:12 : |GFPARADILLO|ok
2022-01-27 13:06:13 : |NRMAROHOM|ok
2022-01-27 13:06:14 : |SBMAROHOM|ok
2022-01-27 13:06:14 : |MUKHAN|ok
2022-01-27 13:06:15 : |JBTESORO|ok
2022-01-27 13:06:15 : |MADILAUSAN|ok
2022-01-27 13:06:16 : |MRPANGANDAMAN|ok
2022-01-27 13:06:16 : |QDMACATOON|ok
2022-01-27 13:06:17 : |WTLAO|ok
2022-01-27 13:06:18 : |BPDALANDAG|ok
2022-01-27 13:06:18 : |CETALEMBO|ok
2022-01-27 13:06:19 : |MGRLabordo|ok
2022-01-27 13:06:19 : |SMHCasilagan|ok
2022-01-27 13:06:20 : |AMRacman|ok
2022-01-27 13:06:20 : |LTMiran|ok
2022-01-27 13:06:20 : |AMDRoullo|ok
2022-01-27 13:06:21 : |DLBNabor|ok
2022-01-27 13:06:22 : |DDCARBON|ok
2022-01-27 13:06:22 : |SNRHassan|ok
2022-01-27 13:06:23 : |SRSUngcar|ok
2022-01-27 13:06:23 : |ACMSanchez|ok
2022-01-27 13:06:24 : |AMRakhim|ok
2022-01-27 13:06:24 : |BAKASAN|ok
2022-01-27 13:06:25 : |NLALAB|ok
2022-01-27 13:06:25 : |RPALI|ok
2022-01-27 13:06:26 : |IJJCabilangan|ok
2022-01-27 13:06:26 : |JSMVidal|ok
2022-01-27 13:06:27 : |JSCATAAN|ok
2022-01-27 13:06:27 : |MTMacadatu|ok
2022-01-27 13:06:28 : |MJALatumbo|ok
2022-01-27 13:06:28 : |NMSolaiman|ok
2022-01-27 13:06:29 : |JMMGuyos|ok
2022-01-27 13:06:29 : |TJBWagas|ok
2022-01-27 13:06:30 : |BMFFALE|ok
2022-01-27 13:06:30 : |FJCACUPINPIN|ok
2022-01-27 13:06:31 : |CABDePedro|ok
2022-01-27 13:06:31 : |AJTMalinao|ok
2022-01-27 13:06:32 : |RIMAROHOM|ok
2022-01-27 13:06:32 : |AALayson|ok
2022-01-27 13:06:33 : |NBDelia|ok
2022-01-27 13:06:33 : |AALayson|ok
2022-01-27 13:06:34 : |NJUKhan|ok
2022-01-27 13:06:34 : |JAPedregosa|ok
2022-01-27 13:06:35 : |MLLBAYOGOS|ok
2022-01-27 13:06:35 : |MNMRamilo|ok
2022-01-27 13:06:36 : |GCBITOON|ok
2022-01-27 13:06:36 : |NMDLofranco|ok
2022-01-27 13:06:37 : |VHCCaballero|ok
2022-01-27 13:06:37 : |CKNFlores|ok
2022-01-27 13:06:38 : |NAOmar|ok
2022-01-27 13:06:38 : |JLAJunio|ok
2022-01-27 13:06:39 : |JKCDumpa|ok
2022-01-27 13:06:39 : |LMFale|ok
2022-01-27 13:06:39 : |MJALatumbo|ok
2022-01-27 13:06:40 : |GSPRotel|ok
2022-01-27 13:06:40 : |JCMCalanao|ok
2022-01-27 13:06:41 : |VLDVillaceran|ok
2022-01-27 13:06:41 : |LMTSagge|ok
2022-01-27 13:06:42 : |NSBubong|ok
2022-01-27 13:06:43 : |RTSYulores|ok
2022-01-27 13:06:44 : |NKGani|ok
2022-01-27 13:06:44 : |SAUnsa|ok
2022-01-27 13:06:45 : |SUKAdang|ok
2022-01-27 13:06:46 : |RGQUILOG|ok
2022-01-27 13:06:46 : |JABEglesia|ok
2022-01-27 13:06:47 : |FJACasa|ok
2022-01-27 13:06:47 : |JLCalipay|ok
2022-01-27 13:06:48 : |mmabdulmalik|ok
2022-01-27 13:06:48 : |MECALIBAYAN|ok
2022-01-27 13:06:49 : |RCRUAM|ok
2022-01-27 13:06:49 : |JGBTanalgo|ok
2022-01-27 13:06:50 : |CRSCalibayan|ok
2022-01-27 13:06:50 : |HGCPRIINCIPE|ok
2022-01-27 13:06:51 : |MCAAlvior|ok
2022-01-27 13:06:52 : |MLMTindoy|ok
2022-01-27 13:06:52 : |NBDelia|ok
2022-01-27 13:06:53 : |DIOTan|ok
2022-01-27 13:06:53 : |JPAmbalgan|ok
2022-01-27 13:06:54 : |PMSPaniza|ok
2022-01-27 13:06:54 : |JGQMendoza|ok
2022-01-27 13:06:55 : |QHTMandangan|ok
2022-01-27 13:06:55 : |KBTABOJARA|ok
2022-01-27 13:06:56 : |ELBANARES|ok
2022-01-27 13:06:56 : |FBBATUGAN|ok
2022-01-27 13:06:57 : |JCSARAEL|ok
2022-01-27 13:06:57 : |naamacabato|ok
2022-01-27 13:06:58 : |AABANDILA|ok
2022-01-27 13:06:58 : |NPBANALAN|ok
2022-01-27 13:06:59 : |NBMANDI|ok
2022-01-27 13:06:59 : |JRJSULPOT|ok
2022-01-27 13:07:00 : |IDESPINILLA|ok
2022-01-27 13:07:00 : |NLIBRAHIM|ok
2022-01-27 13:07:01 : |NATUDON|ok
2022-01-27 13:07:01 : |cmmarnaiz|ok
2022-01-27 13:07:02 : |FAMANADTING|ok
2022-01-27 13:07:02 : |alnespinosa|ok
2022-01-27 13:07:03 : |CMMEDIJA|ok
2022-01-27 13:07:03 : |JMBALOGBOG|ok
2022-01-27 13:07:04 : |JDARAT|ok
2022-01-27 13:07:04 : |JBETINO|ok
2022-01-27 13:07:05 : |KMDSALARDA|ok
2022-01-27 13:07:05 : |PASAmpong|ok
2022-01-27 13:07:06 : |NSSARIP|ok
2022-01-27 13:07:06 : |esbasinga|ok
2022-01-27 13:07:07 : |NUAMBOR|ok
2022-01-27 13:07:07 : |AVAARIAR|ok
2022-01-27 13:07:07 : |LJBLAGUINDAB|ok
2022-01-27 13:07:08 : |MTMONAALIM|ok
2022-01-27 14:21:23 : |DDCARBON|ok
2022-01-27 14:21:24 : |mmabdulmalik|ok
2022-01-27 14:21:24 : |naamacabato|ok
2022-01-27 14:21:25 : |JRJSULPOT|ok
2022-01-27 14:21:25 : |PASAmpong|ok
2022-01-27 14:21:26 : |esbasinga|ok
2022-01-27 14:21:26 : |NUAMBOR|ok
2022-01-27 14:21:27 : |NPBANALAN|ok
2022-01-27 14:21:27 : |NBMANDI|ok
2022-01-27 14:21:28 : |IDESPINILLA|ok
2022-01-27 14:21:28 : |NLIBRAHIM|ok
2022-01-27 14:21:29 : |cmmarnaiz|ok
2022-01-27 14:21:29 : |FAMANADTING|ok
2022-01-27 14:21:29 : |alnespinosa|ok
2022-01-27 14:21:30 : |CMMEDIJA|ok
2022-01-27 14:21:30 : |JMBALOGBOG|ok
2022-01-27 14:21:30 : |JDARAT|ok
2022-01-27 14:21:31 : |JBETINO|ok
2022-01-27 14:21:31 : |KMDSALARDA|ok
2022-01-27 14:21:32 : |NSSARIP|ok
2022-01-27 14:21:32 : |AVAARIAR|ok
2022-01-27 14:21:32 : |LJBLAGUINDAB|ok
2022-01-27 14:21:33 : |MTMONAALIM|ok
