2021-11-03 09:46:39 : alnespinosa | exists!
2021-11-03 09:46:39 : CMARNAIZ | user not exists!
2021-11-03 09:46:39 : JBMAITEM | user not exists!
2021-11-03 09:46:39 : AVAARIAR | exists!
2021-11-03 09:46:39 : ABAGUAM | user not exists!
2021-11-03 09:46:39 : OTALAWI | exists!
2021-11-03 09:46:39 : FAMANADTING | exists!
2021-11-03 09:46:39 : DPPEDRAJAS | user not exists!
2021-11-03 09:46:39 : NSSARIP | exists!
2021-11-03 09:46:39 : RREPANTO | user not exists!
2021-11-03 09:46:39 : KMDSALARDA | exists!
2021-11-03 09:46:39 : KDABEDES | user not exists!
2021-11-03 09:46:39 : DDKUSIN | user not exists!
2021-11-03 09:46:39 : NLKAWIT | user not exists!
2021-11-03 09:46:39 : GTMACUHA | user not exists!
2021-11-03 09:46:39 : JMMAKASULAY | user not exists!
2021-11-03 09:46:39 : MTMONAALIM | exists!
2021-11-03 09:46:39 : AKDEBAROSAN | user not exists!
2021-11-03 09:46:39 : JMBALOGBOG | exists!
2021-11-03 09:46:39 : CMMEDIJA | exists!
2021-11-03 09:46:39 : JDARAT | exists!
2021-11-03 09:46:39 : AMBERONDO | user not exists!
2021-11-03 09:46:39 : AAGARCIA | exists!
2021-11-03 09:46:39 : JAMABALOT | user not exists!
2021-11-03 09:46:39 : ROPADUA | user not exists!
2021-11-03 09:46:39 : BBBIRUAR | user not exists!
2021-11-03 09:46:39 : JLALEJO | exists!
2021-11-03 09:46:39 : IDESPINILLA | exists!
2021-11-03 09:46:39 : RJGAMUETA | user not exists!
2021-11-03 09:46:39 : KAUMALI | user not exists!
2021-11-03 09:46:39 : SGKARIM | user not exists!
2021-11-03 09:46:39 : APODEN | user not exists!
2021-11-03 09:46:39 : RLESPINOSA | exists!
2021-11-03 09:46:39 : NSETING | user not exists!
2021-11-03 09:46:39 : NLALVAREZ | exists!
2021-11-03 09:46:39 : NCSUMULONG | user not exists!
2021-11-03 09:46:39 : MCMAKABIRO | user not exists!
2021-11-03 09:46:39 : ATSULTAN | exists!
2021-11-03 09:46:39 : NSALAWI | exists!
2021-11-03 09:46:39 : NLIBRAHIM | exists!
2021-11-03 09:46:39 : CSORAIZ | user not exists!
2021-11-03 09:46:39 : GMQUIJANO | exists!
2021-11-03 09:46:39 : FCCASIR | user not exists!
2021-11-03 09:46:39 : AEFLORES | user not exists!
2021-11-03 09:46:39 : JCVALENCIA | exists!
2021-11-03 09:46:39 : MTBENITO | exists!
2021-11-03 09:46:39 : JCESMAIL | exists!
2021-11-03 09:46:39 : ADBAKAR | user not exists!
2021-11-03 09:46:39 : SSISMAEL | user not exists!
2021-11-03 09:46:39 : JRJABLA | user not exists!
2021-11-03 09:46:39 : JAJULIAN | user not exists!
2021-11-03 09:46:40 : HSSARIP | user not exists!
2021-11-03 09:46:40 : RDGRANDE | user not exists!
2021-11-03 09:46:40 : ADKUNDAI | user not exists!
2021-11-03 09:46:40 : JTSUMATRA | user not exists!
2021-11-03 09:46:40 : EDSEGAFO | user not exists!
2021-11-03 09:46:40 : MVARMONIO | user not exists!
2021-11-03 09:46:40 : JTLORIZO | user not exists!
2021-11-03 09:46:40 : SBMAROHOM | user not exists!
2021-11-03 09:46:40 : RDMAGDAGA | user not exists!
2021-11-03 09:46:40 : SMMANDAGAN | user not exists!
2021-11-03 09:46:40 : AASARIPADA | user not exists!
2021-11-03 09:46:40 : KAMAROHOM | user not exists!
2021-11-03 09:46:40 : NRMAROHOM | user not exists!
2021-11-03 09:46:40 : FSLOGRONIO | user not exists!
2021-11-03 09:46:40 : SCMILLAN | user not exists!
2021-11-03 09:46:40 : AAMIPUKUR | user not exists!
2021-11-03 09:46:40 : MFMIRANDA | user not exists!
2021-11-03 09:46:40 : SMLANGGUYUAN | user not exists!
2021-11-03 09:46:40 : LDMUECO | user not exists!
2021-11-03 09:46:40 : BMMUTIN | user not exists!
2021-11-03 09:46:40 : RSNAMLA | user not exists!
2021-11-03 09:46:40 : CLNARIO | user not exists!
2021-11-03 09:46:40 : JOOCHIA | user not exists!
2021-11-03 09:46:40 : ADOLALISAN | exists!
2021-11-03 09:46:40 : KTPANDI | user not exists!
2021-11-03 09:46:40 : GFPARADILLO | user not exists!
2021-11-03 09:46:40 : SBPARNAN | user not exists!
2021-11-03 09:46:40 : BLPEREYRA | user not exists!
2021-11-03 09:46:40 : STMALAWANI | user not exists!
2021-11-03 09:46:40 : AGSAMPAN | user not exists!
2021-11-03 09:46:40 : MSSAMPIGAT | user not exists!
2021-11-03 09:46:40 : AASANGCOPAN | user not exists!
2021-11-03 09:46:40 : MASEMBEGAN | user not exists!
2021-11-03 09:46:40 : ETSOLIVIO | user not exists!
2021-11-03 09:46:40 : AASONDALO | user not exists!
2021-11-03 09:46:40 : SUSUMANDAL | user not exists!
2021-11-03 09:46:40 : LISUMNDAD | user not exists!
2021-11-03 09:46:40 : BKTAHIR | user not exists!
2021-11-03 09:46:40 : ASTAMBUTO | user not exists!
2021-11-03 09:46:40 : DATOGONON | user not exists!
2021-11-03 09:46:40 : LVTOLENTINO | user not exists!
2021-11-03 09:46:40 : JHTOMARA | user not exists!
2021-11-03 09:46:40 : ADJULOYA | user not exists!
2021-11-03 09:46:40 : ALBAGUADATU | user not exists!
2021-11-03 09:46:40 : KBWAGAS | user not exists!
2021-11-03 09:46:40 : NMBAULO | user not exists!
2021-11-03 09:46:40 : NBABDULCADER | user not exists!
2021-11-03 09:46:40 : FPBATOY | user not exists!
2021-11-03 09:46:40 : NGORTIZ | user not exists!
2021-11-03 09:46:40 : GCEUCARE | user not exists!
2021-11-03 09:46:40 : FJTECSON | user not exists!
2021-11-03 09:46:40 : BTSONCIO | user not exists!
2021-11-03 09:46:40 : JAMACALANGGAN | user not exists!
2021-11-03 09:46:40 : MCMOHAMAD | user not exists!
2021-11-03 09:46:40 : MSBASUEL | user not exists!
2021-11-03 09:46:40 : JAARQUIO | user not exists!
2021-11-03 09:46:40 : JMMISSION | user not exists!
2021-11-03 09:46:40 : SSGUINTA | user not exists!
2021-11-03 09:46:40 : MPLAMOG | user not exists!
2021-11-03 09:46:40 : RADIMANGADAP | user not exists!
2021-11-03 09:46:40 : RFSUMAGANG | user not exists!
2021-11-03 09:46:40 : ADUSMAN | user not exists!
2021-11-03 09:46:40 : KFCANDARI | user not exists!
2021-11-03 09:46:40 : MASAMAMA | user not exists!
2021-11-03 09:46:40 : ANMAULAS | user not exists!
2021-11-03 09:46:40 : MMALAWI | user not exists!
2021-11-03 09:46:40 : IOJABAT | user not exists!
2021-11-03 09:46:40 : BMLABADAN | user not exists!
2021-11-03 09:46:40 : AABACARAT | user not exists!
2021-11-03 09:46:40 : VEBALBUENA | user not exists!
2021-11-03 09:46:40 : ACCARALOS | user not exists!
2021-11-03 09:46:40 : JMDIMAL | user not exists!
2021-11-03 09:46:41 : CGTORRES | user not exists!
2021-11-03 09:46:41 : LBLAGUINDAB | user not exists!
2021-11-03 09:46:41 : SMPAGULONG | user not exists!
2021-11-03 09:46:41 : HLSANTANEZ | user not exists!
2021-11-03 09:46:41 : JTSINBANGAN | user not exists!
2021-11-03 09:46:41 : ARJABAT | user not exists!
2021-11-03 09:46:41 : JBETINO | exists!
2021-11-03 09:46:41 : MRDUBLIN | user not exists!
2021-11-03 09:46:41 : JMCOPLEROS | user not exists!
2021-11-03 09:46:41 : JDALON | user not exists!
2021-11-03 09:46:41 : ACAMEROL | user not exists!
2021-11-03 09:46:41 : ELBANARES | user not exists!
2021-11-03 09:46:41 : FBBATUGAN | user not exists!
2021-11-03 09:46:41 : JSCABALATUNGAN | user not exists!
2021-11-03 09:46:41 : JPCADUNGOG | exists!
2021-11-03 09:46:41 : JKCAEL | user not exists!
2021-11-03 09:46:41 : RGCELO | user not exists!
2021-11-03 09:46:41 : RCCLEMENTES | user not exists!
2021-11-03 09:46:41 : MADAING | user not exists!
2021-11-03 09:46:41 : GRDELACRUZ | user not exists!
2021-11-03 09:46:41 : IMDELACRUZ | user not exists!
2021-11-03 09:46:41 : BLDERIADA | user not exists!
2021-11-03 09:46:41 : HDDIPATUAN | user not exists!
2021-11-03 09:46:41 : EDREAL | user not exists!
2021-11-03 09:46:41 : MCENDAWI | user not exists!
2021-11-03 09:46:41 : ESFANULAN | user not exists!
2021-11-03 09:46:41 : MSFENOLA | user not exists!
2021-11-03 09:46:41 : JEFUENTES | user not exists!
2021-11-03 09:46:41 : DJGALLEGO | user not exists!
2021-11-03 09:46:41 : ASGANI | user not exists!
2021-11-03 09:46:41 : AAGAYOSA | exists!
2021-11-03 09:46:41 : TAGUIALIL | user not exists!
2021-11-03 09:46:41 : GPJUMAOAS | user not exists!
2021-11-03 09:46:41 : CALADIONA | user not exists!
2021-11-03 09:46:41 : JLLEYSON | user not exists!
2021-11-03 09:46:41 : JGLUMBAY | user not exists!
2021-11-03 09:46:41 : JRLUNDUNGAN | user not exists!
2021-11-03 09:46:41 : NMMAMPEN | exists!
2021-11-03 09:46:41 : SRMANATAD | user not exists!
2021-11-03 09:46:41 : KAMILAR | user not exists!
2021-11-03 09:46:41 : MSPASAWILAN | user not exists!
2021-11-03 09:46:41 : ELPASION | user not exists!
2021-11-03 09:46:41 : NDROALES | user not exists!
2021-11-03 09:46:41 : AGSAGUID | user not exists!
2021-11-03 09:46:41 : MASALMAN | user not exists!
2021-11-03 09:46:41 : JCSARAEL | user not exists!
2021-11-03 09:46:41 : OKMATAS | exists!
2021-11-03 09:46:41 : LBSERVANEZJR | user not exists!
2021-11-03 09:46:41 : KSPECHINO | user not exists!
2021-11-03 09:46:41 : LRSURIA | user not exists!
2021-11-03 09:46:41 : SSTABION | user not exists!
2021-11-03 09:46:41 : RTTAMBI | user not exists!
2021-11-03 09:46:41 : MDTANAEL | user not exists!
2021-11-03 09:46:41 : HMTOMBALE | user not exists!
2021-11-03 09:46:41 : MCUMPAR | user not exists!
2021-11-03 09:46:41 : RGVALMORES | user not exists!
2021-11-03 09:46:41 : ROWATIN | user not exists!
2021-11-03 09:46:41 : RLLANADO | user not exists!
2021-11-03 09:46:41 : FDBALINDONG | user not exists!
2021-11-03 09:46:41 : JBBALUNTONG | user not exists!
2021-11-03 09:46:41 : JBCORTEZ | user not exists!
2021-11-03 09:46:41 : BPDALANDAG | user not exists!
2021-11-03 09:46:41 : JCOCCENO | user not exists!
2021-11-03 09:46:41 : MLFADERAN | user not exists!
2021-11-03 09:46:41 : JCMACADATO | user not exists!
2021-11-03 09:46:41 : ACSARIPADA | user not exists!
2021-11-03 09:46:42 : CETALEMBO | user not exists!
2021-11-03 09:46:42 : SMTAMBAWANG | user not exists!
2021-11-03 09:46:42 : EMTAN | user not exists!
2021-11-03 09:46:42 : AAGARUDA | user not exists!
2021-11-03 09:46:42 : SBMAKALAPIN | exists!
2021-11-03 09:46:42 : RSNAYRE | user not exists!
2021-11-03 09:46:42 : AGMAROHOM | user not exists!
2021-11-03 09:46:42 : BPABDULLAH | user not exists!
2021-11-03 09:46:42 : GSDELAROSA | user not exists!
2021-11-03 09:46:42 : ZTAMPUAN | user not exists!
2021-11-03 09:46:42 : AGATANG | user not exists!
2021-11-03 09:46:42 : CDBATAANON | user not exists!
2021-11-03 09:46:42 : NPBANALAN | user not exists!
2021-11-03 09:46:42 : FBLAKAY | user not exists!
2021-11-03 09:46:42 : JBTESORO | user not exists!
2021-11-03 09:46:42 : LSGUIAMAD | user not exists!
2021-11-03 09:46:42 : ASCANDA | user not exists!
2021-11-03 09:46:42 : JDCOHAN | user not exists!
2021-11-03 09:46:42 : RBDANIAL | user not exists!
2021-11-03 09:46:42 : MPDARAUG | user not exists!
2021-11-03 09:46:42 : VBGONZALES | user not exists!
2021-11-03 09:46:42 : GSDIGAN | user not exists!
2021-11-03 09:46:42 : MADILAUSAN | user not exists!
2021-11-03 09:46:42 : HDDIPATUAN | user not exists!
2021-11-03 09:46:42 : APESCOLANO | user not exists!
2021-11-03 09:46:42 : JLFANUNCIO | user not exists!
2021-11-03 09:46:42 : QDMACATOON | user not exists!
2021-11-03 09:46:42 : HMFUNGAN | user not exists!
2021-11-03 09:46:42 : NBMANDI | exists!
2021-11-03 09:46:42 : NLGASANG | user not exists!
2021-11-03 09:46:42 : MBGAYAK | user not exists!
2021-11-03 09:46:42 : LGPAJAYAO | user not exists!
2021-11-03 09:46:42 : FMELIAS | user not exists!
2021-11-03 09:46:42 : FNISMAEL | user not exists!
2021-11-03 09:46:42 : JBPIKIT | user not exists!
2021-11-03 09:46:42 : FBMASACAL | user not exists!
2021-11-03 09:46:42 : WTLAO | user not exists!
2021-11-03 09:46:42 : APLAWIAN | user not exists!
2021-11-03 09:46:42 : SMMACADATO | user not exists!
2021-11-03 09:46:42 : GCRODRIGUEZ | exists!
2021-11-03 09:46:42 : NMHADJISARIEF | user not exists!
2021-11-03 09:46:42 : MSABDULFATTAH | user not exists!
2021-11-03 09:46:42 : PFOPING | user not exists!
2021-11-03 09:46:42 : SHREYES | user not exists!
2021-11-03 09:46:42 : LSENOBIO | user not exists!
2021-11-03 09:46:42 : SLSALIF | user not exists!
2021-11-03 09:46:42 : AASANDEK | user not exists!
2021-11-03 09:46:42 : ETSIMSON | user not exists!
2021-11-03 09:46:42 : NUSULTAN | user not exists!
2021-11-03 09:46:42 : EEPORRAS | user not exists!
2021-11-03 09:46:42 : KBTABOJARA | user not exists!
2021-11-03 09:46:42 : ASTAMAMA | user not exists!
2021-11-03 09:46:42 : JUUNAK | user not exists!
2021-11-03 09:46:42 : HUUTTO | user not exists!
2021-11-03 09:46:42 : NAZACARIA | user not exists!
2021-11-03 09:46:42 : JDIBRAHIM | user not exists!
2021-11-03 09:46:42 : AFLIMBAG | user not exists!
2021-11-03 09:46:42 : AAGURO | user not exists!
2021-11-03 09:46:42 : RASOLAIMAN | user not exists!
2021-11-03 09:46:42 : NDMACARAMPAT | user not exists!
2021-11-03 09:46:42 : SBSAIDAMEN | user not exists!
2021-11-03 09:46:42 : MUKHAN | user not exists!
2021-11-03 09:46:42 : DMUMADHAY | exists!
2021-11-03 09:46:42 : MRPANGANDAMAN | user not exists!
2021-11-03 09:46:42 : MMESTABILLO | user not exists!
2021-11-03 09:46:42 : FTBANSIL | user not exists!
2021-11-03 09:46:42 : AMBATUAN | user not exists!
2021-11-03 09:46:42 : ASDERASAMUN | user not exists!
2021-11-03 09:46:42 : AKSARIP | user not exists!
2021-11-03 09:46:42 : JDARDENA | user not exists!
2021-11-03 09:46:42 : KPPAREJA | user not exists!
2021-11-03 09:46:42 : RMGALINDO | user not exists!
2021-11-03 09:46:42 : CSBULDA | user not exists!
2021-11-03 09:46:42 : DMMAGBANUA | user not exists!
2021-11-03 09:46:42 : NROLIVARES | user not exists!
2021-11-03 09:46:42 : KPLIM | user not exists!
2021-11-03 11:15:37 : JLALEJO2 | |ser not exists!
2021-11-03 11:15:37 : RLESPINOSA2 | |ser not exists!
2021-11-03 11:15:37 : NLALVAREZ2 | |ser not exists!
2021-11-03 11:15:37 : ATSULTAN2 | |ser not exists!
2021-11-03 11:15:37 : GMQUIJANO2 | |ser not exists!
2021-11-03 11:15:37 : JCVALENCIA2 | |ser not exists!
2021-11-03 11:15:37 : MTBENITO2 | |ser not exists!
2021-11-03 11:15:37 : JCESMAIL2 | |ser not exists!
2021-11-03 11:15:37 : ADOLALISAN2 | |ser not exists!
2021-11-03 11:15:37 : JPCADUNGOG2 | |ser not exists!
2021-11-03 11:15:37 : AAGAYOSA2 | |ser not exists!
2021-11-03 11:15:37 : NMMAMPEN2 | |ser not exists!
2021-11-03 11:15:37 : SBMAKALAPIN2 | |ser not exists!
2021-11-03 11:15:37 : GCRODRIGUEZ2 | |ser not exists!
2021-11-03 11:15:37 : JBMAITEM | |ser not exists!
2021-11-03 11:15:37 : ABAGUAM | |ser not exists!
2021-11-03 11:15:37 : RREPANTO | |ser not exists!
2021-11-03 11:15:37 : KDABEDES | |ser not exists!
2021-11-03 11:15:37 : DDKUSIN | |ser not exists!
2021-11-03 11:15:37 : NLKAWIT | |ser not exists!
2021-11-03 11:15:37 : GTMACUHA | |ser not exists!
2021-11-03 11:15:37 : JMMAKASULAY | |ser not exists!
2021-11-03 11:15:37 : AKDEBAROSAN | |ser not exists!
2021-11-03 11:15:37 : AMBERONDO | |ser not exists!
2021-11-03 11:15:37 : JAMABALOT | |ser not exists!
2021-11-03 11:15:37 : ROPADUA | |ser not exists!
2021-11-03 11:15:37 : BBBIRUAR | |ser not exists!
2021-11-03 11:15:37 : KAUMALI | |ser not exists!
2021-11-03 11:15:37 : SGKARIM | |ser not exists!
2021-11-03 11:15:37 : APODEN | |ser not exists!
2021-11-03 11:15:37 : NSETING | |ser not exists!
2021-11-03 11:15:37 : NCSUMULONG | |ser not exists!
2021-11-03 11:15:37 : MCMAKABIRO | |ser not exists!
2021-11-03 11:15:37 : CSORAIZ | |ser not exists!
2021-11-03 11:15:37 : FCCASIR | |ser not exists!
2021-11-03 11:15:37 : AEFLORES | |ser not exists!
2021-11-03 11:15:37 : ADBAKAR | |ser not exists!
2021-11-03 11:15:37 : SSISMAEL | |ser not exists!
2021-11-03 11:15:37 : JRJABLA | |ser not exists!
2021-11-03 11:15:37 : JAJULIAN | |ser not exists!
2021-11-03 11:15:37 : HSSARIP | |ser not exists!
2021-11-03 11:15:37 : RDGRANDE | |ser not exists!
2021-11-03 11:15:37 : ADKUNDAI | |ser not exists!
2021-11-03 11:15:37 : JTSUMATRA | |ser not exists!
2021-11-03 11:15:37 : EDSEGAFO | |ser not exists!
2021-11-03 11:15:37 : MVARMONIO | |ser not exists!
2021-11-03 11:15:37 : JTLORIZO | |ser not exists!
2021-11-03 11:15:37 : SBMAROHOM | |ser not exists!
2021-11-03 11:15:37 : RDMAGDAGA | |ser not exists!
2021-11-03 11:15:37 : SMMANDAGAN | |ser not exists!
2021-11-03 11:15:37 : AASARIPADA | |ser not exists!
2021-11-03 11:15:37 : KAMAROHOM | |ser not exists!
2021-11-03 11:15:37 : NRMAROHOM | |ser not exists!
2021-11-03 11:15:37 : FSLOGRONIO | |ser not exists!
2021-11-03 11:15:37 : SCMILLAN | |ser not exists!
2021-11-03 11:15:37 : AAMIPUKUR | |ser not exists!
2021-11-03 11:15:37 : MFMIRANDA | |ser not exists!
2021-11-03 11:15:37 : SMLANGGUYUAN | |ser not exists!
2021-11-03 11:15:37 : LDMUECO | |ser not exists!
2021-11-03 11:15:37 : BMMUTIN | |ser not exists!
2021-11-03 11:15:37 : RSNAMLA | |ser not exists!
2021-11-03 11:15:37 : CLNARIO | |ser not exists!
2021-11-03 11:15:37 : JOOCHIA | |ser not exists!
2021-11-03 11:15:37 : KTPANDI | |ser not exists!
2021-11-03 11:15:37 : GFPARADILLO | |ser not exists!
2021-11-03 11:15:37 : SBPARNAN | |ser not exists!
2021-11-03 11:15:37 : BLPEREYRA | |ser not exists!
2021-11-03 11:15:37 : STMALAWANI | |ser not exists!
2021-11-03 11:15:37 : AGSAMPAN | |ser not exists!
2021-11-03 11:15:37 : MSSAMPIGAT | |ser not exists!
2021-11-03 11:15:37 : AASANGCOPAN | |ser not exists!
2021-11-03 11:15:37 : MASEMBEGAN | |ser not exists!
2021-11-03 11:15:37 : ETSOLIVIO | |ser not exists!
2021-11-03 11:15:37 : AASONDALO | |ser not exists!
2021-11-03 11:15:37 : SUSUMANDAL | |ser not exists!
2021-11-03 11:15:37 : LISUMNDAD | |ser not exists!
2021-11-03 11:15:37 : BKTAHIR | |ser not exists!
2021-11-03 11:15:37 : ASTAMBUTO | |ser not exists!
2021-11-03 11:15:38 : DATOGONON | |ser not exists!
2021-11-03 11:15:38 : LVTOLENTINO | |ser not exists!
2021-11-03 11:15:38 : JHTOMARA | |ser not exists!
2021-11-03 11:15:38 : ADJULOYA | |ser not exists!
2021-11-03 11:15:38 : ALBAGUADATU | |ser not exists!
2021-11-03 11:15:38 : KBWAGAS | |ser not exists!
2021-11-03 11:15:38 : NMBAULO | |ser not exists!
2021-11-03 11:15:38 : NBABDULCADER | |ser not exists!
2021-11-03 11:15:38 : FPBATOY | |ser not exists!
2021-11-03 11:15:38 : NGORTIZ | |ser not exists!
2021-11-03 11:15:38 : GCEUCARE | |ser not exists!
2021-11-03 11:15:38 : FJTECSON | |ser not exists!
2021-11-03 11:15:38 : BTSONCIO | |ser not exists!
2021-11-03 11:15:38 : JAMACALANGGAN | |ser not exists!
2021-11-03 11:15:38 : MCMOHAMAD | |ser not exists!
2021-11-03 11:15:38 : MSBASUEL | |ser not exists!
2021-11-03 11:15:38 : JAARQUIO | |ser not exists!
2021-11-03 11:15:38 : JMMISSION | |ser not exists!
2021-11-03 11:15:38 : SSGUINTA | |ser not exists!
2021-11-03 11:15:38 : MPLAMOG | |ser not exists!
2021-11-03 11:15:38 : RADIMANGADAP | |ser not exists!
2021-11-03 11:15:38 : RFSUMAGANG | |ser not exists!
2021-11-03 11:15:38 : ADUSMAN | |ser not exists!
2021-11-03 11:15:38 : KFCANDARI | |ser not exists!
2021-11-03 11:15:38 : MASAMAMA | |ser not exists!
2021-11-03 11:15:38 : ANMAULAS | |ser not exists!
2021-11-03 11:15:38 : MMALAWI | |ser not exists!
2021-11-03 11:15:38 : IOJABAT | |ser not exists!
2021-11-03 11:15:38 : BMLABADAN | |ser not exists!
2021-11-03 11:15:38 : AABACARAT | |ser not exists!
2021-11-03 11:15:38 : VEBALBUENA | |ser not exists!
2021-11-03 11:15:38 : ACCARALOS | |ser not exists!
2021-11-03 11:15:38 : JMDIMAL | |ser not exists!
2021-11-03 11:15:38 : CGTORRES | |ser not exists!
2021-11-03 11:15:38 : SMPAGULONG | |ser not exists!
2021-11-03 11:15:38 : HLSANTANEZ | |ser not exists!
2021-11-03 11:15:38 : JTSINBANGAN | |ser not exists!
2021-11-03 11:15:38 : ARJABAT | |ser not exists!
2021-11-03 11:15:38 : MRDUBLIN | |ser not exists!
2021-11-03 11:15:38 : JMCOPLEROS | |ser not exists!
2021-11-03 11:15:38 : JDALON | |ser not exists!
2021-11-03 11:15:38 : ACAMEROL | |ser not exists!
2021-11-03 11:15:38 : ELBANARES | |ser not exists!
2021-11-03 11:15:38 : FBBATUGAN | |ser not exists!
2021-11-03 11:15:38 : JSCABALATUNGAN | |ser not exists!
2021-11-03 11:15:38 : JKCAEL | |ser not exists!
2021-11-03 11:15:38 : RGCELO | |ser not exists!
2021-11-03 11:15:38 : RCCLEMENTES | |ser not exists!
2021-11-03 11:15:38 : MADAING | |ser not exists!
2021-11-03 11:15:38 : GRDELACRUZ | |ser not exists!
2021-11-03 11:15:38 : IMDELACRUZ | |ser not exists!
2021-11-03 11:15:38 : BLDERIADA | |ser not exists!
2021-11-03 11:15:38 : HDDIPATUAN | |ser not exists!
2021-11-03 11:15:38 : EDREAL | |ser not exists!
2021-11-03 11:15:38 : MCENDAWI | |ser not exists!
2021-11-03 11:15:38 : ESFANULAN | |ser not exists!
2021-11-03 11:15:38 : MSFENOLA | |ser not exists!
2021-11-03 11:15:38 : JEFUENTES | |ser not exists!
2021-11-03 11:15:38 : DJGALLEGO | |ser not exists!
2021-11-03 11:15:38 : ASGANI | |ser not exists!
2021-11-03 11:15:38 : TAGUIALIL | |ser not exists!
2021-11-03 11:15:38 : GPJUMAOAS | |ser not exists!
2021-11-03 11:15:38 : CALADIONA | |ser not exists!
2021-11-03 11:15:38 : JLLEYSON | |ser not exists!
2021-11-03 11:15:38 : JGLUMBAY | |ser not exists!
2021-11-03 11:15:38 : JRLUNDUNGAN | |ser not exists!
2021-11-03 11:15:38 : SRMANATAD | |ser not exists!
2021-11-03 11:15:38 : KAMILAR | |ser not exists!
2021-11-03 11:15:38 : MSPASAWILAN | |ser not exists!
2021-11-03 11:15:38 : ELPASION | |ser not exists!
2021-11-03 11:15:38 : NDROALES | |ser not exists!
2021-11-03 11:15:38 : AGSAGUID | |ser not exists!
2021-11-03 11:15:38 : MASALMAN | |ser not exists!
2021-11-03 11:15:38 : JCSARAEL | |ser not exists!
2021-11-03 11:15:38 : LBSERVANEZJR | |ser not exists!
2021-11-03 11:15:38 : KSPECHINO | |ser not exists!
2021-11-03 11:15:38 : LRSURIA | |ser not exists!
2021-11-03 11:15:38 : SSTABION | |ser not exists!
2021-11-03 11:15:38 : RTTAMBI | |ser not exists!
2021-11-03 11:15:38 : MDTANAEL | |ser not exists!
2021-11-03 11:15:38 : HMTOMBALE | |ser not exists!
2021-11-03 11:15:38 : MCUMPAR | |ser not exists!
2021-11-03 11:15:38 : RGVALMORES | |ser not exists!
2021-11-03 11:15:38 : ROWATIN | |ser not exists!
2021-11-03 11:15:38 : RLLANADO | |ser not exists!
2021-11-03 11:15:38 : FDBALINDONG | |ser not exists!
2021-11-03 11:15:38 : JBBALUNTONG | |ser not exists!
2021-11-03 11:15:38 : JBCORTEZ | |ser not exists!
2021-11-03 11:15:38 : BPDALANDAG | |ser not exists!
2021-11-03 11:15:38 : JCOCCENO | |ser not exists!
2021-11-03 11:15:38 : MLFADERAN | |ser not exists!
2021-11-03 11:15:38 : JCMACADATO | |ser not exists!
2021-11-03 11:15:38 : ACSARIPADA | |ser not exists!
2021-11-03 11:15:38 : CETALEMBO | |ser not exists!
2021-11-03 11:15:38 : SMTAMBAWANG | |ser not exists!
2021-11-03 11:15:38 : EMTAN | |ser not exists!
2021-11-03 11:15:38 : AAGARUDA | |ser not exists!
2021-11-03 11:15:38 : RSNAYRE | |ser not exists!
2021-11-03 11:15:38 : AGMAROHOM | |ser not exists!
2021-11-03 11:15:38 : BPABDULLAH | |ser not exists!
2021-11-03 11:15:38 : GSDELAROSA | |ser not exists!
2021-11-03 11:15:38 : ZTAMPUAN | |ser not exists!
2021-11-03 11:15:38 : AGATANG | |ser not exists!
2021-11-03 11:15:38 : CDBATAANON | |ser not exists!
2021-11-03 11:15:38 : NPBANALAN | |ser not exists!
2021-11-03 11:15:38 : FBLAKAY | |ser not exists!
2021-11-03 11:15:38 : JBTESORO | |ser not exists!
2021-11-03 11:15:38 : LSGUIAMAD | |ser not exists!
2021-11-03 11:15:38 : ASCANDA | |ser not exists!
2021-11-03 11:15:38 : JDCOHAN | |ser not exists!
2021-11-03 11:15:38 : RBDANIAL | |ser not exists!
2021-11-03 11:15:38 : MPDARAUG | |ser not exists!
2021-11-03 11:15:39 : VBGONZALES | |ser not exists!
2021-11-03 11:15:39 : GSDIGAN | |ser not exists!
2021-11-03 11:15:39 : MADILAUSAN | |ser not exists!
2021-11-03 11:15:39 : HDDIPATUAN | |ser not exists!
2021-11-03 11:15:39 : APESCOLANO | |ser not exists!
2021-11-03 11:15:39 : JLFANUNCIO | |ser not exists!
2021-11-03 11:15:39 : QDMACATOON | |ser not exists!
2021-11-03 11:15:39 : HMFUNGAN | |ser not exists!
2021-11-03 11:15:39 : NLGASANG | |ser not exists!
2021-11-03 11:15:39 : MBGAYAK | |ser not exists!
2021-11-03 11:15:39 : LGPAJAYAO | |ser not exists!
2021-11-03 11:15:39 : FMELIAS | |ser not exists!
2021-11-03 11:15:39 : FNISMAEL | |ser not exists!
2021-11-03 11:15:39 : JBPIKIT | |ser not exists!
2021-11-03 11:15:39 : FBMASACAL | |ser not exists!
2021-11-03 11:15:39 : WTLAO | |ser not exists!
2021-11-03 11:15:39 : APLAWIAN | |ser not exists!
2021-11-03 11:15:39 : SMMACADATO | |ser not exists!
2021-11-03 11:15:39 : NMHADJISARIEF | |ser not exists!
2021-11-03 11:15:39 : MSABDULFATTAH | |ser not exists!
2021-11-03 11:15:39 : PFOPING | |ser not exists!
2021-11-03 11:15:39 : SHREYES | |ser not exists!
2021-11-03 11:15:39 : LSENOBIO | |ser not exists!
2021-11-03 11:15:39 : SLSALIF | |ser not exists!
2021-11-03 11:15:39 : AASANDEK | |ser not exists!
2021-11-03 11:15:39 : ETSIMSON | |ser not exists!
2021-11-03 11:15:39 : NUSULTAN | |ser not exists!
2021-11-03 11:15:39 : EEPORRAS | |ser not exists!
2021-11-03 11:15:39 : KBTABOJARA | |ser not exists!
2021-11-03 11:15:39 : ASTAMAMA | |ser not exists!
2021-11-03 11:15:39 : JUUNAK | |ser not exists!
2021-11-03 11:15:39 : HUUTTO | |ser not exists!
2021-11-03 11:15:39 : NAZACARIA | |ser not exists!
2021-11-03 11:15:39 : JDIBRAHIM | |ser not exists!
2021-11-03 11:15:39 : AFLIMBAG | |ser not exists!
2021-11-03 11:15:39 : AAGURO | |ser not exists!
2021-11-03 11:15:39 : RASOLAIMAN | |ser not exists!
2021-11-03 11:15:39 : NDMACARAMPAT | |ser not exists!
2021-11-03 11:15:39 : SBSAIDAMEN | |ser not exists!
2021-11-03 11:15:39 : MUKHAN | |ser not exists!
2021-11-03 11:15:39 : MRPANGANDAMAN | |ser not exists!
2021-11-03 11:15:39 : MMESTABILLO | |ser not exists!
2021-11-03 11:15:39 : FTBANSIL | |ser not exists!
2021-11-03 11:15:39 : AMBATUAN | |ser not exists!
2021-11-03 11:15:39 : ASDERASAMUN | |ser not exists!
2021-11-03 11:15:39 : AKSARIP | |ser not exists!
2021-11-03 11:15:39 : JDARDENA | |ser not exists!
2021-11-03 11:15:39 : KPPAREJA | |ser not exists!
2021-11-03 11:15:39 : RMGALINDO | |ser not exists!
2021-11-03 11:15:39 : CSBULDA | |ser not exists!
2021-11-03 11:15:39 : DMMAGBANUA | |ser not exists!
2021-11-03 11:15:39 : NROLIVARES | |ser not exists!
2021-11-03 11:15:39 : KPLIM | |ser not exists!
