2021-11-22 11:25:19 : Target groups do not exist!
2021-11-22 11:27:42 : Target groups do not exist!
2021-11-22 11:37:50 : Target groups do not exist!
2021-11-22 11:43:27 : Target groups do not exist!
2021-11-22 11:44:37 : Target groups do not exist!
2021-11-22 11:46:57 : 0
2021-11-22 11:48:28 : FTBANSIL does not exists!
2021-11-22 11:49:49 : Unknown error!
2021-11-22 11:51:15 : Unknown error!0 1
2021-11-22 12:03:40 : 0
2021-11-22 12:04:17 : AKSARIP exists!
2021-11-22 12:05:05 : 0
2021-11-22 12:06:06 : 0
2021-11-22 12:07:20 : 0
2021-11-22 12:08:28 : 0
2021-11-22 12:10:47 : ELINA T. SOLIVIO successfully added to 12_SSLVPN_GRP_ACL,12-SSL-groups, and 12-PPPP-GRP groups!   
2021-11-22 12:12:00 : JENNY T. SUMATRA successfully added to 12_SSLVPN_GRP_ACL,12-SSL-groups, and 12-PPPP-GRP groups!   
2021-11-22 12:12:01 : ALINOR S. DERASAMUN successfully added to 12_SSLVPN_GRP_ACL,12-SSL-groups, and 12-PPPP-GRP groups!   
2021-11-22 12:12:01 : ENRILO T. SIMSON successfully added to 12_SSLVPN_GRP_ACL,12-SSL-groups, and 12-PPPP-GRP groups!   
2021-11-22 12:12:01 : JANICE E. FUENTES successfully added to 12_SSLVPN_GRP_ACL,12-SSL-groups, and 12-PPPP-GRP groups!   
2021-11-22 12:12:01 : LUVIMIN B. SERVANEZ JR. successfully added to 12_SSLVPN_GRP_ACL,12-SSL-groups, and 12-PPPP-GRP groups!   
2021-11-22 12:12:01 : JULIEVY T. LORIZO successfully added to 12_SSLVPN_GRP_ACL,12-SSL-groups, and 12-PPPP-GRP groups!   
2021-11-22 12:12:02 : LEA V. TOLENTINO successfully added to 12_SSLVPN_GRP_ACL,12-SSL-groups, and 12-PPPP-GRP groups!   
2021-11-22 12:12:02 : APRIL NAVELLE D. JULOYA successfully added to 12_SSLVPN_GRP_ACL,12-SSL-groups, and 12-PPPP-GRP groups!   
2021-11-22 12:12:02 : MEGAN GOLD S. BASUEL successfully added to 12_SSLVPN_GRP_ACL,12-SSL-groups, and 12-PPPP-GRP groups!   
2021-11-22 12:12:02 : JUHAIRY A. MACALANGGAN successfully added to 12_SSLVPN_GRP_ACL,12-SSL-groups, and 12-PPPP-GRP groups!   
2021-11-22 12:12:02 : KAHIR T. PANDI successfully added to 12_SSLVPN_GRP_ACL,12-SSL-groups, and 12-PPPP-GRP groups!   
2021-11-22 12:12:03 : MALEEHA A. SALMAN successfully added to 12_SSLVPN_GRP_ACL,12-SSL-groups, and 12-PPPP-GRP groups!   
2021-11-22 12:12:03 : ALI BASHIR K. DEBAROSAN successfully added to 12_SSLVPN_GRP_ACL,12-SSL-groups, and 12-PPPP-GRP groups!   
2021-11-22 12:12:03 : Noraima S. Eting successfully added to 12_SSLVPN_GRP_ACL,12-SSL-groups, and 12-PPPP-GRP groups!   
2021-11-22 12:12:03 : JUHARIA C. ESMAIL successfully added to 12_SSLVPN_GRP_ACL,12-SSL-groups, and 12-PPPP-GRP groups!   
2021-11-22 12:12:03 : MA. ERYLIE S. SAMPIGAT successfully added to 12_SSLVPN_GRP_ACL,12-SSL-groups, and 12-PPPP-GRP groups!   
2021-11-22 12:12:04 : MAHID T. BENITO successfully added to 12_SSLVPN_GRP_ACL,12-SSL-groups, and 12-PPPP-GRP groups!   
2021-11-22 12:12:04 : FAYE DIANNE J. TECSON successfully added to 12_SSLVPN_GRP_ACL,12-SSL-groups, and 12-PPPP-GRP groups!   
2021-11-22 12:12:04 : GERLIE S. DELAROSA successfully added to 12_SSLVPN_GRP_ACL,12-SSL-groups, and 12-PPPP-GRP groups!   
2021-11-22 12:12:04 : ANABELLE R. JABAT successfully added to 12_SSLVPN_GRP_ACL,12-SSL-groups, and 12-PPPP-GRP groups!   
2021-11-22 12:12:04 : ASNAIRAH A. SANGCOPAN successfully added to 12_SSLVPN_GRP_ACL,12-SSL-groups, and 12-PPPP-GRP groups!   
2021-11-22 12:12:04 : JENNELYN R. JABLA successfully added to 12_SSLVPN_GRP_ACL,12-SSL-groups, and 12-PPPP-GRP groups!   
2021-11-22 12:12:05 : JUNELLEN O. OCHIA successfully added to 12_SSLVPN_GRP_ACL,12-SSL-groups, and 12-PPPP-GRP groups!   
2021-11-22 12:12:05 : HANIRA D. DIPATUAN successfully added to 12_SSLVPN_GRP_ACL,12-SSL-groups, and 12-PPPP-GRP groups!   
2021-11-22 12:12:05 : JENNY L. FANUNCIO successfully added to 12_SSLVPN_GRP_ACL,12-SSL-groups, and 12-PPPP-GRP groups!   
2021-11-22 12:12:05 : Andrea A. Gayosa successfully added to 12_SSLVPN_GRP_ACL,12-SSL-groups, and 12-PPPP-GRP groups!   
2021-11-22 12:12:05 : Daisy J. Gallego successfully added to 12_SSLVPN_GRP_ACL,12-SSL-groups, and 12-PPPP-GRP groups!   
2021-11-22 12:12:05 : GARY ZALDY R. DELA CRUZ successfully added to 12_SSLVPN_GRP_ACL,12-SSL-groups, and 12-PPPP-GRP groups!   
2021-11-22 12:12:06 : JOANNA DAISY S. CABALATUNGAN successfully added to 12_SSLVPN_GRP_ACL,12-SSL-groups, and 12-PPPP-GRP groups!   
2021-11-22 12:12:06 : SAUDA M. TAMBAWANG successfully added to 12_SSLVPN_GRP_ACL,12-SSL-groups, and 12-PPPP-GRP groups!   
2021-11-22 12:12:06 : JERRY C. VALENCIA successfully added to 12_SSLVPN_GRP_ACL,12-SSL-groups, and 12-PPPP-GRP groups!   
2021-11-22 12:12:06 : KRISTINE A. UMALI successfully added to 12_SSLVPN_GRP_ACL,12-SSL-groups, and 12-PPPP-GRP groups!   
2021-11-22 12:12:07 : NIXIE REX G. ORTIZ successfully added to 12_SSLVPN_GRP_ACL,12-SSL-groups, and 12-PPPP-GRP groups!   
2021-11-22 12:12:07 : NORJANNAH M. BAULO successfully added to 12_SSLVPN_GRP_ACL,12-SSL-groups, and 12-PPPP-GRP groups!   
2021-11-22 12:12:07 : RAIHANA D. MAGDAGA successfully added to 12_SSLVPN_GRP_ACL,12-SSL-groups, and 12-PPPP-GRP groups!   
2021-11-22 12:12:07 : ROSNIA D. GRANDE successfully added to 12_SSLVPN_GRP_ACL,12-SSL-groups, and 12-PPPP-GRP groups!   
2021-11-22 12:12:07 : KAREEN GAY B. WAGAS successfully added to 12_SSLVPN_GRP_ACL,12-SSL-groups, and 12-PPPP-GRP groups!   
2021-11-22 12:12:07 : CHARLIE ALBERT L. NARIO successfully added to 12_SSLVPN_GRP_ACL,12-SSL-groups, and 12-PPPP-GRP groups!   
2021-11-22 12:12:07 : KHABEB A. MAROHOM successfully added to 12_SSLVPN_GRP_ACL,12-SSL-groups, and 12-PPPP-GRP groups!   
2021-11-22 12:12:08 : ALHAFZA L. BAGUADATU successfully added to 12_SSLVPN_GRP_ACL,12-SSL-groups, and 12-PPPP-GRP groups!   
2021-11-22 12:12:08 : BAI QUEENIE K. TAHIR successfully added to 12_SSLVPN_GRP_ACL,12-SSL-groups, and 12-PPPP-GRP groups!   
2021-11-22 12:12:08 : AKLIMA D. BAKAR successfully added to 12_SSLVPN_GRP_ACL,12-SSL-groups, and 12-PPPP-GRP groups!   
2021-11-22 12:12:08 : RYAN A. SOLAIMAN successfully added to 12_SSLVPN_GRP_ACL,12-SSL-groups, and 12-PPPP-GRP groups!   
2021-11-22 12:12:08 : ASRAF C. SARIPADA successfully added to 12_SSLVPN_GRP_ACL,12-SSL-groups, and 12-PPPP-GRP groups!   
2021-11-22 12:12:09 : MONESAH A. DAING successfully added to 12_SSLVPN_GRP_ACL,12-SSL-groups, and 12-PPPP-GRP groups!   
2021-11-22 12:12:09 : RENIEL F. SUMAGANG successfully added to 12_SSLVPN_GRP_ACL,12-SSL-groups, and 12-PPPP-GRP groups!   
2021-11-22 12:12:09 : KRISTINE P. PAREJA successfully added to 12_SSLVPN_GRP_ACL,12-SSL-groups, and 12-PPPP-GRP groups!   
2021-11-22 12:12:09 : JENNY ANNE M. MISSION successfully added to 12_SSLVPN_GRP_ACL,12-SSL-groups, and 12-PPPP-GRP groups!   
2021-11-22 12:12:09 : SAILANIE M. MANDAGAN successfully added to 12_SSLVPN_GRP_ACL,12-SSL-groups, and 12-PPPP-GRP groups!   
2021-11-22 12:12:09 : GADO S. DIGAN successfully added to 12_SSLVPN_GRP_ACL,12-SSL-groups, and 12-PPPP-GRP groups!   
2021-11-22 12:12:10 : HASEL m. Fungan successfully added to 12_SSLVPN_GRP_ACL,12-SSL-groups, and 12-PPPP-GRP groups!   
2021-11-22 12:12:10 : JEAN JOY D. COHAN successfully added to 12_SSLVPN_GRP_ACL,12-SSL-groups, and 12-PPPP-GRP groups!   
2021-11-22 12:12:10 : SEBASTIAN L. SALIF successfully added to 12_SSLVPN_GRP_ACL,12-SSL-groups, and 12-PPPP-GRP groups!   
2021-11-22 12:12:10 : CASIMERO A. LADIONA successfully added to 12_SSLVPN_GRP_ACL,12-SSL-groups, and 12-PPPP-GRP groups!   
2021-11-22 12:12:10 : HDDIPATUAN exists!
2021-11-22 12:12:10 : JIM D. ALON successfully added to 12_SSLVPN_GRP_ACL,12-SSL-groups, and 12-PPPP-GRP groups!   
2021-11-22 12:12:10 : Rehanna G. Valmores successfully added to 12_SSLVPN_GRP_ACL,12-SSL-groups, and 12-PPPP-GRP groups!   
2021-11-22 12:12:11 : SELMA S. TABION successfully added to 12_SSLVPN_GRP_ACL,12-SSL-groups, and 12-PPPP-GRP groups!   
2021-11-22 12:12:11 : ROSEMARIE G. CELO successfully added to 12_SSLVPN_GRP_ACL,12-SSL-groups, and 12-PPPP-GRP groups!   
2021-11-22 12:12:11 : JAMAL AFGHANI B. PIKIT successfully added to 12_SSLVPN_GRP_ACL,12-SSL-groups, and 12-PPPP-GRP groups!   
2021-11-22 12:12:11 : LALING D. MUECO successfully added to 12_SSLVPN_GRP_ACL,12-SSL-groups, and 12-PPPP-GRP groups!   
2021-11-22 12:12:11 : MARIO A. SEMBEGAN successfully added to 12_SSLVPN_GRP_ACL,12-SSL-groups, and 12-PPPP-GRP groups!   
2021-11-22 12:12:11 : HANNAH S. SARIP successfully added to 12_SSLVPN_GRP_ACL,12-SSL-groups, and 12-PPPP-GRP groups!   
2021-11-22 12:12:12 : HAMDAN U. UTTO successfully added to 12_SSLVPN_GRP_ACL,12-SSL-groups, and 12-PPPP-GRP groups!   
2021-11-22 12:12:12 : MAE ANN M. ESTABILLO  successfully added to 12_SSLVPN_GRP_ACL,12-SSL-groups, and 12-PPPP-GRP groups!   
2021-11-22 12:12:12 : NASSIF D. MACARAMPAT successfully added to 12_SSLVPN_GRP_ACL,12-SSL-groups, and 12-PPPP-GRP groups!   
2021-11-22 12:12:12 : MARIAM S. PASAWILAN successfully added to 12_SSLVPN_GRP_ACL,12-SSL-groups, and 12-PPPP-GRP groups!   
2021-11-22 12:12:12 : NOR MARILOU D. ROALES successfully added to 12_SSLVPN_GRP_ACL,12-SSL-groups, and 12-PPPP-GRP groups!   
2021-11-22 12:12:12 : TANSEY A. GUIALIL successfully added to 12_SSLVPN_GRP_ACL,12-SSL-groups, and 12-PPPP-GRP groups!   
2021-11-22 12:12:13 : AGNES JOY C. CARALOS successfully added to 12_SSLVPN_GRP_ACL,12-SSL-groups, and 12-PPPP-GRP groups!   
2021-11-22 12:12:13 : GUEN M. QUIJANO successfully added to 12_SSLVPN_GRP_ACL,12-SSL-groups, and 12-PPPP-GRP groups!   
2021-11-22 12:12:13 : ANNA JOY N. MAULAS successfully added to 12_SSLVPN_GRP_ACL,12-SSL-groups, and 12-PPPP-GRP groups!   
2021-11-22 12:12:13 : SAMRAH B. PARNAN successfully added to 12_SSLVPN_GRP_ACL,12-SSL-groups, and 12-PPPP-GRP groups!   
2021-11-22 12:12:13 : AMANI D. USMAN successfully added to 12_SSLVPN_GRP_ACL,12-SSL-groups, and 12-PPPP-GRP groups!   
2021-11-22 12:12:14 : JUHARAH H. TOMARA successfully added to 12_SSLVPN_GRP_ACL,12-SSL-groups, and 12-PPPP-GRP groups!   
2021-11-22 12:12:14 : RAHIMA S. NAMLA successfully added to 12_SSLVPN_GRP_ACL,12-SSL-groups, and 12-PPPP-GRP groups!   
2021-11-22 12:12:14 : RANIAH A. DIMANGADAP successfully added to 12_SSLVPN_GRP_ACL,12-SSL-groups, and 12-PPPP-GRP groups!   
2021-11-22 12:12:14 : SUSAN C. MILLAN successfully added to 12_SSLVPN_GRP_ACL,12-SSL-groups, and 12-PPPP-GRP groups!   
2021-11-22 12:12:14 : ABDU LARDEE S. TAMAMA successfully added to 12_SSLVPN_GRP_ACL,12-SSL-groups, and 12-PPPP-GRP groups!   
2021-11-22 12:12:14 : NORMA L. GASANG successfully added to 12_SSLVPN_GRP_ACL,12-SSL-groups, and 12-PPPP-GRP groups!   
2021-11-22 12:12:15 : SHEENA PEARL R. MANATAD successfully added to 12_SSLVPN_GRP_ACL,12-SSL-groups, and 12-PPPP-GRP groups!   
2021-11-22 12:12:15 : JORGE WELHELM A. JULIAN successfully added to 12_SSLVPN_GRP_ACL,12-SSL-groups, and 12-PPPP-GRP groups!   
2021-11-22 12:12:15 : AMIRA D. OLALISAN successfully added to 12_SSLVPN_GRP_ACL,12-SSL-groups, and 12-PPPP-GRP groups!   
2021-11-22 12:12:15 : ASNAIRAH S. TAMBUTO successfully added to 12_SSLVPN_GRP_ACL,12-SSL-groups, and 12-PPPP-GRP groups!   
2021-11-22 12:12:15 : NOELYN JANE R. OLIVARES successfully added to 12_SSLVPN_GRP_ACL,12-SSL-groups, and 12-PPPP-GRP groups!   
2021-11-22 12:12:15 : ANECITA P. LAWI-AN successfully added to 12_SSLVPN_GRP_ACL,12-SSL-groups, and 12-PPPP-GRP groups!   
2021-11-22 12:12:16 : FARHANA M. ELIAS successfully added to 12_SSLVPN_GRP_ACL,12-SSL-groups, and 12-PPPP-GRP groups!   
2021-11-22 12:12:16 : GIOVANNI C. RODRIGUEZ successfully added to 12_SSLVPN_GRP_ACL,12-SSL-groups, and 12-PPPP-GRP groups!   
2021-11-22 12:12:16 : IRIS M. DELA CRUZ successfully added to 12_SSLVPN_GRP_ACL,12-SSL-groups, and 12-PPPP-GRP groups!   
2021-11-22 12:12:16 : JHEMRUDDEEN R. LUNDUNGAN successfully added to 12_SSLVPN_GRP_ACL,12-SSL-groups, and 12-PPPP-GRP groups!   
2021-11-22 12:12:16 : MARK JAMES L. FADERAN successfully added to 12_SSLVPN_GRP_ACL,12-SSL-groups, and 12-PPPP-GRP groups!   
2021-11-22 12:12:16 : FAITH SALVY P. BATOY successfully added to 12_SSLVPN_GRP_ACL,12-SSL-groups, and 12-PPPP-GRP groups!   
2021-11-22 12:12:16 : ALMIRAH A. SANDEK successfully added to 12_SSLVPN_GRP_ACL,12-SSL-groups, and 12-PPPP-GRP groups!   
2021-11-22 12:12:17 : AMERHUSSEIN G. MAROHOM successfully added to 12_SSLVPN_GRP_ACL,12-SSL-groups, and 12-PPPP-GRP groups!   
2021-11-22 12:12:17 : DAN SERGIE M. MAGBANUA successfully added to 12_SSLVPN_GRP_ACL,12-SSL-groups, and 12-PPPP-GRP groups!   
2021-11-22 12:12:17 : MYRA FLOR P. LAMOG successfully added to 12_SSLVPN_GRP_ACL,12-SSL-groups, and 12-PPPP-GRP groups!   
2021-11-22 12:12:17 : ZAIDAN T. AMPUAN successfully added to 12_SSLVPN_GRP_ACL,12-SSL-groups, and 12-PPPP-GRP groups!   
2021-11-22 12:12:17 : BLEZZETE ANNE L. DERIADA successfully added to 12_SSLVPN_GRP_ACL,12-SSL-groups, and 12-PPPP-GRP groups!   
2021-11-22 12:12:18 : EARL STANLY L. PASION successfully added to 12_SSLVPN_GRP_ACL,12-SSL-groups, and 12-PPPP-GRP groups!   
2021-11-22 12:12:18 : Eugene S. Fanulan successfully added to 12_SSLVPN_GRP_ACL,12-SSL-groups, and 12-PPPP-GRP groups!   
2021-11-22 12:12:18 : FAHAD D. BALINDONG successfully added to 12_SSLVPN_GRP_ACL,12-SSL-groups, and 12-PPPP-GRP groups!   
2021-11-22 12:12:18 : JOHNA PAZ C. OCCENO successfully added to 12_SSLVPN_GRP_ACL,12-SSL-groups, and 12-PPPP-GRP groups!   
2021-11-22 12:12:18 : JOVELYN M. COPLEROS successfully added to 12_SSLVPN_GRP_ACL,12-SSL-groups, and 12-PPPP-GRP groups!   
2021-11-22 12:12:18 : JOYMIE G. LUMBAY successfully added to 12_SSLVPN_GRP_ACL,12-SSL-groups, and 12-PPPP-GRP groups!   
2021-11-22 12:12:19 : LYNN ORCHIDJUNE R. SURIA successfully added to 12_SSLVPN_GRP_ACL,12-SSL-groups, and 12-PPPP-GRP groups!   
2021-11-22 12:12:19 : MOHAEDDIN C. UMPAR successfully added to 12_SSLVPN_GRP_ACL,12-SSL-groups, and 12-PPPP-GRP groups!   
2021-11-22 12:12:19 : BLUE DEI T. SONCIO successfully added to 12_SSLVPN_GRP_ACL,12-SSL-groups, and 12-PPPP-GRP groups!   
2021-11-22 12:12:19 : MUSRIFAH S. ABDULFATTAH successfully added to 12_SSLVPN_GRP_ACL,12-SSL-groups, and 12-PPPP-GRP groups!   
2021-11-22 12:12:19 : AS-BHATTY A. MIPUKUR successfully added to 12_SSLVPN_GRP_ACL,12-SSL-groups, and 12-PPPP-GRP groups!   
2021-11-22 12:12:19 : LEILANIE I. SUMNDAD successfully added to 12_SSLVPN_GRP_ACL,12-SSL-groups, and 12-PPPP-GRP groups!   
2021-11-22 12:12:20 : MINDA F. MIRANDA successfully added to 12_SSLVPN_GRP_ACL,12-SSL-groups, and 12-PPPP-GRP groups!   
2021-11-22 12:12:20 : HAROLD L. SANTANEZ successfully added to 12_SSLVPN_GRP_ACL,12-SSL-groups, and 12-PPPP-GRP groups!   
2021-11-22 12:12:20 : SHELLANIE M. PAGULONG successfully added to 12_SSLVPN_GRP_ACL,12-SSL-groups, and 12-PPPP-GRP groups!   
2021-11-22 12:12:20 : LORILIE S. GUIAMAD successfully added to 12_SSLVPN_GRP_ACL,12-SSL-groups, and 12-PPPP-GRP groups!   
2021-11-22 12:12:20 : SITTIE CONNIE U. SUMANDAL successfully added to 12_SSLVPN_GRP_ACL,12-SSL-groups, and 12-PPPP-GRP groups!   
2021-11-22 12:12:20 : MAYRA C. MAKABIRO successfully added to 12_SSLVPN_GRP_ACL,12-SSL-groups, and 12-PPPP-GRP groups!   
2021-11-22 12:12:20 : BERT JOMAR L. PEREYRA successfully added to 12_SSLVPN_GRP_ACL,12-SSL-groups, and 12-PPPP-GRP groups!   
2021-11-22 12:12:21 : SHAHANIE S. ISMAEL successfully added to 12_SSLVPN_GRP_ACL,12-SSL-groups, and 12-PPPP-GRP groups!   
2021-11-22 12:12:21 : IVANDIER O. JABAT successfully added to 12_SSLVPN_GRP_ACL,12-SSL-groups, and 12-PPPP-GRP groups!   
2021-11-22 12:12:21 : ANISAH M. BATU-AN successfully added to 12_SSLVPN_GRP_ACL,12-SSL-groups, and 12-PPPP-GRP groups!   
2021-11-22 12:12:21 : SAHLIA B. SAIDAMEN successfully added to 12_SSLVPN_GRP_ACL,12-SSL-groups, and 12-PPPP-GRP groups!   
2021-11-22 12:12:21 : AL JUMMAH A. GARUDA successfully added to 12_SSLVPN_GRP_ACL,12-SSL-groups, and 12-PPPP-GRP groups!   
2021-11-22 12:12:21 : RONALD T. TAMBI successfully added to 12_SSLVPN_GRP_ACL,12-SSL-groups, and 12-PPPP-GRP groups!   
2021-11-22 12:12:22 : RUFFY S. NAYRE successfully added to 12_SSLVPN_GRP_ACL,12-SSL-groups, and 12-PPPP-GRP groups!   
2021-11-22 12:12:22 : SAID B. MAKALAPIN successfully added to 12_SSLVPN_GRP_ACL,12-SSL-groups, and 12-PPPP-GRP groups!   
2021-11-22 12:12:22 : FCCASIR does not exists!
2021-11-22 12:12:22 : JOKER A. ARQUIO successfully added to 12_SSLVPN_GRP_ACL,12-SSL-groups, and 12-PPPP-GRP groups!   
2021-11-22 12:12:22 : MOBINA A. SAMAMA successfully added to 12_SSLVPN_GRP_ACL,12-SSL-groups, and 12-PPPP-GRP groups!   
2021-11-22 12:12:23 : NAJIB B. ABDULCADER successfully added to 12_SSLVPN_GRP_ACL,12-SSL-groups, and 12-PPPP-GRP groups!   
2021-11-22 12:12:23 : ABDUL WAHID A. BACARAT successfully added to 12_SSLVPN_GRP_ACL,12-SSL-groups, and 12-PPPP-GRP groups!   
2021-11-22 12:12:23 : MOH'D NORHAN M. ALAWI successfully added to 12_SSLVPN_GRP_ACL,12-SSL-groups, and 12-PPPP-GRP groups!   
2021-11-22 12:12:23 : DATU AL-RASHID D. KUSIN successfully added to 12_SSLVPN_GRP_ACL,12-SSL-groups, and 12-PPPP-GRP groups!   
2021-11-22 12:12:23 : NASHIBA L. KAWIT successfully added to 12_SSLVPN_GRP_ACL,12-SSL-groups, and 12-PPPP-GRP groups!   
2021-11-22 12:12:23 : MOHAIMA C. MOHAMAD successfully added to 12_SSLVPN_GRP_ACL,12-SSL-groups, and 12-PPPP-GRP groups!   
2021-11-22 12:12:24 : SOHAIDEN T. MALAWANI successfully added to 12_SSLVPN_GRP_ACL,12-SSL-groups, and 12-PPPP-GRP groups!   
2021-11-22 12:12:24 : AMERA P. ODEN successfully added to 12_SSLVPN_GRP_ACL,12-SSL-groups, and 12-PPPP-GRP groups!   
2021-11-22 12:12:24 : SAHOD G. KARIM successfully added to 12_SSLVPN_GRP_ACL,12-SSL-groups, and 12-PPPP-GRP groups!   
2021-11-22 12:12:24 : SHAIRA S. GUINTA successfully added to 12_SSLVPN_GRP_ACL,12-SSL-groups, and 12-PPPP-GRP groups!   
2021-11-22 12:12:24 : ANNA MARIE P. ESCOLANO successfully added to 12_SSLVPN_GRP_ACL,12-SSL-groups, and 12-PPPP-GRP groups!   
2021-11-22 12:12:24 : GLEZEIL P. JUMAO-AS successfully added to 12_SSLVPN_GRP_ACL,12-SSL-groups, and 12-PPPP-GRP groups!   
2021-11-22 12:12:24 : MAY ANTONETTE S. FENOLA successfully added to 12_SSLVPN_GRP_ACL,12-SSL-groups, and 12-PPPP-GRP groups!   
2021-11-22 12:12:25 : Felisa S. Logronio successfully added to 12_SSLVPN_GRP_ACL,12-SSL-groups, and 12-PPPP-GRP groups!   
2021-11-22 12:12:25 : GLORY MAY C. EUCARE successfully added to 12_SSLVPN_GRP_ACL,12-SSL-groups, and 12-PPPP-GRP groups!   
2021-11-22 12:12:25 : BAI ALEHA B. BIRUAR successfully added to 12_SSLVPN_GRP_ACL,12-SSL-groups, and 12-PPPP-GRP groups!   
2021-11-22 12:12:25 : KIMBERLY MAE F. CANDARI successfully added to 12_SSLVPN_GRP_ACL,12-SSL-groups, and 12-PPPP-GRP groups!   
2021-11-22 12:12:25 : CRIS S. BULDA successfully added to 12_SSLVPN_GRP_ACL,12-SSL-groups, and 12-PPPP-GRP groups!   
2021-11-22 12:12:25 : JENELYN D. ARDENA successfully added to 12_SSLVPN_GRP_ACL,12-SSL-groups, and 12-PPPP-GRP groups!   
2021-11-22 12:12:26 : ARVEE MAE M. BERONDO successfully added to 12_SSLVPN_GRP_ACL,12-SSL-groups, and 12-PPPP-GRP groups!   
2021-11-22 12:12:26 : CARREN JOY G. TORRES successfully added to 12_SSLVPN_GRP_ACL,12-SSL-groups, and 12-PPPP-GRP groups!   
2021-11-22 12:12:26 : JABBER M. DIMAL successfully added to 12_SSLVPN_GRP_ACL,12-SSL-groups, and 12-PPPP-GRP groups!   
2021-11-22 12:12:26 : JOHARI T. SINBANGAN successfully added to 12_SSLVPN_GRP_ACL,12-SSL-groups, and 12-PPPP-GRP groups!   
2021-11-22 12:12:26 : CATHY S. ORAIZ  successfully added to 12_SSLVPN_GRP_ACL,12-SSL-groups, and 12-PPPP-GRP groups!   
2021-11-22 12:12:27 : ERWIN JAY D. SEGAFO successfully added to 12_SSLVPN_GRP_ACL,12-SSL-groups, and 12-PPPP-GRP groups!   
2021-11-22 12:12:27 : JOSE RONITO A. MABALOT successfully added to 12_SSLVPN_GRP_ACL,12-SSL-groups, and 12-PPPP-GRP groups!   
2021-11-22 12:12:27 : ROMEL O. PADUA successfully added to 12_SSLVPN_GRP_ACL,12-SSL-groups, and 12-PPPP-GRP groups!   
2021-11-22 12:12:27 : KATLEEN P. LIM successfully added to 12_SSLVPN_GRP_ACL,12-SSL-groups, and 12-PPPP-GRP groups!   
2021-11-22 12:12:27 : VAL IAN B. GONZALES successfully added to 12_SSLVPN_GRP_ACL,12-SSL-groups, and 12-PPPP-GRP groups!   
2021-11-22 12:12:27 : BAGUINDA P. ABDULLAH successfully added to 12_SSLVPN_GRP_ACL,12-SSL-groups, and 12-PPPP-GRP groups!   
2021-11-22 12:12:28 : FAIDAH B. MASACAL successfully added to 12_SSLVPN_GRP_ACL,12-SSL-groups, and 12-PPPP-GRP groups!   
2021-11-22 12:12:28 : NORHATA A. ZACARIA successfully added to 12_SSLVPN_GRP_ACL,12-SSL-groups, and 12-PPPP-GRP groups!   
2021-11-22 12:12:28 : JESSA MAY B. BALUNTONG successfully added to 12_SSLVPN_GRP_ACL,12-SSL-groups, and 12-PPPP-GRP groups!   
2021-11-22 12:12:28 : Karl A. Milar successfully added to 12_SSLVPN_GRP_ACL,12-SSL-groups, and 12-PPPP-GRP groups!   
2021-11-22 12:12:29 : AISAH B. AGUAM successfully added to 12_SSLVPN_GRP_ACL,12-SSL-groups, and 12-PPPP-GRP groups!   
2021-11-22 12:12:29 : MAHARLIKA R. DUBLIN successfully added to 12_SSLVPN_GRP_ACL,12-SSL-groups, and 12-PPPP-GRP groups!   
2021-11-22 12:12:29 : REGINA MAE R. EPANTO successfully added to 12_SSLVPN_GRP_ACL,12-SSL-groups, and 12-PPPP-GRP groups!   
2021-11-22 12:12:29 : JEOFFREY B. MAITEM successfully added to 12_SSLVPN_GRP_ACL,12-SSL-groups, and 12-PPPP-GRP groups!   
2021-11-22 12:12:29 : VANESSA JUNE E. BALBUENA successfully added to 12_SSLVPN_GRP_ACL,12-SSL-groups, and 12-PPPP-GRP groups!   
2021-11-22 12:12:30 : JERICHO M. MAKASULAY successfully added to 12_SSLVPN_GRP_ACL,12-SSL-groups, and 12-PPPP-GRP groups!   
2021-11-22 12:12:30 : KARLA LOUISE D. ABEDES successfully added to 12_SSLVPN_GRP_ACL,12-SSL-groups, and 12-PPPP-GRP groups!   
2021-11-22 12:12:30 : MARICEL P. DARAUG successfully added to 12_SSLVPN_GRP_ACL,12-SSL-groups, and 12-PPPP-GRP groups!   
2021-11-22 12:12:30 : NORLAINIE U. SULTAN successfully added to 12_SSLVPN_GRP_ACL,12-SSL-groups, and 12-PPPP-GRP groups!   
2021-11-22 12:12:31 : Renato B. Danial successfully added to 12_SSLVPN_GRP_ACL,12-SSL-groups, and 12-PPPP-GRP groups!   
2021-11-22 12:12:31 : SUSANA H. REYES successfully added to 12_SSLVPN_GRP_ACL,12-SSL-groups, and 12-PPPP-GRP groups!   
2021-11-22 12:12:31 : AKRIMA S. GANI successfully added to 12_SSLVPN_GRP_ACL,12-SSL-groups, and 12-PPPP-GRP groups!   
2021-11-22 12:12:31 : ERLINDA D. REAL successfully added to 12_SSLVPN_GRP_ACL,12-SSL-groups, and 12-PPPP-GRP groups!   
2021-11-22 12:12:31 : JUAMER L. LEYSON successfully added to 12_SSLVPN_GRP_ACL,12-SSL-groups, and 12-PPPP-GRP groups!   
2021-11-22 12:12:32 : RIHZA O. WATIN successfully added to 12_SSLVPN_GRP_ACL,12-SSL-groups, and 12-PPPP-GRP groups!   
2021-11-22 12:12:32 : NASHIBA C. SUMULONG successfully added to 12_SSLVPN_GRP_ACL,12-SSL-groups, and 12-PPPP-GRP groups!   
2021-11-22 12:12:32 : ABARUYA D. KUNDAI successfully added to 12_SSLVPN_GRP_ACL,12-SSL-groups, and 12-PPPP-GRP groups!   
2021-11-22 12:12:32 : AMMANODIN A. SARIPADA successfully added to 12_SSLVPN_GRP_ACL,12-SSL-groups, and 12-PPPP-GRP groups!   
2021-11-22 12:12:32 : BYRON M. LABADAN successfully added to 12_SSLVPN_GRP_ACL,12-SSL-groups, and 12-PPPP-GRP groups!   
2021-11-22 12:12:32 : GLEND JAY T. MACUHA successfully added to 12_SSLVPN_GRP_ACL,12-SSL-groups, and 12-PPPP-GRP groups!   
2021-11-22 12:12:33 : NAJMAH M. HADJI SARIEF successfully added to 12_SSLVPN_GRP_ACL,12-SSL-groups, and 12-PPPP-GRP groups!   
2021-11-22 12:12:33 : JDIBRAHIM does not exists!
2021-11-22 12:12:33 : AMILADEN A. GURO successfully added to 12_SSLVPN_GRP_ACL,12-SSL-groups, and 12-PPPP-GRP groups!   
2021-11-22 12:12:33 : FAROUK N. ISMAEL successfully added to 12_SSLVPN_GRP_ACL,12-SSL-groups, and 12-PPPP-GRP groups!   
2021-11-22 12:12:33 : Louella S. ENOBIO successfully added to 12_SSLVPN_GRP_ACL,12-SSL-groups, and 12-PPPP-GRP groups!   
2021-11-22 12:12:33 : MOHAMMAD FAIZ C. ENDAWI successfully added to 12_SSLVPN_GRP_ACL,12-SSL-groups, and 12-PPPP-GRP groups!   
2021-11-22 12:12:33 : RUTH C. CLEMENTES successfully added to 12_SSLVPN_GRP_ACL,12-SSL-groups, and 12-PPPP-GRP groups!   
2021-11-22 12:12:33 : DWIGHT A. TOGONON successfully added to 12_SSLVPN_GRP_ACL,12-SSL-groups, and 12-PPPP-GRP groups!   
2021-11-22 12:12:34 : BAYANISA M. MUTIN successfully added to 12_SSLVPN_GRP_ACL,12-SSL-groups, and 12-PPPP-GRP groups!   
2021-11-22 12:12:34 : ANDRIAN G. ATANG successfully added to 12_SSLVPN_GRP_ACL,12-SSL-groups, and 12-PPPP-GRP groups!   
2021-11-22 12:12:34 : EDDIE E. PORRAS successfully added to 12_SSLVPN_GRP_ACL,12-SSL-groups, and 12-PPPP-GRP groups!   
2021-11-22 12:12:34 : FELY JANE B. LAKAY successfully added to 12_SSLVPN_GRP_ACL,12-SSL-groups, and 12-PPPP-GRP groups!   
2021-11-22 12:12:34 : JOHN U. UNAK successfully added to 12_SSLVPN_GRP_ACL,12-SSL-groups, and 12-PPPP-GRP groups!   
2021-11-22 12:12:35 : LORLIE G. PAJAYAO successfully added to 12_SSLVPN_GRP_ACL,12-SSL-groups, and 12-PPPP-GRP groups!   
2021-11-22 12:12:35 : PAULINA F. OPING successfully added to 12_SSLVPN_GRP_ACL,12-SSL-groups, and 12-PPPP-GRP groups!   
2021-11-22 12:12:35 : RICKY JOHN M. GALINDO successfully added to 12_SSLVPN_GRP_ACL,12-SSL-groups, and 12-PPPP-GRP groups!   
2021-11-22 12:12:35 : SHAHANIE M. MACADATO successfully added to 12_SSLVPN_GRP_ACL,12-SSL-groups, and 12-PPPP-GRP groups!   
2021-11-22 12:12:35 : ARIEL G. SAGUID successfully added to 12_SSLVPN_GRP_ACL,12-SSL-groups, and 12-PPPP-GRP groups!   
2021-11-22 12:12:36 : ASLANIE C. AMEROL successfully added to 12_SSLVPN_GRP_ACL,12-SSL-groups, and 12-PPPP-GRP groups!   
2021-11-22 12:12:36 : ERNESTO M. TAN successfully added to 12_SSLVPN_GRP_ACL,12-SSL-groups, and 12-PPPP-GRP groups!   
2021-11-22 12:12:36 : JOSE OMAR B. CORTEZ successfully added to 12_SSLVPN_GRP_ACL,12-SSL-groups, and 12-PPPP-GRP groups!   
2021-11-22 12:12:36 : MARK D. TANAEL successfully added to 12_SSLVPN_GRP_ACL,12-SSL-groups, and 12-PPPP-GRP groups!   
2021-11-22 12:12:36 : NOOR M. MAMPEN successfully added to 12_SSLVPN_GRP_ACL,12-SSL-groups, and 12-PPPP-GRP groups!   
2021-11-22 12:12:37 : ROSANNIE GRACE L. LANADO successfully added to 12_SSLVPN_GRP_ACL,12-SSL-groups, and 12-PPPP-GRP groups!   
2021-11-22 12:12:37 : ANGELITA G. SAMPAN successfully added to 12_SSLVPN_GRP_ACL,12-SSL-groups, and 12-PPPP-GRP groups!   
2021-11-22 12:12:37 : GENEVIEVE F. PARADILLO successfully added to 12_SSLVPN_GRP_ACL,12-SSL-groups, and 12-PPPP-GRP groups!   
2021-11-22 12:12:37 : NORMALIA R. MAROHOM successfully added to 12_SSLVPN_GRP_ACL,12-SSL-groups, and 12-PPPP-GRP groups!   
2021-11-22 12:12:37 : SONAYYAH B. MAROHOM successfully added to 12_SSLVPN_GRP_ACL,12-SSL-groups, and 12-PPPP-GRP groups!   
2021-11-22 12:12:38 : MARVELOUS GRACE U. KHAN successfully added to 12_SSLVPN_GRP_ACL,12-SSL-groups, and 12-PPPP-GRP groups!   
2021-11-22 12:12:38 : JONNAVEL B. TESORO successfully added to 12_SSLVPN_GRP_ACL,12-SSL-groups, and 12-PPPP-GRP groups!   
2021-11-22 12:12:38 : Micaella A. Dilausan successfully added to 12_SSLVPN_GRP_ACL,12-SSL-groups, and 12-PPPP-GRP groups!   
2021-11-22 12:12:38 : MOJIB R. PANGANDAMAN successfully added to 12_SSLVPN_GRP_ACL,12-SSL-groups, and 12-PPPP-GRP groups!   
2021-11-22 12:12:38 : QUEENILYN D. MACATOON successfully added to 12_SSLVPN_GRP_ACL,12-SSL-groups, and 12-PPPP-GRP groups!   
2021-11-22 12:12:39 : WHALID T. LAO successfully added to 12_SSLVPN_GRP_ACL,12-SSL-groups, and 12-PPPP-GRP groups!   
2021-11-22 12:12:39 : BAIMONA P. DALANDAG successfully added to 12_SSLVPN_GRP_ACL,12-SSL-groups, and 12-PPPP-GRP groups!   
2021-11-22 12:12:39 : CAREM E. TALEMBO successfully added to 12_SSLVPN_GRP_ACL,12-SSL-groups, and 12-PPPP-GRP groups!   
2021-11-22 12:12:39 : HAYDEE M. TOMBALE successfully added to 12_SSLVPN_GRP_ACL,12-SSL-groups, and 12-PPPP-GRP groups!   
2021-11-22 12:12:40 : JAY-AR K. CAEL successfully added to 12_SSLVPN_GRP_ACL,12-SSL-groups, and 12-PPPP-GRP groups!   
2021-11-22 12:12:40 : KRIS JOY S. PECHINO successfully added to 12_SSLVPN_GRP_ACL,12-SSL-groups, and 12-PPPP-GRP groups!   
2021-11-22 12:12:40 : MEL JOY V. ARMONIO successfully added to 12_SSLVPN_GRP_ACL,12-SSL-groups, and 12-PPPP-GRP groups!   
2021-11-22 12:18:11 : FCCASIR does not exists!
2021-11-22 12:18:11 : JDIBRAHIM does not exists!
2021-11-22 12:18:46 : FCCASIR exists!
2021-11-22 12:18:46 : JDIBRAHIM exists!
2021-11-22 12:19:08 : FAIMAH C. CASIR successfully added to 12_SSLVPN_GRP_ACL,12-SSL-groups, and 12-PPPP-GRP groups!   
2021-11-22 12:19:08 : JALIL D. IBRAHIM successfully added to 12_SSLVPN_GRP_ACL,12-SSL-groups, and 12-PPPP-GRP groups!   
2021-11-22 15:20:03 : ANA MAE E. FLORES successfully added to 12_SSLVPN_GRP_ACL,12-SSL-groups, and 12-PPPP-GRP groups!   
