2021-10-28 17:19:30 : ATMaguan is not expired! Reset aborted.
2021-10-28 17:19:31 : CSMaghinay: Password Changed to SIXJ7092
2021-10-28 17:19:31 : SUABDULLAH: Password Changed to GPYA7099
2021-10-28 17:19:32 : TDAbdullah: Password Changed to TNBZ8271
2021-10-28 17:19:33 : JIAbraham: Password Changed to MHAR6981
2021-10-28 17:19:33 : CKNFlores: Password Changed to DUZB9080
2021-10-28 17:19:34 : FJCACUPINPIN: Password Changed to LWEX9694
2021-10-28 17:19:34 : NMAdiong: Password Changed to YHPI6578
2021-10-28 17:19:35 : KBAkop: Password Changed to KKOF8685
2021-10-28 17:19:36 : NLALAB: Password Changed to SOZL8484
2021-10-28 17:19:36 : ELALAPAN: Password Changed to HDHA9873
2021-10-28 17:19:37 : CLAlasagas: Password Changed to RXIO8069
2021-10-28 17:19:37 : CRAlcala: Password Changed to WTBW9694
2021-10-28 17:19:38 : OKAli: Password Changed to LSXC9173
2021-10-28 17:19:39 : RPALI: Password Changed to LBXO6591
2021-10-28 17:19:39 : RDALILANTO: Password Changed to ZATX8095
2021-10-28 17:19:40 : HGAlim: Password Changed to WEZP8670
2021-10-28 17:19:41 : MCAAlvior: Password Changed to FAQW8785
2021-10-28 17:19:41 : JPAmbalgan: Password Changed to RUWY6697
2021-10-28 17:19:42 : EMAmbrad: Password Changed to EZEH6772
2021-10-28 17:19:42 : AHAmer: Password Changed to XDCK9279
2021-10-28 17:19:43 : ICAngca: Password Changed to QCHG8774
2021-10-28 17:19:44 : MGLAPPALA: Password Changed to KYSL9370
2021-10-28 17:19:44 : MJFARAGONA: Password Changed to CPQG7594
2021-10-28 17:19:45 : JAPedregosa: Password Changed to UHTV8899
2021-10-28 17:19:45 : CCAREVALO: Password Changed to BXTV6574
2021-10-28 17:19:46 : NSAsi: Password Changed to IXPG8571
2021-10-28 17:19:47 : CAAvila: Password Changed to IJTY6972
2021-10-28 17:19:47 : JRBacaling: Password Changed to YUKE7980
2021-10-28 17:19:48 : PABadal: Password Changed to WHJM8983
2021-10-28 17:19:48 : NDBagro: Password Changed to DJFA9594
2021-10-28 17:19:49 : SSBalindong: Password Changed to MZTX8875
2021-10-28 17:19:50 : JMBalunto: Password Changed to ENUK8180
2021-10-28 17:19:50 : SMLBaro: Password Changed to LURT9691
2021-10-28 17:19:51 : SMBBARRETO: Password Changed to PFAQ7191
2021-10-28 17:19:51 : CDBatino: Password Changed to WCXU8470
2021-10-28 17:19:52 : MLLBAYOGOS: Password Changed to JKPC8383
2021-10-28 17:19:53 : RTBelgira: Password Changed to KGNV7590
2021-10-28 17:19:53 : SNRHassan: Password Changed to AYLW8373
2021-10-28 17:19:54 : GGBito-On: Password Changed to QZXO7290
2021-10-28 17:19:54 : JRBolencis: Password Changed to ULQF8995
2021-10-28 17:19:55 : NSBubong: Password Changed to CEPK9676
2021-10-28 17:19:55 : CABDePedro: Password Changed to EAKU8276
2021-10-28 17:19:56 : NDBUTUAN: Password Changed to XGHP7670
2021-10-28 17:19:57 : VHCCaballero: Password Changed to AZXC7591
2021-10-28 17:19:57 : CLCabaobao: Password Changed to VQSI9567
2021-10-28 17:19:58 : DIOTan: Password Changed to HXZL7796
2021-10-28 17:19:58 : JCMCalanao: Password Changed to MTVD7590
2021-10-28 17:19:59 : CRSCalibayan: Password Changed to ZAIP7584
2021-10-28 17:20:00 : MECALIBAYAN: Password Changed to VWGE9391
2021-10-28 17:20:00 : RMCalimbaba: Password Changed to AGJU8899
2021-10-28 17:20:01 : HACamim: Password Changed to MBDC7299
2021-10-28 17:20:01 : RCCanarejo: Password Changed to BQJV6773
2021-10-28 17:20:02 : MSCanto: Password Changed to JNIZ9881
2021-10-28 17:20:02 : NDSOLAIMAN: Password Changed to FXQM7494
2021-10-28 17:20:03 : ASCasan: Password Changed to HIJT7779
2021-10-28 17:20:04 : MBCasanguan: Password Changed to SRUL9070
2021-10-28 17:20:04 : SMHCasilagan: Password Changed to LWWL9394
2021-10-28 17:20:05 : HLCASTILLON: Password Changed to KUIW7691
2021-10-28 17:20:05 : GCCastro: Password Changed to AXXD6599
2021-10-28 17:20:06 : JSCATAAN: Password Changed to OHKU9592
2021-10-28 17:20:06 : AJCATALAN: Password Changed to CWOP8777
2021-10-28 17:20:07 : MACatayas: Password Changed to HVTI9177
2021-10-28 17:20:08 : GGGCELIZ: Password Changed to PESJ9396
2021-10-28 17:20:08 : MMACCLARO: Password Changed to CLZS7874
2021-10-28 17:20:09 : RMCLAVE: Password Changed to SCYU8984
2021-10-28 17:20:09 : CDCo: Password Changed to OGFL7385
2021-10-28 17:20:10 : RBCodarangan: Password Changed to WZLM9769
2021-10-28 17:20:11 : HBCOSAIN: Password Changed to AUMX7391
2021-10-28 17:20:11 : CTCruz: Password Changed to PNHP9971
2021-10-28 17:20:12 : RACruz: Password Changed to WDNW7192
2021-10-28 17:20:12 : NHDagumbel: Password Changed to FACC6786
2021-10-28 17:20:13 : AJTDARI: Password Changed to ZWEG9383
2021-10-28 17:20:13 : BJMDatuEsmael: Password Changed to GLVU8369
2021-10-28 17:20:14 : RBDEGUZMAN: Password Changed to LVSJ8494
2021-10-28 17:20:15 : DMDelalamon: Password Changed to HLJO7493
2021-10-28 17:20:15 : HMBDeLasAlas: Password Changed to XFFP9498
2021-10-28 17:20:16 : JVDemavivas: Password Changed to AWLY8493
2021-10-28 17:20:16 : DLDiezon: Password Changed to CACS7894
2021-10-28 17:20:17 : NGDimatingkal: Password Changed to QTPV8499
2021-10-28 17:20:18 : VVDimson: Password Changed to CWHZ8494
2021-10-28 17:20:18 : NMDinas: Password Changed to HQEX9482
2021-10-28 17:20:19 : JCDulong: Password Changed to SAXS8781
2021-10-28 17:20:19 : HCDUMAGAT: Password Changed to BPXT6792
2021-10-28 17:20:20 : OADumato: Password Changed to OVBH8488
2021-10-28 17:20:20 : LDHilario: Password Changed to VQRM8471
2021-10-28 17:20:21 : RVDuyag: Password Changed to XPIM7283
2021-10-28 17:20:22 : HMAbdul: Password Changed to DVOD9187
2021-10-28 17:20:22 : MGMEMBOLTORIO: Password Changed to LRJC7578
2021-10-28 17:20:23 : JBEsmail: Password Changed to QKSY7388
2021-10-28 17:20:23 : CFEstampador: Password Changed to AVNS6776
2021-10-28 17:20:24 : CMEEXAMEN: Password Changed to GXRK8299
2021-10-28 17:20:25 : LRExmundo: Password Changed to LJSZ7978
2021-10-28 17:20:25 : NBFabale: Password Changed to DPBS9986
2021-10-28 17:20:26 : NDFaderon: Password Changed to QJWA7379
2021-10-28 17:20:26 : BMFFALE: Password Changed to OOVD7474
2021-10-28 17:20:27 : AMFernandez: Password Changed to OIWK6698
2021-10-28 17:20:28 : CMFlores: Password Changed to PYQB9684
2021-10-28 17:20:28 : MTMacadatu: Password Changed to NVGE6573
2021-10-28 17:20:29 : MBGALIDO: Password Changed to BJUN9171
2021-10-28 17:20:29 : NLGalve: Password Changed to OHUH8368
2021-10-28 17:20:30 : AEGANI: Password Changed to WBXR7286
2021-10-28 17:20:31 : CAGASPAR: Password Changed to EKHU7878
2021-10-28 17:20:31 : LDGaupo: Password Changed to UHVB6566
2021-10-28 17:20:32 : DGDohinog: Password Changed to KRLD9877
2021-10-28 17:20:33 : MSGocon: Password Changed to LHQY7293
2021-10-28 17:20:33 : RKSanturing: Password Changed to OTRD7573
2021-10-28 17:20:34 : ASGUIALO: Password Changed to TNZE9694
2021-10-28 17:20:34 : JMMGuyos: Password Changed to AOJJ6684
2021-10-28 17:20:35 : IDHRacman: Password Changed to SYVZ7874
2021-10-28 17:20:36 : NMSolaiman: Password Changed to YHCH8077
2021-10-28 17:20:36 : KLHofer: Password Changed to XEYL7868
2021-10-28 17:20:37 : MCHovina: Password Changed to UTIO7479
2021-10-28 17:20:38 : MBIbrahim: Password Changed to PXVU6868
2021-10-28 17:20:38 : JHINDAR: Password Changed to PIDX8189
2021-10-28 17:20:39 : ACInedal: Password Changed to RKPB8873
2021-10-28 17:20:39 : MBJagorin: Password Changed to YPUO8982
2021-10-28 17:20:40 : JLAJunio: Password Changed to OIWJ8866
2021-10-28 17:20:41 : NKGani: Password Changed to PCZW7396
2021-10-28 17:20:41 : NHKABUGATAN: Password Changed to JSQR7570
2021-10-28 17:20:42 : MUKalis: Password Changed to QCSZ8368
2021-10-28 17:20:43 : BAKASAN: Password Changed to ZNUO7398
2021-10-28 17:20:43 : NJUKhan: Password Changed to BHKO8876
2021-10-28 17:20:44 : NAKUSAIN: Password Changed to UWPB6976
2021-10-28 17:20:44 : MGRLabordo: Password Changed to HDKT8593
2021-10-28 17:20:45 : JLLaco: Password Changed to AXTL7865
2021-10-28 17:20:46 : NSLanto: Password Changed to YGWT9686
2021-10-28 17:20:46 : MJALatumbo: Password Changed to YTDG8468
2021-10-28 17:20:47 : ZMLauban: Password Changed to FQNG6677
2021-10-28 17:20:47 : AHLaut: Password Changed to XXML7271
2021-10-28 17:20:48 : SCLAYAWON: Password Changed to KQCF8385
2021-10-28 17:20:49 : ALABUTASIL: Password Changed to NOCV9568
2021-10-28 17:20:49 : APLemon: Password Changed to WTVG9780
2021-10-28 17:20:50 : ENLeoncito: Password Changed to VGBU7298
2021-10-28 17:20:51 : JCLIBONA: Password Changed to ICSM9187
2021-10-28 17:20:51 : NDLidasan: Password Changed to XGPP9872
2021-10-28 17:20:52 : MLLidot: Password Changed to OLXI8478
2021-10-28 17:20:53 : PMLIGO: Password Changed to EBBE7992
2021-10-28 17:20:53 : NMDLofranco: Password Changed to OKYI6586
2021-10-28 17:20:54 : RGLOSBANEZ: Password Changed to CLLK9099
2021-10-28 17:20:54 : BALuay: Password Changed to MPPF7392
2021-10-28 17:20:55 : EWLupina: Password Changed to VCLZ9477
2021-10-28 17:20:56 : ARGMacasundig: Password Changed to SJVK7590
2021-10-28 17:20:56 : APMacawadib: Password Changed to MKXF9999
2021-10-28 17:20:57 : NMMadali: Password Changed to JCCE6988
2021-10-28 17:20:58 : MSMadid: Password Changed to HWYI8672
2021-10-28 17:20:58 : GAMagallon: Password Changed to KFCB9371
2021-10-28 17:20:59 : CSMaghinay: Password Changed to SIXJ7092
2021-10-28 17:20:59 : MNMRamilo: Password Changed to LREK8770
2021-10-28 17:21:00 : ATMaguan is not expired! Reset aborted.
2021-10-28 17:21:00 : AMMahawan: Password Changed to IAAS7675
2021-10-28 17:21:01 : NGMalang: Password Changed to DJFC8594
2021-10-28 17:21:01 : NCMalna: Password Changed to UQFY9777
2021-10-28 17:21:02 : BGMAMANTAL: Password Changed to HCZZ7468
2021-10-28 17:21:02 : OEMAMANTAL: Password Changed to ENTU8173
2021-10-28 17:21:03 : HADanganan: Password Changed to XROE9078
2021-10-28 17:21:04 : KAManabat: Password Changed to BDHM9099
2021-10-28 17:21:04 : QHTMandangan: Password Changed to PJAO9497
2021-10-28 17:21:05 : MOMANDIA: Password Changed to JKUN8267
2021-10-28 17:21:06 : RMMangondato: Password Changed to RCZP7183
2021-10-28 17:21:06 : FSInterino: Password Changed to TIBL8291
2021-10-28 17:21:07 : AUManudal: Password Changed to YOXV6893
2021-10-28 17:21:08 : SMGMargate: Password Changed to DHKC7993
2021-10-28 17:21:08 : ASMarohom: Password Changed to EFZI9478
2021-10-28 17:21:09 : MMMAROHOM: Password Changed to ATPG9572
2021-10-28 17:21:10 : RIMAROHOM: Password Changed to PGXS9880
2021-10-28 17:21:10 : RCMASORONG: Password Changed to TTBQ7380
2021-10-28 17:21:11 : ASMASUKAT: Password Changed to QLVL7581
2021-10-28 17:21:11 : NSMasukat: Password Changed to NTJG9265
2021-10-28 17:21:12 : LFMEMORIAL: Password Changed to NHOY9795
2021-10-28 17:21:13 : JGQMendoza: Password Changed to CHJQ7986
2021-10-28 17:21:13 : AMRakhim: Password Changed to CFGE7880
2021-10-28 17:21:14 : NBMilitante: Password Changed to DPGI9691
2021-10-28 17:21:14 : WSMILAN: Password Changed to GGRK6667
2021-10-28 17:21:15 : NJAMOHAMAD: Password Changed to ZOAQ7880
2021-10-28 17:21:16 : NAMohamad: Password Changed to LYIF8972
2021-10-28 17:21:16 : NAMohamad: Password Changed to LYIF8972
2021-10-28 17:21:17 : LPMolina: Password Changed to MXEW8672
2021-10-28 17:21:18 : DLBNabor: Password Changed to UKXS8998
2021-10-28 17:21:18 : RANARCISO: Password Changed to WSDE6781
2021-10-28 17:21:19 : SVNino: Password Changed to LBYQ6874
2021-10-28 17:21:19 : GCNiones: Password Changed to ANFD8397
2021-10-28 17:21:20 : AANurrudin-Razik: Password Changed to UEZH8575
2021-10-28 17:21:20 : JPOchavillo: Password Changed to EQMA7582
2021-10-28 17:21:21 : STOng: Password Changed to AYIX9198
2021-10-28 17:21:21 : EOPAGARIGAN: Password Changed to HZKS9678
2021-10-28 17:21:22 : MBPagharion: Password Changed to GZMZ7870
2021-10-28 17:21:23 : BAPaglala: Password Changed to DTJR7569
2021-10-28 17:21:23 : LBRDevelos: Password Changed to TAVS6578
2021-10-28 17:21:24 : SRPaloma: Password Changed to NIZR8984
2021-10-28 17:21:25 : BSPAMALOY: Password Changed to RMNV9468
2021-10-28 17:21:25 : DPPamularco: Password Changed to ZDLT9574
2021-10-28 17:21:26 : HDPanalandang: Password Changed to UXAR6797
2021-10-28 17:21:27 : YSPanalandang: Password Changed to MUQZ8096
2021-10-28 17:21:27 : NAPandapatan: Password Changed to IVWU8769
2021-10-28 17:21:28 : PMSPaniza: Password Changed to CGPS8194
2021-10-28 17:21:29 : DMParenno: Password Changed to LKYJ6596
2021-10-28 17:21:29 : JDPayla: Password Changed to FZBS9474
2021-10-28 17:21:30 : JMRascal: Password Changed to BONO8085
2021-10-28 17:21:30 : ZOPENDONG: Password Changed to RLLW6994
2021-10-28 17:21:31 : HGCPRIINCIPE: Password Changed to SGNH9176
2021-10-28 17:21:32 : DJPulido: Password Changed to KDDG6789
2021-10-28 17:21:32 : DCRabanillo: Password Changed to SZLL7685
2021-10-28 17:21:33 : MLRadin: Password Changed to SXBE8981
2021-10-28 17:21:33 : JMRascal: Password Changed to BONO8085
2021-10-28 17:21:34 : JBRaymundo: Password Changed to XUDV8891
2021-10-28 17:21:35 : MMRondina: Password Changed to XDRV9084
2021-10-28 17:21:35 : GSPRotel: Password Changed to LXBW7694
2021-10-28 17:21:36 : AMDRoullo: Password Changed to EKIT9670
2021-10-28 17:21:36 : RCRUAM: Password Changed to RSDD6693
2021-10-28 17:21:37 : EMSabando: Password Changed to MEOO8386
2021-10-28 17:21:38 : NGSacop: Password Changed to EASJ8880
2021-10-28 17:21:38 : FGSALILAGUIA: Password Changed to QGBR7276
2021-10-28 17:21:39 : MSMomongan: Password Changed to KXES7179
2021-10-28 17:21:39 : FCSAMSON: Password Changed to VIPW7367
2021-10-28 17:21:40 : ACMSanchez: Password Changed to KXLE6698
2021-10-28 17:21:41 : CSSardedo: Password Changed to GOSD9190
2021-10-28 17:21:41 : LHSarip: Password Changed to UWQB7793
2021-10-28 17:21:42 : EMSARIPADA: Password Changed to VLIO8274
2021-10-28 17:21:43 : NTSaripda: Password Changed to GKTK9273
2021-10-28 17:21:43 : RTSilorio: Password Changed to VHAT7067
2021-10-28 17:21:44 : SCSimon: Password Changed to SKIP7470
2021-10-28 17:21:45 : EASinajonan: Password Changed to QQLA7878
2021-10-28 17:21:45 : COSuclan: Password Changed to VFBR7799
2021-10-28 17:21:46 : LOSulutan: Password Changed to NKQW8991
2021-10-28 17:21:46 : NMSumonsol: Password Changed to WYJK8785
2021-10-28 17:21:47 : DTTablaso: Password Changed to YYRU9575
2021-10-28 17:21:48 : LMTSagge: Password Changed to JULN7890
2021-10-28 17:21:48 : AGTalapas: Password Changed to TWED8075
2021-10-28 17:21:49 : AJTMalinao: Password Changed to COHH8589
2021-10-28 17:21:49 : RDTan: Password Changed to WJUJ9882
2021-10-28 17:21:50 : JGBTanalgo: Password Changed to PSUJ9687
2021-10-28 17:21:51 : AATanggote: Password Changed to RZRT6588
2021-10-28 17:21:51 : MLMTindoy: Password Changed to CDDS7674
2021-10-28 17:21:52 : GSTo-Ong: Password Changed to XLRQ7398
2021-10-28 17:21:52 : JATOROGANAN: Password Changed to KDHN7068
2021-10-28 17:21:53 : HMTuanadatu: Password Changed to KTUL7166
2021-10-28 17:21:54 : LTMiran: Password Changed to ZXJB8279
2021-10-28 17:21:54 : HSDiamrod: Password Changed to ZHQS7466
2021-10-28 17:21:55 : JLUsman: Password Changed to UANQ9370
2021-10-28 17:21:55 : EKUTTO: Password Changed to IWXJ9079
2021-10-28 17:21:56 : VTVicente: Password Changed to UGUN6887
2021-10-28 17:21:56 : JSMVidal: Password Changed to KHFE7680
2021-10-28 17:21:57 : EDVildosola: Password Changed to BKUQ8974
2021-10-28 17:21:58 : VLDVillaceran: Password Changed to CMXL8579
2021-10-28 17:21:58 : TJBWagas: Password Changed to ESQP9183
2021-10-28 17:21:59 : JAYap: Password Changed to UMAE9399
2021-10-28 17:21:59 : RBCodarangan: Password Changed to WZLM9769
2021-10-28 17:22:00 : JGAlba: Password Changed to XQIT9885
2021-10-28 17:22:01 : IJJCabilangan: Password Changed to LAYV7997
2021-10-28 17:22:01 : SFPALI: Password Changed to FQJB7978
2021-10-28 17:22:02 : HSHassan: Password Changed to OMNM9690
2021-10-28 17:22:02 : FILIWALUG: Password Changed to ZHRT6982
2021-10-28 17:22:03 : RPMantorino: Password Changed to VLEY8097
2021-10-28 17:22:04 : SRSUngcar: Password Changed to SFFQ9985
2021-10-28 17:22:04 : RTSYulores: Password Changed to MEGK9182
2021-10-28 17:22:05 : SUABDULLAH: Password Changed to GPYA7099
2021-10-28 17:22:05 : AABANDILA is not expired! Reset aborted.
2021-10-28 17:22:05 : CSMaghinay: Password Changed to SIXJ7092
2021-10-28 17:22:06 : ASTonde: Password Changed to FICM7373
2021-10-28 17:22:07 : MBAballe: Password Changed to UUMM9665
2021-10-28 17:22:07 : JLCalipay: Password Changed to FDPJ6898
2021-10-28 17:22:08 : HDPanalandang: Password Changed to UXAR6797
2021-10-28 17:22:09 : JCLIBONA: Password Changed to ICSM9187
2021-10-28 17:22:09 : JCLIBONA: Password Changed to ICSM9187
2021-10-28 17:22:10 : SUABDULLAH: Password Changed to GPYA7099
2021-10-28 17:22:11 : BSPAMALOY: Password Changed to RMNV9468
2021-10-28 17:22:11 : MCEstel: Password Changed to HUMY9378
2021-10-28 17:22:12 : NDBagro: Password Changed to DJFA9594
2021-10-28 17:22:12 : TDAbdullah: Password Changed to TNBZ8271
2021-10-28 17:22:13 : MCHovina: Password Changed to UTIO7479
2021-10-28 17:22:14 : NAMohamad: Password Changed to LYIF8972
2021-10-28 17:22:14 : MACatayas: Password Changed to HVTI9177
2021-10-28 17:22:15 : AATanggote: Password Changed to RZRT6588
2021-10-28 17:22:15 : NDSOLAIMAN: Password Changed to FXQM7494
2021-10-28 17:22:16 : FJACasa: Password Changed to YTMD6772
2021-10-28 17:22:16 : HMAbdul: Password Changed to DVOD9187
2021-10-28 17:22:17 : MCHovina: Password Changed to UTIO7479
2021-10-28 17:22:18 : NDBUTUAN: Password Changed to XGHP7670
2021-10-28 17:22:18 : AALayson: Password Changed to EQLO8879
2021-10-28 17:22:19 : GCBITOON: Password Changed to XCBL8682
2021-10-28 17:22:19 : NBDelia: Password Changed to DXFT8995
2021-10-28 17:22:20 : MBJagorin: Password Changed to YPUO8982
2021-10-28 17:22:21 : SUKAdang: Password Changed to PWCM9669
2021-10-28 17:22:21 : AMRacman: Password Changed to IEUP9186
2021-10-28 17:22:22 : SAUnsa: Password Changed to IOXH7698
2021-10-28 17:22:23 : MJALatumbo: Password Changed to YTDG8468
2021-10-28 17:22:23 : HGAlim: Password Changed to WEZP8670
2021-10-28 17:22:24 : RTBelgira: Password Changed to KGNV7590
2021-10-28 17:22:25 : AALayson: Password Changed to EQLO8879
2021-10-28 17:22:25 : NBDelia: Password Changed to DXFT8995
2021-10-28 17:22:26 : LMFale: Password Changed to YXFK7070
2021-10-28 17:22:26 : NAOmar: Password Changed to HUNF7284
2021-10-28 17:22:27 : JKCDumpa: Password Changed to CHNX6891
2021-10-28 17:22:28 : BSPAMALOY: Password Changed to RMNV9468
2021-10-28 17:22:28 : JABEglesia: Password Changed to MBSV8894
