2021-10-28 16:39:55 : mdapostol: Password Changed to QNYX9285
2021-10-28 16:41:21 : JDAMPUAN: Password Changed to MEWI7067
2021-10-28 16:41:22 : HMPAKER: Password Changed to DBQB9285
2021-10-28 16:41:22 : mctdayag: Password Changed to FTIF9793
2021-10-28 16:41:23 : JMMAROHOMSALIC: Password Changed to RWWH9468
2021-10-28 16:41:24 : MJVGARCIA: Password Changed to HIRX7865
2021-10-28 16:41:24 : ejclorenzo: Password Changed to IDFR7682
2021-10-28 16:41:25 : rusalilaguia: Password Changed to WIYN9884
2021-10-28 16:41:26 : rcsumanting: Password Changed to HMME9390
2021-10-28 16:41:27 : ATMaguan Unkown Error: Reset aborted!
2021-10-28 16:41:27 : naebrahim: Password Changed to KBZP7776
2021-10-28 16:41:28 : KTMANGINSAY: Password Changed to GWFS8298
2021-10-28 16:41:28 : CSMaghinay Unkown Error: Reset aborted!
2021-10-28 16:41:28 : EDMAYORDOMO: Password Changed to VIDR6997
2021-10-28 16:41:29 : NDDISIMBAN: Password Changed to SZKF8568
2021-10-28 16:41:30 : CAVILLAFLOR: Password Changed to XHSX8667
2021-10-28 16:41:30 : AMDAROYODUN: Password Changed to HASA6979
2021-10-28 16:41:31 : ABTIAGO: Password Changed to ZVCE9672
2021-10-28 16:41:32 : LSMHADJI SAID: Password Changed to FWGR6669
2021-10-28 16:41:32 : JBKAPAMPANGAN: Password Changed to VKSP9099
2021-10-28 16:41:33 : AGCABANTUG: Password Changed to UJDN9871
2021-10-28 16:41:33 : ETDELIZO: Password Changed to GPUB9773
2021-10-28 16:41:34 : ARTABUA: Password Changed to PSSO9180
2021-10-28 16:41:35 : AAMARGANI: Password Changed to DVKF7672
2021-10-28 16:41:35 : AUQUIMOYOG: Password Changed to JAXM6672
2021-10-28 16:41:36 : CVSALUTILLO: Password Changed to BGDX8069
2021-10-28 16:41:36 : japanbangan: Password Changed to BRYP9071
2021-10-28 16:41:37 : BBZUMBAGA: Password Changed to QGHO6873
2021-10-28 16:41:37 : ISMACAPODI: Password Changed to NYNO9773
2021-10-28 16:41:38 : FLCALANDADA: Password Changed to IYBT8275
2021-10-28 16:41:39 : MFBGUNTING: Password Changed to BFDD7575
2021-10-28 16:41:39 : HMLANTO: Password Changed to IFNE7379
2021-10-28 16:41:40 : JPNAGDAPARAN: Password Changed to SJCF9990
2021-10-28 16:41:41 : SBRASCAL: Password Changed to AFRH8699
2021-10-28 16:41:41 : MJDSegafo: Password Changed to EYQQ9994
2021-10-28 16:41:42 : VPAKMAD: Password Changed to CRWU7976
2021-10-28 16:41:42 : MBDIPATUAN: Password Changed to MYEV8389
2021-10-28 16:41:43 : AAGMARIANO: Password Changed to HVJH7982
2021-10-28 16:41:44 : WDMUTIN: Password Changed to YKJJ8892
2021-10-28 16:41:44 : JJOORLOPIA: Password Changed to FKQP9097
2021-10-28 16:41:45 : CABPOBLETE: Password Changed to GYYZ9981
2021-10-28 16:41:45 : MSFUERTE: Password Changed to UFYS7086
2021-10-28 16:41:46 : SUABDULLAH Unkown Error: Reset aborted!
2021-10-28 16:41:46 : TDAbdullah Unkown Error: Reset aborted!
2021-10-28 16:41:46 : JIAbraham Unkown Error: Reset aborted!
2021-10-28 16:41:46 : CKNFlores Unkown Error: Reset aborted!
2021-10-28 16:41:47 : FJCACUPINPIN Unkown Error: Reset aborted!
2021-10-28 16:41:47 : NMAdiong Unkown Error: Reset aborted!
2021-10-28 16:41:47 : KBAkop Unkown Error: Reset aborted!
2021-10-28 16:41:47 : NLALAB Unkown Error: Reset aborted!
2021-10-28 16:41:47 : ELALAPAN Unkown Error: Reset aborted!
2021-10-28 16:41:48 : CLAlasagas Unkown Error: Reset aborted!
2021-10-28 16:41:48 : CRAlcala Unkown Error: Reset aborted!
2021-10-28 16:41:48 : OKAli Unkown Error: Reset aborted!
2021-10-28 16:41:48 : RPALI Unkown Error: Reset aborted!
2021-10-28 16:41:49 : RDALILANTO Unkown Error: Reset aborted!
2021-10-28 16:41:49 : HGAlim Unkown Error: Reset aborted!
2021-10-28 16:41:49 : MCAAlvior Unkown Error: Reset aborted!
2021-10-28 16:41:49 : JPAmbalgan Unkown Error: Reset aborted!
2021-10-28 16:41:50 : EMAmbrad Unkown Error: Reset aborted!
2021-10-28 16:41:50 : AHAmer Unkown Error: Reset aborted!
2021-10-28 16:41:50 : ICAngca Unkown Error: Reset aborted!
2021-10-28 16:41:50 : MGLAPPALA Unkown Error: Reset aborted!
2021-10-28 16:41:51 : MJFARAGONA Unkown Error: Reset aborted!
2021-10-28 16:41:51 : JAPedregosa Unkown Error: Reset aborted!
2021-10-28 16:41:51 : CCAREVALO Unkown Error: Reset aborted!
2021-10-28 16:41:51 : NSAsi Unkown Error: Reset aborted!
2021-10-28 16:41:51 : CAAvila Unkown Error: Reset aborted!
2021-10-28 16:41:52 : JRBacaling Unkown Error: Reset aborted!
2021-10-28 16:41:52 : PABadal Unkown Error: Reset aborted!
2021-10-28 16:41:52 : NDBagro Unkown Error: Reset aborted!
2021-10-28 16:41:52 : SSBalindong Unkown Error: Reset aborted!
2021-10-28 16:41:52 : JMBalunto Unkown Error: Reset aborted!
2021-10-28 16:41:53 : SMLBaro Unkown Error: Reset aborted!
2021-10-28 16:41:53 : SMBBARRETO Unkown Error: Reset aborted!
2021-10-28 16:41:53 : CDBatino Unkown Error: Reset aborted!
2021-10-28 16:41:53 : MLLBAYOGOS Unkown Error: Reset aborted!
2021-10-28 16:41:53 : RTBelgira Unkown Error: Reset aborted!
2021-10-28 16:41:54 : SNRHassan Unkown Error: Reset aborted!
2021-10-28 16:41:54 : GGBito-On Unkown Error: Reset aborted!
2021-10-28 16:41:54 : JRBolencis Unkown Error: Reset aborted!
2021-10-28 16:41:54 : NSBubong Unkown Error: Reset aborted!
2021-10-28 16:41:54 : CABDePedro Unkown Error: Reset aborted!
2021-10-28 16:41:54 : NDBUTUAN Unkown Error: Reset aborted!
2021-10-28 16:41:55 : VHCCaballero Unkown Error: Reset aborted!
2021-10-28 16:41:55 : CLCabaobao Unkown Error: Reset aborted!
2021-10-28 16:41:55 : DIOTan Unkown Error: Reset aborted!
2021-10-28 16:41:55 : JCMCalanao Unkown Error: Reset aborted!
2021-10-28 16:41:55 : CRSCalibayan Unkown Error: Reset aborted!
2021-10-28 16:41:56 : MECALIBAYAN Unkown Error: Reset aborted!
2021-10-28 16:41:56 : RMCalimbaba Unkown Error: Reset aborted!
2021-10-28 16:41:56 : HACamim Unkown Error: Reset aborted!
2021-10-28 16:41:56 : RCCanarejo Unkown Error: Reset aborted!
2021-10-28 16:41:56 : MSCanto Unkown Error: Reset aborted!
2021-10-28 16:41:57 : NDSOLAIMAN Unkown Error: Reset aborted!
2021-10-28 16:41:57 : ASCasan Unkown Error: Reset aborted!
2021-10-28 16:41:57 : MBCasanguan Unkown Error: Reset aborted!
2021-10-28 16:41:57 : SMHCasilagan Unkown Error: Reset aborted!
2021-10-28 16:41:57 : HLCASTILLON Unkown Error: Reset aborted!
2021-10-28 16:41:58 : GCCastro Unkown Error: Reset aborted!
2021-10-28 16:41:58 : JSCATAAN Unkown Error: Reset aborted!
2021-10-28 16:41:58 : AJCATALAN Unkown Error: Reset aborted!
2021-10-28 16:41:58 : MACatayas Unkown Error: Reset aborted!
2021-10-28 16:41:58 : GGGCELIZ Unkown Error: Reset aborted!
2021-10-28 16:41:59 : MMACCLARO Unkown Error: Reset aborted!
2021-10-28 16:41:59 : RMCLAVE Unkown Error: Reset aborted!
2021-10-28 16:41:59 : CDCo Unkown Error: Reset aborted!
2021-10-28 16:41:59 : RBCodarangan Unkown Error: Reset aborted!
2021-10-28 16:41:59 : HBCOSAIN Unkown Error: Reset aborted!
2021-10-28 16:42:00 : CTCruz Unkown Error: Reset aborted!
2021-10-28 16:42:00 : RACruz Unkown Error: Reset aborted!
2021-10-28 16:42:00 : NHDagumbel Unkown Error: Reset aborted!
2021-10-28 16:42:00 : AJTDARI Unkown Error: Reset aborted!
2021-10-28 16:42:01 : BJMDatuEsmael Unkown Error: Reset aborted!
2021-10-28 16:42:01 : RBDEGUZMAN Unkown Error: Reset aborted!
2021-10-28 16:42:01 : DMDelalamon Unkown Error: Reset aborted!
2021-10-28 16:42:01 : HMBDeLasAlas Unkown Error: Reset aborted!
2021-10-28 16:42:01 : JVDemavivas Unkown Error: Reset aborted!
2021-10-28 16:42:02 : DLDiezon Unkown Error: Reset aborted!
2021-10-28 16:42:02 : NGDimatingkal Unkown Error: Reset aborted!
2021-10-28 16:42:02 : VVDimson Unkown Error: Reset aborted!
2021-10-28 16:42:02 : NMDinas Unkown Error: Reset aborted!
2021-10-28 16:42:02 : JCDulong Unkown Error: Reset aborted!
2021-10-28 16:42:03 : HCDUMAGAT Unkown Error: Reset aborted!
2021-10-28 16:42:03 : OADumato Unkown Error: Reset aborted!
2021-10-28 16:42:03 : LDHilario Unkown Error: Reset aborted!
2021-10-28 16:42:03 : RVDuyag Unkown Error: Reset aborted!
2021-10-28 16:42:03 : HMAbdul Unkown Error: Reset aborted!
2021-10-28 16:42:04 : MGMEMBOLTORIO Unkown Error: Reset aborted!
2021-10-28 16:42:04 : JBEsmail Unkown Error: Reset aborted!
2021-10-28 16:42:04 : CFEstampador Unkown Error: Reset aborted!
2021-10-28 16:42:04 : CMEEXAMEN Unkown Error: Reset aborted!
2021-10-28 16:42:04 : LRExmundo Unkown Error: Reset aborted!
2021-10-28 16:42:05 : NBFabale Unkown Error: Reset aborted!
2021-10-28 16:42:05 : NDFaderon Unkown Error: Reset aborted!
2021-10-28 16:42:05 : BMFFALE Unkown Error: Reset aborted!
2021-10-28 16:42:05 : AMFernandez Unkown Error: Reset aborted!
2021-10-28 16:42:05 : CMFlores Unkown Error: Reset aborted!
2021-10-28 16:42:06 : MTMacadatu Unkown Error: Reset aborted!
2021-10-28 16:42:06 : MBGALIDO Unkown Error: Reset aborted!
2021-10-28 16:42:06 : NLGalve Unkown Error: Reset aborted!
2021-10-28 16:42:06 : AEGANI Unkown Error: Reset aborted!
2021-10-28 16:42:07 : CAGASPAR Unkown Error: Reset aborted!
2021-10-28 16:42:07 : LDGaupo Unkown Error: Reset aborted!
2021-10-28 16:42:07 : DGDohinog Unkown Error: Reset aborted!
2021-10-28 16:42:07 : MSGocon Unkown Error: Reset aborted!
2021-10-28 16:42:07 : RKSanturing Unkown Error: Reset aborted!
2021-10-28 16:42:08 : ASGUIALO Unkown Error: Reset aborted!
2021-10-28 16:42:08 : JMMGuyos Unkown Error: Reset aborted!
2021-10-28 16:42:08 : IDHRacman Unkown Error: Reset aborted!
2021-10-28 16:42:08 : NMSolaiman Unkown Error: Reset aborted!
2021-10-28 16:42:09 : KLHofer Unkown Error: Reset aborted!
2021-10-28 16:42:09 : MCHovina Unkown Error: Reset aborted!
2021-10-28 16:42:09 : MBIbrahim Unkown Error: Reset aborted!
2021-10-28 16:42:09 : JHINDAR Unkown Error: Reset aborted!
2021-10-28 16:42:09 : ACInedal Unkown Error: Reset aborted!
2021-10-28 16:42:09 : MBJagorin Unkown Error: Reset aborted!
2021-10-28 16:42:10 : JLAJunio Unkown Error: Reset aborted!
2021-10-28 16:42:10 : NKGani Unkown Error: Reset aborted!
2021-10-28 16:42:10 : NHKABUGATAN Unkown Error: Reset aborted!
2021-10-28 16:42:10 : MUKalis Unkown Error: Reset aborted!
2021-10-28 16:42:10 : BAKASAN Unkown Error: Reset aborted!
2021-10-28 16:42:11 : NJUKhan Unkown Error: Reset aborted!
2021-10-28 16:42:11 : NAKUSAIN Unkown Error: Reset aborted!
2021-10-28 16:42:11 : MGRLabordo Unkown Error: Reset aborted!
2021-10-28 16:42:11 : JLLaco Unkown Error: Reset aborted!
2021-10-28 16:42:11 : NSLanto Unkown Error: Reset aborted!
2021-10-28 16:42:12 : MJALatumbo Unkown Error: Reset aborted!
2021-10-28 16:42:12 : ZMLauban Unkown Error: Reset aborted!
2021-10-28 16:42:12 : AHLaut Unkown Error: Reset aborted!
2021-10-28 16:42:12 : SCLAYAWON Unkown Error: Reset aborted!
2021-10-28 16:42:13 : ALABUTASIL Unkown Error: Reset aborted!
2021-10-28 16:42:13 : APLemon Unkown Error: Reset aborted!
2021-10-28 16:42:13 : ENLeoncito Unkown Error: Reset aborted!
2021-10-28 16:42:13 : JCLIBONA Unkown Error: Reset aborted!
2021-10-28 16:42:13 : NDLidasan Unkown Error: Reset aborted!
2021-10-28 16:42:14 : MLLidot Unkown Error: Reset aborted!
2021-10-28 16:42:14 : PMLIGO Unkown Error: Reset aborted!
2021-10-28 16:42:14 : NMDLofranco Unkown Error: Reset aborted!
2021-10-28 16:42:14 : RGLOSBANEZ Unkown Error: Reset aborted!
2021-10-28 16:42:14 : BALuay Unkown Error: Reset aborted!
2021-10-28 16:42:15 : EWLupina Unkown Error: Reset aborted!
2021-10-28 16:42:15 : ARGMacasundig Unkown Error: Reset aborted!
2021-10-28 16:42:15 : APMacawadib Unkown Error: Reset aborted!
2021-10-28 16:42:15 : NMMadali Unkown Error: Reset aborted!
2021-10-28 16:42:15 : MSMadid Unkown Error: Reset aborted!
2021-10-28 16:42:16 : GAMagallon Unkown Error: Reset aborted!
2021-10-28 16:42:16 : CSMaghinay Unkown Error: Reset aborted!
2021-10-28 16:42:16 : MNMRamilo Unkown Error: Reset aborted!
2021-10-28 16:42:16 : ATMaguan Unkown Error: Reset aborted!
2021-10-28 16:42:17 : AMMahawan Unkown Error: Reset aborted!
2021-10-28 16:42:17 : NGMalang Unkown Error: Reset aborted!
2021-10-28 16:42:17 : NCMalna Unkown Error: Reset aborted!
2021-10-28 16:42:17 : BGMAMANTAL Unkown Error: Reset aborted!
2021-10-28 16:42:17 : OEMAMANTAL Unkown Error: Reset aborted!
2021-10-28 16:42:18 : HADanganan Unkown Error: Reset aborted!
2021-10-28 16:42:18 : KAManabat Unkown Error: Reset aborted!
2021-10-28 16:42:18 : QHTMandangan Unkown Error: Reset aborted!
2021-10-28 16:42:18 : MOMANDIA Unkown Error: Reset aborted!
2021-10-28 16:42:19 : RMMangondato Unkown Error: Reset aborted!
2021-10-28 16:42:19 : FSInterino Unkown Error: Reset aborted!
2021-10-28 16:42:19 : AUManudal Unkown Error: Reset aborted!
2021-10-28 16:42:19 : SMGMargate Unkown Error: Reset aborted!
2021-10-28 16:42:19 : ASMarohom Unkown Error: Reset aborted!
2021-10-28 16:42:20 : MMMAROHOM Unkown Error: Reset aborted!
2021-10-28 16:42:20 : RIMAROHOM Unkown Error: Reset aborted!
2021-10-28 16:42:20 : RCMASORONG Unkown Error: Reset aborted!
2021-10-28 16:42:20 : ASMASUKAT Unkown Error: Reset aborted!
2021-10-28 16:42:20 : NSMasukat Unkown Error: Reset aborted!
2021-10-28 16:42:21 : LFMEMORIAL Unkown Error: Reset aborted!
2021-10-28 16:42:21 : JGQMendoza Unkown Error: Reset aborted!
2021-10-28 16:42:21 : AMRakhim Unkown Error: Reset aborted!
2021-10-28 16:42:21 : NBMilitante Unkown Error: Reset aborted!
2021-10-28 16:42:21 : WSMILAN Unkown Error: Reset aborted!
2021-10-28 16:42:22 : NJAMOHAMAD Unkown Error: Reset aborted!
2021-10-28 16:42:22 : NAMohamad Unkown Error: Reset aborted!
2021-10-28 16:42:22 : NAMohamad Unkown Error: Reset aborted!
2021-10-28 16:42:22 : LPMolina Unkown Error: Reset aborted!
2021-10-28 16:42:23 : DLBNabor Unkown Error: Reset aborted!
2021-10-28 16:42:23 : RANARCISO Unkown Error: Reset aborted!
2021-10-28 16:42:23 : SVNino Unkown Error: Reset aborted!
2021-10-28 16:42:23 : GCNiones Unkown Error: Reset aborted!
2021-10-28 16:42:23 : AANurrudin-Razik Unkown Error: Reset aborted!
2021-10-28 16:42:24 : JPOchavillo Unkown Error: Reset aborted!
2021-10-28 16:42:24 : STOng Unkown Error: Reset aborted!
2021-10-28 16:42:24 : EOPAGARIGAN Unkown Error: Reset aborted!
2021-10-28 16:42:24 : MBPagharion Unkown Error: Reset aborted!
2021-10-28 16:42:25 : BAPaglala Unkown Error: Reset aborted!
2021-10-28 16:42:25 : LBRDevelos Unkown Error: Reset aborted!
2021-10-28 16:42:25 : HMPAKER: Password Changed to DBQB9285
2021-10-28 16:42:26 : SRPaloma Unkown Error: Reset aborted!
2021-10-28 16:42:26 : BSPAMALOY Unkown Error: Reset aborted!
2021-10-28 16:42:26 : DPPamularco Unkown Error: Reset aborted!
2021-10-28 16:42:26 : HDPanalandang Unkown Error: Reset aborted!
2021-10-28 16:42:27 : YSPanalandang Unkown Error: Reset aborted!
2021-10-28 16:42:27 : NAPandapatan Unkown Error: Reset aborted!
2021-10-28 16:42:27 : PMSPaniza Unkown Error: Reset aborted!
2021-10-28 16:42:27 : DMParenno Unkown Error: Reset aborted!
2021-10-28 16:42:27 : JDPayla Unkown Error: Reset aborted!
2021-10-28 16:42:28 : JMRascal Unkown Error: Reset aborted!
2021-10-28 16:42:28 : ZOPENDONG Unkown Error: Reset aborted!
2021-10-28 16:42:28 : HGCPRIINCIPE Unkown Error: Reset aborted!
2021-10-28 16:42:28 : DJPulido Unkown Error: Reset aborted!
2021-10-28 16:42:28 : MCGLACRO: Password Changed to HREZ6692
2021-10-28 16:42:29 : DCRabanillo Unkown Error: Reset aborted!
2021-10-28 16:42:29 : MLRadin Unkown Error: Reset aborted!
2021-10-28 16:42:29 : JMRascal Unkown Error: Reset aborted!
2021-10-28 16:42:30 : JBRaymundo Unkown Error: Reset aborted!
2021-10-28 16:42:30 : MMRondina Unkown Error: Reset aborted!
2021-10-28 16:42:30 : GSPRotel Unkown Error: Reset aborted!
2021-10-28 16:42:30 : AMDRoullo Unkown Error: Reset aborted!
2021-10-28 16:42:30 : RCRUAM Unkown Error: Reset aborted!
2021-10-28 16:42:31 : EMSabando Unkown Error: Reset aborted!
2021-10-28 16:42:31 : HFPGABAC: Password Changed to PUEG6669
2021-10-28 16:42:32 : NGSacop Unkown Error: Reset aborted!
2021-10-28 16:42:32 : FGSALILAGUIA Unkown Error: Reset aborted!
2021-10-28 16:42:32 : MSMomongan Unkown Error: Reset aborted!
2021-10-28 16:42:32 : FCSAMSON Unkown Error: Reset aborted!
2021-10-28 16:42:33 : ACMSanchez Unkown Error: Reset aborted!
2021-10-28 16:42:33 : NHMAMOSACA: Password Changed to INFG9574
2021-10-28 16:42:34 : CSSardedo Unkown Error: Reset aborted!
2021-10-28 16:42:34 : LHSarip Unkown Error: Reset aborted!
2021-10-28 16:42:34 : EMSARIPADA Unkown Error: Reset aborted!
2021-10-28 16:42:34 : NTSaripda Unkown Error: Reset aborted!
2021-10-28 16:42:35 : RTSilorio Unkown Error: Reset aborted!
2021-10-28 16:42:35 : SCSimon Unkown Error: Reset aborted!
2021-10-28 16:42:35 : EASinajonan Unkown Error: Reset aborted!
2021-10-28 16:42:35 : COSuclan Unkown Error: Reset aborted!
2021-10-28 16:42:36 : LOSulutan Unkown Error: Reset aborted!
2021-10-28 16:42:36 : NMSumonsol Unkown Error: Reset aborted!
2021-10-28 16:42:36 : DTTablaso Unkown Error: Reset aborted!
2021-10-28 16:42:36 : LMTSagge Unkown Error: Reset aborted!
2021-10-28 16:42:36 : AGTalapas Unkown Error: Reset aborted!
2021-10-28 16:42:37 : AJTMalinao Unkown Error: Reset aborted!
2021-10-28 16:42:37 : RDTan Unkown Error: Reset aborted!
2021-10-28 16:42:37 : JGBTanalgo Unkown Error: Reset aborted!
2021-10-28 16:42:37 : AATanggote Unkown Error: Reset aborted!
2021-10-28 16:42:38 : MLMTindoy Unkown Error: Reset aborted!
2021-10-28 16:42:38 : GSTo-Ong Unkown Error: Reset aborted!
2021-10-28 16:42:38 : JATOROGANAN Unkown Error: Reset aborted!
2021-10-28 16:42:38 : HMTuanadatu Unkown Error: Reset aborted!
2021-10-28 16:42:38 : LTMiran Unkown Error: Reset aborted!
2021-10-28 16:42:39 : HSDiamrod Unkown Error: Reset aborted!
2021-10-28 16:42:39 : JLUsman Unkown Error: Reset aborted!
2021-10-28 16:42:39 : EKUTTO Unkown Error: Reset aborted!
2021-10-28 16:42:40 : VTVicente Unkown Error: Reset aborted!
2021-10-28 16:42:40 : JSMVidal Unkown Error: Reset aborted!
2021-10-28 16:42:40 : EDVildosola Unkown Error: Reset aborted!
2021-10-28 16:42:40 : VLDVillaceran Unkown Error: Reset aborted!
2021-10-28 16:42:41 : TJBWagas Unkown Error: Reset aborted!
2021-10-28 16:42:41 : JAYap Unkown Error: Reset aborted!
2021-10-28 16:42:41 : JLZUYCO: Password Changed to EXYR7390
2021-10-28 16:42:42 : NBBLANCO: Password Changed to XFBB9875
2021-10-28 16:42:43 : RBCodarangan Unkown Error: Reset aborted!
2021-10-28 16:42:43 : JGAlba Unkown Error: Reset aborted!
2021-10-28 16:42:43 : FAMAMA: Password Changed to HAFP9796
2021-10-28 16:42:44 : IJJCabilangan Unkown Error: Reset aborted!
2021-10-28 16:42:44 : SBALIMONDAS: Password Changed to NZEE6687
2021-10-28 16:42:45 : CLAJENO: Password Changed to UBFL7990
2021-10-28 16:42:46 : SNDSARIPADA: Password Changed to FBTT7179
2021-10-28 16:42:47 : AJBPIKIT: Password Changed to HMZG9699
2021-10-28 16:42:47 : HLGOGATIS: Password Changed to XVJR8483
2021-10-28 16:42:48 : NPUMBALAN: Password Changed to BNPX7799
2021-10-28 16:42:49 : RNPONCE: Password Changed to XJND7280
2021-10-28 16:42:49 : SFPALI Unkown Error: Reset aborted!
2021-10-28 16:42:49 : HSHassan Unkown Error: Reset aborted!
2021-10-28 16:42:50 : SGDATAYA: Password Changed to GOCL9688
2021-10-28 16:42:50 : JVVEGO: Password Changed to KTBC9292
2021-10-28 16:42:51 : MLJUANICO: Password Changed to GQED7376
2021-10-28 16:42:52 : FILIWALUG Unkown Error: Reset aborted!
2021-10-28 16:42:52 : NDDISIMBAN: Password Changed to SZKF8568
2021-10-28 16:42:53 : AMSANICO: Password Changed to CKOJ7677
2021-10-28 16:42:53 : RPMantorino Unkown Error: Reset aborted!
2021-10-28 16:42:53 : RBRAFAILES: Password Changed to FYXC7392
2021-10-28 16:42:54 : SRSUngcar Unkown Error: Reset aborted!
2021-10-28 16:42:54 : LJSULPOT: Password Changed to PVUN6582
2021-10-28 16:42:55 : JZOBARRON: Password Changed to VOON8967
2021-10-28 16:42:56 : RTSYulores Unkown Error: Reset aborted!
2021-10-28 16:42:56 : SAKADIL: Password Changed to WOAR9788
2021-10-28 16:42:57 : JMLUNAK: Password Changed to RCBK6885
2021-10-28 16:42:57 : SMSULTAN: Password Changed to SIZW8396
2021-10-28 16:42:58 : SBGUMAGA: Password Changed to BYDJ8872
2021-10-28 16:42:59 : KALEMENTE: Password Changed to FDBJ8767
2021-10-28 16:42:59 : SPDIALAL: Password Changed to VLPK7979
2021-10-28 16:43:00 : SMBUTUA: Password Changed to RDGR6582
2021-10-28 16:43:00 : MMKAMA: Password Changed to DDMH8786
2021-10-28 16:43:01 : FAMAMA: Password Changed to HAFP9796
2021-10-28 16:43:02 : SMSAMAD: Password Changed to KUUR9874
2021-10-28 16:43:02 : APABDULGANI: Password Changed to WESK6967
2021-10-28 16:43:03 : SUABDULLAH Unkown Error: Reset aborted!
2021-10-28 16:43:03 : HMMUSTAPHA: Password Changed to GQVP6576
2021-10-28 16:43:04 : NSABENDAN: Password Changed to CZUL7376
2021-10-28 16:43:05 : ADMAROHOM: Password Changed to MDWJ7574
2021-10-28 16:43:05 : NMABPI: Password Changed to HOBD8887
2021-10-28 16:43:06 : HGLANSON: Password Changed to RAOE8272
2021-10-28 16:43:06 : JAALAUYA: Password Changed to KGFY7283
2021-10-28 16:43:07 : ZNALI: Password Changed to FGUL9072
2021-10-28 16:43:08 : AMALIM: Password Changed to DBDJ7384
2021-10-28 16:43:08 : JGORGANIA: Password Changed to TKSW7067
2021-10-28 16:43:09 : CAVENTURINA: Password Changed to SPIJ8067
2021-10-28 16:43:10 : SSBACARAT: Password Changed to YNEF8569
2021-10-28 16:43:11 : ALBALAYMAN: Password Changed to PLNS9969
2021-10-28 16:43:11 : AABANDILA is not expired! Reset aborted.
2021-10-28 16:43:11 : MHBITOR-ISMAEL: Password Changed to ONZX9998
2021-10-28 16:43:12 : CPBULOD: Password Changed to JQNE9191
2021-10-28 16:43:13 : GBCARBON: Password Changed to IXGU8294
2021-10-28 16:43:13 : MBCARBONEL: Password Changed to ZZNC7081
2021-10-28 16:43:14 : JSCASSER: Password Changed to TMXD6587
2021-10-28 16:43:14 : ZSCASSER: Password Changed to JKSW7284
2021-10-28 16:43:15 : KMMCLARITO: Password Changed to EIPA8289
2021-10-28 16:43:16 : RSDAINAL: Password Changed to AHUF8670
2021-10-28 16:43:16 : JMDAKSLA: Password Changed to EGQC7592
2021-10-28 16:43:17 : LaAdizas: Password Changed to BFOD8984
2021-10-28 16:43:17 : JMPOCOL: Password Changed to NCJX6792
2021-10-28 16:43:18 : SADIANGKA: Password Changed to FQQS8274
2021-10-28 16:43:19 : SNUDICOL: Password Changed to IUVY7970
2021-10-28 16:43:19 : JMDISOMIMBA: Password Changed to QQJY8371
2021-10-28 16:43:20 : LSDIVINAGRACIA: Password Changed to WPFX8373
2021-10-28 16:43:21 : IDCEIGO: Password Changed to HFFD6966
2021-10-28 16:43:21 : RSAMERODIN: Password Changed to HKZE7499
2021-10-28 16:43:22 : DEREBUCAS: Password Changed to RWJF8774
2021-10-28 16:43:23 : JCGAQUING: Password Changed to ZPNH7180
2021-10-28 16:43:23 : JCGAQUING: Password Changed to ZPNH7180
2021-10-28 16:43:24 : JAGOMEZ: Password Changed to BNPQ9876
2021-10-28 16:43:25 : AGLAGUIALAM: Password Changed to AUJZ8265
2021-10-28 16:43:25 : SPGURO: Password Changed to KKYS6698
2021-10-28 16:43:26 : CAHADONG: Password Changed to SCGU7368
2021-10-28 16:43:27 : RYHumagbas: Password Changed to IHWQ7190
2021-10-28 16:43:27 : CKFIDECA: Password Changed to YCSY7870
2021-10-28 16:43:28 : japanbangan: Password Changed to BRYP9071
2021-10-28 16:43:29 : NDDISIMBAN: Password Changed to SZKF8568
2021-10-28 16:43:29 : NDMACADAAG: Password Changed to PHCY8696
2021-10-28 16:43:30 : CSMaghinay Unkown Error: Reset aborted!
2021-10-28 16:43:30 : ASTonde Unkown Error: Reset aborted!
2021-10-28 16:43:31 : MBAballe Unkown Error: Reset aborted!
2021-10-28 16:43:31 : JLCalipay Unkown Error: Reset aborted!
2021-10-28 16:43:31 : HDPanalandang Unkown Error: Reset aborted!
2021-10-28 16:43:31 : RSAMERODIN: Password Changed to HKZE7499
2021-10-28 16:43:32 : JCLIBONA Unkown Error: Reset aborted!
2021-10-28 16:43:32 : JCLIBONA Unkown Error: Reset aborted!
2021-10-28 16:43:33 : SUABDULLAH Unkown Error: Reset aborted!
2021-10-28 16:43:33 : JAALAUYA: Password Changed to KGFY7283
2021-10-28 16:43:33 : BSPAMALOY Unkown Error: Reset aborted!
2021-10-28 16:43:34 : MCEstel Unkown Error: Reset aborted!
2021-10-28 16:43:34 : NDBagro Unkown Error: Reset aborted!
2021-10-28 16:43:34 : TDAbdullah Unkown Error: Reset aborted!
2021-10-28 16:43:34 : ADMAROHOM: Password Changed to MDWJ7574
2021-10-28 16:43:35 : MCHovina Unkown Error: Reset aborted!
2021-10-28 16:43:35 : NAMohamad Unkown Error: Reset aborted!
2021-10-28 16:43:35 : MACatayas Unkown Error: Reset aborted!
2021-10-28 16:43:36 : naebrahim: Password Changed to KBZP7776
2021-10-28 16:43:36 : JAALAUYA: Password Changed to KGFY7283
2021-10-28 16:43:37 : AATanggote Unkown Error: Reset aborted!
2021-10-28 16:43:37 : NDSOLAIMAN Unkown Error: Reset aborted!
2021-10-28 16:43:37 : FJACasa Unkown Error: Reset aborted!
2021-10-28 16:43:38 : HMAbdul Unkown Error: Reset aborted!
2021-10-28 16:43:38 : MCHovina Unkown Error: Reset aborted!
2021-10-28 16:43:38 : NDBUTUAN Unkown Error: Reset aborted!
2021-10-28 16:43:38 : AALayson Unkown Error: Reset aborted!
2021-10-28 16:43:38 : GCBITOON Unkown Error: Reset aborted!
2021-10-28 16:43:39 : NBDelia Unkown Error: Reset aborted!
2021-10-28 16:43:39 : MBJagorin Unkown Error: Reset aborted!
2021-10-28 16:43:39 : SUKAdang Unkown Error: Reset aborted!
2021-10-28 16:43:39 : JMDISOMIMBA: Password Changed to QQJY8371
2021-10-28 16:43:40 : AMRacman Unkown Error: Reset aborted!
2021-10-28 16:43:40 : JLZUYCO: Password Changed to EXYR7390
2021-10-28 16:43:41 : SAUnsa Unkown Error: Reset aborted!
2021-10-28 16:43:41 : MJALatumbo Unkown Error: Reset aborted!
2021-10-28 16:43:41 : HGAlim Unkown Error: Reset aborted!
2021-10-28 16:43:41 : RTBelgira Unkown Error: Reset aborted!
2021-10-28 16:43:42 : AALayson Unkown Error: Reset aborted!
2021-10-28 16:43:42 : NBDelia Unkown Error: Reset aborted!
2021-10-28 16:43:42 : LMFale Unkown Error: Reset aborted!
2021-10-28 16:43:42 : JMDISOMIMBA: Password Changed to QQJY8371
2021-10-28 16:43:43 : NAOmar Unkown Error: Reset aborted!
2021-10-28 16:43:43 : JKCDumpa Unkown Error: Reset aborted!
2021-10-28 16:43:43 : BSPAMALOY Unkown Error: Reset aborted!
2021-10-28 16:43:43 : JABEglesia Unkown Error: Reset aborted!
2021-10-28 16:50:43 : ATMaguan Unkown Error: Reset aborted! ->-2147352567
2021-10-28 16:50:43 : CSMaghinay Unkown Error: Reset aborted! ->-2147352567
2021-10-28 16:50:43 : SUABDULLAH Unkown Error: Reset aborted! ->-2147352567
2021-10-28 16:50:43 : TDAbdullah Unkown Error: Reset aborted! ->-2147352567
2021-10-28 16:50:43 : JIAbraham Unkown Error: Reset aborted! ->-2147352567
2021-10-28 16:50:44 : CKNFlores Unkown Error: Reset aborted! ->-2147352567
2021-10-28 16:50:44 : FJCACUPINPIN Unkown Error: Reset aborted! ->-2147352567
2021-10-28 16:50:44 : NMAdiong Unkown Error: Reset aborted! ->-2147352567
2021-10-28 16:50:44 : KBAkop Unkown Error: Reset aborted! ->-2147352567
2021-10-28 16:50:44 : NLALAB Unkown Error: Reset aborted! ->-2147352567
2021-10-28 16:50:45 : ELALAPAN Unkown Error: Reset aborted! ->-2147352567
2021-10-28 16:50:45 : CLAlasagas Unkown Error: Reset aborted! ->-2147352567
2021-10-28 16:50:45 : CRAlcala Unkown Error: Reset aborted! ->-2147352567
2021-10-28 16:50:45 : OKAli Unkown Error: Reset aborted! ->-2147352567
2021-10-28 16:50:45 : RPALI Unkown Error: Reset aborted! ->-2147352567
2021-10-28 16:50:45 : RDALILANTO Unkown Error: Reset aborted! ->-2147352567
2021-10-28 16:50:46 : HGAlim Unkown Error: Reset aborted! ->-2147352567
2021-10-28 16:50:46 : MCAAlvior Unkown Error: Reset aborted! ->-2147352567
2021-10-28 16:50:46 : JPAmbalgan Unkown Error: Reset aborted! ->-2147352567
2021-10-28 16:50:46 : EMAmbrad Unkown Error: Reset aborted! ->-2147352567
2021-10-28 16:50:46 : AHAmer Unkown Error: Reset aborted! ->-2147352567
2021-10-28 16:50:47 : ICAngca Unkown Error: Reset aborted! ->-2147352567
2021-10-28 16:50:47 : MGLAPPALA Unkown Error: Reset aborted! ->-2147352567
2021-10-28 16:50:47 : MJFARAGONA Unkown Error: Reset aborted! ->-2147352567
2021-10-28 16:50:47 : JAPedregosa Unkown Error: Reset aborted! ->-2147352567
2021-10-28 16:50:47 : CCAREVALO Unkown Error: Reset aborted! ->-2147352567
2021-10-28 16:50:48 : NSAsi Unkown Error: Reset aborted! ->-2147352567
2021-10-28 16:50:48 : CAAvila Unkown Error: Reset aborted! ->-2147352567
2021-10-28 16:50:48 : JRBacaling Unkown Error: Reset aborted! ->-2147352567
2021-10-28 16:50:48 : PABadal Unkown Error: Reset aborted! ->-2147352567
2021-10-28 16:50:48 : NDBagro Unkown Error: Reset aborted! ->-2147352567
2021-10-28 16:50:49 : SSBalindong Unkown Error: Reset aborted! ->-2147352567
2021-10-28 16:50:49 : JMBalunto Unkown Error: Reset aborted! ->-2147352567
2021-10-28 16:50:49 : SMLBaro Unkown Error: Reset aborted! ->-2147352567
2021-10-28 16:50:49 : SMBBARRETO Unkown Error: Reset aborted! ->-2147352567
2021-10-28 16:50:49 : CDBatino Unkown Error: Reset aborted! ->-2147352567
2021-10-28 16:50:50 : MLLBAYOGOS Unkown Error: Reset aborted! ->-2147352567
2021-10-28 16:50:50 : RTBelgira Unkown Error: Reset aborted! ->-2147352567
2021-10-28 16:50:50 : SNRHassan Unkown Error: Reset aborted! ->-2147352567
2021-10-28 16:50:50 : GGBito-On Unkown Error: Reset aborted! ->-2147352567
2021-10-28 16:50:50 : JRBolencis Unkown Error: Reset aborted! ->-2147352567
2021-10-28 16:50:51 : NSBubong Unkown Error: Reset aborted! ->-2147352567
2021-10-28 16:50:51 : CABDePedro Unkown Error: Reset aborted! ->-2147352567
2021-10-28 16:50:51 : NDBUTUAN Unkown Error: Reset aborted! ->-2147352567
2021-10-28 16:50:51 : VHCCaballero Unkown Error: Reset aborted! ->-2147352567
2021-10-28 16:50:51 : CLCabaobao Unkown Error: Reset aborted! ->-2147352567
2021-10-28 16:50:52 : DIOTan Unkown Error: Reset aborted! ->-2147352567
2021-10-28 16:50:52 : JCMCalanao Unkown Error: Reset aborted! ->-2147352567
2021-10-28 16:50:52 : CRSCalibayan Unkown Error: Reset aborted! ->-2147352567
2021-10-28 16:50:52 : MECALIBAYAN Unkown Error: Reset aborted! ->-2147352567
2021-10-28 16:50:52 : RMCalimbaba Unkown Error: Reset aborted! ->-2147352567
2021-10-28 16:50:52 : HACamim Unkown Error: Reset aborted! ->-2147352567
2021-10-28 16:50:53 : RCCanarejo Unkown Error: Reset aborted! ->-2147352567
2021-10-28 16:50:53 : MSCanto Unkown Error: Reset aborted! ->-2147352567
2021-10-28 16:50:53 : NDSOLAIMAN Unkown Error: Reset aborted! ->-2147352567
2021-10-28 16:50:53 : ASCasan Unkown Error: Reset aborted! ->-2147352567
2021-10-28 16:50:53 : MBCasanguan Unkown Error: Reset aborted! ->-2147352567
2021-10-28 16:50:54 : SMHCasilagan Unkown Error: Reset aborted! ->-2147352567
2021-10-28 16:50:54 : HLCASTILLON Unkown Error: Reset aborted! ->-2147352567
2021-10-28 16:50:54 : GCCastro Unkown Error: Reset aborted! ->-2147352567
2021-10-28 16:50:54 : JSCATAAN Unkown Error: Reset aborted! ->-2147352567
2021-10-28 16:50:54 : AJCATALAN Unkown Error: Reset aborted! ->-2147352567
2021-10-28 16:50:54 : MACatayas Unkown Error: Reset aborted! ->-2147352567
2021-10-28 16:50:55 : GGGCELIZ Unkown Error: Reset aborted! ->-2147352567
2021-10-28 16:50:55 : MMACCLARO Unkown Error: Reset aborted! ->-2147352567
2021-10-28 16:50:55 : RMCLAVE Unkown Error: Reset aborted! ->-2147352567
2021-10-28 16:50:55 : CDCo Unkown Error: Reset aborted! ->-2147352567
2021-10-28 16:50:55 : RBCodarangan Unkown Error: Reset aborted! ->-2147352567
2021-10-28 16:50:55 : HBCOSAIN Unkown Error: Reset aborted! ->-2147352567
2021-10-28 16:50:56 : CTCruz Unkown Error: Reset aborted! ->-2147352567
2021-10-28 16:50:56 : RACruz Unkown Error: Reset aborted! ->-2147352567
2021-10-28 16:50:56 : NHDagumbel Unkown Error: Reset aborted! ->-2147352567
2021-10-28 16:50:56 : AJTDARI Unkown Error: Reset aborted! ->-2147352567
2021-10-28 16:50:56 : BJMDatuEsmael Unkown Error: Reset aborted! ->-2147352567
2021-10-28 16:50:57 : RBDEGUZMAN Unkown Error: Reset aborted! ->-2147352567
2021-10-28 16:50:57 : DMDelalamon Unkown Error: Reset aborted! ->-2147352567
2021-10-28 16:50:57 : HMBDeLasAlas Unkown Error: Reset aborted! ->-2147352567
2021-10-28 16:50:57 : JVDemavivas Unkown Error: Reset aborted! ->-2147352567
2021-10-28 16:50:57 : DLDiezon Unkown Error: Reset aborted! ->-2147352567
2021-10-28 16:50:58 : NGDimatingkal Unkown Error: Reset aborted! ->-2147352567
2021-10-28 16:50:58 : VVDimson Unkown Error: Reset aborted! ->-2147352567
2021-10-28 16:50:58 : NMDinas Unkown Error: Reset aborted! ->-2147352567
2021-10-28 16:50:58 : JCDulong Unkown Error: Reset aborted! ->-2147352567
2021-10-28 16:50:58 : HCDUMAGAT Unkown Error: Reset aborted! ->-2147352567
2021-10-28 16:50:59 : OADumato Unkown Error: Reset aborted! ->-2147352567
2021-10-28 16:50:59 : LDHilario Unkown Error: Reset aborted! ->-2147352567
2021-10-28 16:50:59 : RVDuyag Unkown Error: Reset aborted! ->-2147352567
2021-10-28 16:50:59 : HMAbdul Unkown Error: Reset aborted! ->-2147352567
2021-10-28 16:50:59 : MGMEMBOLTORIO Unkown Error: Reset aborted! ->-2147352567
2021-10-28 16:50:59 : JBEsmail Unkown Error: Reset aborted! ->-2147352567
2021-10-28 16:51:00 : CFEstampador Unkown Error: Reset aborted! ->-2147352567
2021-10-28 16:51:00 : CMEEXAMEN Unkown Error: Reset aborted! ->-2147352567
2021-10-28 16:51:00 : LRExmundo Unkown Error: Reset aborted! ->-2147352567
2021-10-28 16:51:00 : NBFabale Unkown Error: Reset aborted! ->-2147352567
2021-10-28 16:51:00 : NDFaderon Unkown Error: Reset aborted! ->-2147352567
2021-10-28 16:51:01 : BMFFALE Unkown Error: Reset aborted! ->-2147352567
2021-10-28 16:51:01 : AMFernandez Unkown Error: Reset aborted! ->-2147352567
2021-10-28 16:51:01 : CMFlores Unkown Error: Reset aborted! ->-2147352567
2021-10-28 16:51:01 : MTMacadatu Unkown Error: Reset aborted! ->-2147352567
2021-10-28 16:51:01 : MBGALIDO Unkown Error: Reset aborted! ->-2147352567
2021-10-28 16:51:02 : NLGalve Unkown Error: Reset aborted! ->-2147352567
2021-10-28 16:51:02 : AEGANI Unkown Error: Reset aborted! ->-2147352567
2021-10-28 16:51:02 : CAGASPAR Unkown Error: Reset aborted! ->-2147352567
2021-10-28 16:51:02 : LDGaupo Unkown Error: Reset aborted! ->-2147352567
2021-10-28 16:51:02 : DGDohinog Unkown Error: Reset aborted! ->-2147352567
2021-10-28 16:51:02 : MSGocon Unkown Error: Reset aborted! ->-2147352567
2021-10-28 16:51:03 : RKSanturing Unkown Error: Reset aborted! ->-2147352567
2021-10-28 16:51:03 : ASGUIALO Unkown Error: Reset aborted! ->-2147352567
2021-10-28 16:51:03 : JMMGuyos Unkown Error: Reset aborted! ->-2147352567
2021-10-28 16:51:03 : IDHRacman Unkown Error: Reset aborted! ->-2147352567
2021-10-28 16:51:03 : NMSolaiman Unkown Error: Reset aborted! ->-2147352567
2021-10-28 16:51:04 : KLHofer Unkown Error: Reset aborted! ->-2147352567
2021-10-28 16:51:04 : MCHovina Unkown Error: Reset aborted! ->-2147352567
2021-10-28 16:51:04 : MBIbrahim Unkown Error: Reset aborted! ->-2147352567
2021-10-28 16:51:04 : JHINDAR Unkown Error: Reset aborted! ->-2147352567
2021-10-28 16:51:05 : ACInedal Unkown Error: Reset aborted! ->-2147352567
2021-10-28 16:51:05 : MBJagorin Unkown Error: Reset aborted! ->-2147352567
2021-10-28 16:51:05 : JLAJunio Unkown Error: Reset aborted! ->-2147352567
2021-10-28 16:51:05 : NKGani Unkown Error: Reset aborted! ->-2147352567
2021-10-28 16:51:05 : NHKABUGATAN Unkown Error: Reset aborted! ->-2147352567
2021-10-28 16:51:06 : MUKalis Unkown Error: Reset aborted! ->-2147352567
2021-10-28 16:51:06 : BAKASAN Unkown Error: Reset aborted! ->-2147352567
2021-10-28 16:51:06 : NJUKhan Unkown Error: Reset aborted! ->-2147352567
2021-10-28 16:51:06 : NAKUSAIN Unkown Error: Reset aborted! ->-2147352567
2021-10-28 16:51:06 : MGRLabordo Unkown Error: Reset aborted! ->-2147352567
2021-10-28 16:51:07 : JLLaco Unkown Error: Reset aborted! ->-2147352567
2021-10-28 16:51:07 : NSLanto Unkown Error: Reset aborted! ->-2147352567
2021-10-28 16:51:07 : MJALatumbo Unkown Error: Reset aborted! ->-2147352567
2021-10-28 16:51:07 : ZMLauban Unkown Error: Reset aborted! ->-2147352567
2021-10-28 16:51:07 : AHLaut Unkown Error: Reset aborted! ->-2147352567
2021-10-28 16:51:07 : SCLAYAWON Unkown Error: Reset aborted! ->-2147352567
2021-10-28 16:51:08 : ALABUTASIL Unkown Error: Reset aborted! ->-2147352567
2021-10-28 16:51:08 : APLemon Unkown Error: Reset aborted! ->-2147352567
2021-10-28 16:51:08 : ENLeoncito Unkown Error: Reset aborted! ->-2147352567
2021-10-28 16:51:08 : JCLIBONA Unkown Error: Reset aborted! ->-2147352567
2021-10-28 16:51:08 : NDLidasan Unkown Error: Reset aborted! ->-2147352567
2021-10-28 16:51:09 : MLLidot Unkown Error: Reset aborted! ->-2147352567
2021-10-28 16:51:09 : PMLIGO Unkown Error: Reset aborted! ->-2147352567
2021-10-28 16:51:09 : NMDLofranco Unkown Error: Reset aborted! ->-2147352567
2021-10-28 16:51:09 : RGLOSBANEZ Unkown Error: Reset aborted! ->-2147352567
2021-10-28 16:51:09 : BALuay Unkown Error: Reset aborted! ->-2147352567
2021-10-28 16:51:10 : EWLupina Unkown Error: Reset aborted! ->-2147352567
2021-10-28 16:51:10 : ARGMacasundig Unkown Error: Reset aborted! ->-2147352567
2021-10-28 16:51:10 : APMacawadib Unkown Error: Reset aborted! ->-2147352567
2021-10-28 16:51:10 : NMMadali Unkown Error: Reset aborted! ->-2147352567
2021-10-28 16:51:10 : MSMadid Unkown Error: Reset aborted! ->-2147352567
2021-10-28 16:51:10 : GAMagallon Unkown Error: Reset aborted! ->-2147352567
2021-10-28 16:51:11 : CSMaghinay Unkown Error: Reset aborted! ->-2147352567
2021-10-28 16:51:11 : MNMRamilo Unkown Error: Reset aborted! ->-2147352567
2021-10-28 16:51:11 : ATMaguan Unkown Error: Reset aborted! ->-2147352567
2021-10-28 16:51:11 : AMMahawan Unkown Error: Reset aborted! ->-2147352567
2021-10-28 16:51:11 : NGMalang Unkown Error: Reset aborted! ->-2147352567
2021-10-28 16:51:12 : NCMalna Unkown Error: Reset aborted! ->-2147352567
2021-10-28 16:51:12 : BGMAMANTAL Unkown Error: Reset aborted! ->-2147352567
2021-10-28 16:51:12 : OEMAMANTAL Unkown Error: Reset aborted! ->-2147352567
2021-10-28 16:51:12 : HADanganan Unkown Error: Reset aborted! ->-2147352567
2021-10-28 16:51:12 : KAManabat Unkown Error: Reset aborted! ->-2147352567
2021-10-28 16:51:13 : QHTMandangan Unkown Error: Reset aborted! ->-2147352567
2021-10-28 16:51:13 : MOMANDIA Unkown Error: Reset aborted! ->-2147352567
2021-10-28 16:51:13 : RMMangondato Unkown Error: Reset aborted! ->-2147352567
2021-10-28 16:51:13 : FSInterino Unkown Error: Reset aborted! ->-2147352567
2021-10-28 16:51:13 : AUManudal Unkown Error: Reset aborted! ->-2147352567
2021-10-28 16:51:14 : SMGMargate Unkown Error: Reset aborted! ->-2147352567
2021-10-28 16:51:14 : ASMarohom Unkown Error: Reset aborted! ->-2147352567
2021-10-28 16:51:14 : MMMAROHOM Unkown Error: Reset aborted! ->-2147352567
2021-10-28 16:51:14 : RIMAROHOM Unkown Error: Reset aborted! ->-2147352567
2021-10-28 16:51:14 : RCMASORONG Unkown Error: Reset aborted! ->-2147352567
2021-10-28 16:51:15 : ASMASUKAT Unkown Error: Reset aborted! ->-2147352567
2021-10-28 16:51:15 : NSMasukat Unkown Error: Reset aborted! ->-2147352567
2021-10-28 16:51:15 : LFMEMORIAL Unkown Error: Reset aborted! ->-2147352567
2021-10-28 16:51:15 : JGQMendoza Unkown Error: Reset aborted! ->-2147352567
2021-10-28 16:51:15 : AMRakhim Unkown Error: Reset aborted! ->-2147352567
2021-10-28 16:51:15 : NBMilitante Unkown Error: Reset aborted! ->-2147352567
2021-10-28 16:51:16 : WSMILAN Unkown Error: Reset aborted! ->-2147352567
2021-10-28 16:51:16 : NJAMOHAMAD Unkown Error: Reset aborted! ->-2147352567
2021-10-28 16:51:16 : NAMohamad Unkown Error: Reset aborted! ->-2147352567
2021-10-28 16:51:16 : NAMohamad Unkown Error: Reset aborted! ->-2147352567
2021-10-28 16:51:16 : LPMolina Unkown Error: Reset aborted! ->-2147352567
2021-10-28 16:51:17 : DLBNabor Unkown Error: Reset aborted! ->-2147352567
2021-10-28 16:51:17 : RANARCISO Unkown Error: Reset aborted! ->-2147352567
2021-10-28 16:51:17 : SVNino Unkown Error: Reset aborted! ->-2147352567
2021-10-28 16:51:17 : GCNiones Unkown Error: Reset aborted! ->-2147352567
2021-10-28 16:51:17 : AANurrudin-Razik Unkown Error: Reset aborted! ->-2147352567
2021-10-28 16:51:17 : JPOchavillo Unkown Error: Reset aborted! ->-2147352567
2021-10-28 16:51:18 : STOng Unkown Error: Reset aborted! ->-2147352567
2021-10-28 16:51:18 : EOPAGARIGAN Unkown Error: Reset aborted! ->-2147352567
2021-10-28 16:51:18 : MBPagharion Unkown Error: Reset aborted! ->-2147352567
2021-10-28 16:51:18 : BAPaglala Unkown Error: Reset aborted! ->-2147352567
2021-10-28 16:51:18 : LBRDevelos Unkown Error: Reset aborted! ->-2147352567
2021-10-28 16:51:19 : SRPaloma Unkown Error: Reset aborted! ->-2147352567
2021-10-28 16:51:19 : BSPAMALOY Unkown Error: Reset aborted! ->-2147352567
2021-10-28 16:51:19 : DPPamularco Unkown Error: Reset aborted! ->-2147352567
2021-10-28 16:51:19 : HDPanalandang Unkown Error: Reset aborted! ->-2147352567
2021-10-28 16:51:19 : YSPanalandang Unkown Error: Reset aborted! ->-2147352567
2021-10-28 16:51:19 : NAPandapatan Unkown Error: Reset aborted! ->-2147352567
2021-10-28 16:51:20 : PMSPaniza Unkown Error: Reset aborted! ->-2147352567
2021-10-28 16:51:20 : DMParenno Unkown Error: Reset aborted! ->-2147352567
2021-10-28 16:51:20 : JDPayla Unkown Error: Reset aborted! ->-2147352567
2021-10-28 16:51:20 : JMRascal Unkown Error: Reset aborted! ->-2147352567
2021-10-28 16:51:20 : ZOPENDONG Unkown Error: Reset aborted! ->-2147352567
2021-10-28 16:51:21 : HGCPRIINCIPE Unkown Error: Reset aborted! ->-2147352567
2021-10-28 16:51:21 : DJPulido Unkown Error: Reset aborted! ->-2147352567
2021-10-28 16:51:21 : DCRabanillo Unkown Error: Reset aborted! ->-2147352567
2021-10-28 16:51:21 : MLRadin Unkown Error: Reset aborted! ->-2147352567
2021-10-28 16:51:21 : JMRascal Unkown Error: Reset aborted! ->-2147352567
2021-10-28 16:51:22 : JBRaymundo Unkown Error: Reset aborted! ->-2147352567
2021-10-28 16:51:22 : MMRondina Unkown Error: Reset aborted! ->-2147352567
2021-10-28 16:51:22 : GSPRotel Unkown Error: Reset aborted! ->-2147352567
2021-10-28 16:51:22 : AMDRoullo Unkown Error: Reset aborted! ->-2147352567
2021-10-28 16:51:22 : RCRUAM Unkown Error: Reset aborted! ->-2147352567
2021-10-28 16:51:22 : EMSabando Unkown Error: Reset aborted! ->-2147352567
2021-10-28 16:51:23 : NGSacop Unkown Error: Reset aborted! ->-2147352567
2021-10-28 16:51:23 : FGSALILAGUIA Unkown Error: Reset aborted! ->-2147352567
2021-10-28 16:51:23 : MSMomongan Unkown Error: Reset aborted! ->-2147352567
2021-10-28 16:51:23 : FCSAMSON Unkown Error: Reset aborted! ->-2147352567
2021-10-28 16:51:23 : ACMSanchez Unkown Error: Reset aborted! ->-2147352567
2021-10-28 16:51:23 : CSSardedo Unkown Error: Reset aborted! ->-2147352567
2021-10-28 16:51:24 : LHSarip Unkown Error: Reset aborted! ->-2147352567
2021-10-28 16:51:24 : EMSARIPADA Unkown Error: Reset aborted! ->-2147352567
2021-10-28 16:51:24 : NTSaripda Unkown Error: Reset aborted! ->-2147352567
2021-10-28 16:51:24 : RTSilorio Unkown Error: Reset aborted! ->-2147352567
2021-10-28 16:51:24 : SCSimon Unkown Error: Reset aborted! ->-2147352567
2021-10-28 16:51:25 : EASinajonan Unkown Error: Reset aborted! ->-2147352567
2021-10-28 16:51:25 : COSuclan Unkown Error: Reset aborted! ->-2147352567
2021-10-28 16:51:25 : LOSulutan Unkown Error: Reset aborted! ->-2147352567
2021-10-28 16:51:25 : NMSumonsol Unkown Error: Reset aborted! ->-2147352567
2021-10-28 16:51:25 : DTTablaso Unkown Error: Reset aborted! ->-2147352567
2021-10-28 16:51:25 : LMTSagge Unkown Error: Reset aborted! ->-2147352567
2021-10-28 16:51:26 : AGTalapas Unkown Error: Reset aborted! ->-2147352567
2021-10-28 16:51:26 : AJTMalinao Unkown Error: Reset aborted! ->-2147352567
2021-10-28 16:51:26 : RDTan Unkown Error: Reset aborted! ->-2147352567
2021-10-28 16:51:26 : JGBTanalgo Unkown Error: Reset aborted! ->-2147352567
2021-10-28 16:51:26 : AATanggote Unkown Error: Reset aborted! ->-2147352567
2021-10-28 16:51:27 : MLMTindoy Unkown Error: Reset aborted! ->-2147352567
2021-10-28 16:51:27 : GSTo-Ong Unkown Error: Reset aborted! ->-2147352567
2021-10-28 16:51:27 : JATOROGANAN Unkown Error: Reset aborted! ->-2147352567
2021-10-28 16:51:27 : HMTuanadatu Unkown Error: Reset aborted! ->-2147352567
2021-10-28 16:51:27 : LTMiran Unkown Error: Reset aborted! ->-2147352567
2021-10-28 16:51:28 : HSDiamrod Unkown Error: Reset aborted! ->-2147352567
2021-10-28 16:51:28 : JLUsman Unkown Error: Reset aborted! ->-2147352567
2021-10-28 16:51:28 : EKUTTO Unkown Error: Reset aborted! ->-2147352567
2021-10-28 16:51:28 : VTVicente Unkown Error: Reset aborted! ->-2147352567
2021-10-28 16:51:28 : JSMVidal Unkown Error: Reset aborted! ->-2147352567
2021-10-28 16:51:29 : EDVildosola Unkown Error: Reset aborted! ->-2147352567
2021-10-28 16:51:29 : VLDVillaceran Unkown Error: Reset aborted! ->-2147352567
2021-10-28 16:51:29 : TJBWagas Unkown Error: Reset aborted! ->-2147352567
2021-10-28 16:51:29 : JAYap Unkown Error: Reset aborted! ->-2147352567
2021-10-28 16:51:29 : RBCodarangan Unkown Error: Reset aborted! ->-2147352567
2021-10-28 16:51:30 : JGAlba Unkown Error: Reset aborted! ->-2147352567
2021-10-28 16:51:30 : IJJCabilangan Unkown Error: Reset aborted! ->-2147352567
2021-10-28 16:51:30 : SFPALI Unkown Error: Reset aborted! ->-2147352567
2021-10-28 16:51:30 : HSHassan Unkown Error: Reset aborted! ->-2147352567
2021-10-28 16:51:30 : FILIWALUG Unkown Error: Reset aborted! ->-2147352567
2021-10-28 16:51:31 : RPMantorino Unkown Error: Reset aborted! ->-2147352567
2021-10-28 16:51:31 : SRSUngcar Unkown Error: Reset aborted! ->-2147352567
2021-10-28 16:51:31 : RTSYulores Unkown Error: Reset aborted! ->-2147352567
2021-10-28 16:51:31 : SUABDULLAH Unkown Error: Reset aborted! ->-2147352567
2021-10-28 16:51:31 : AABANDILA is not expired! Reset aborted.
2021-10-28 16:51:31 : CSMaghinay Unkown Error: Reset aborted! ->-2147352567
2021-10-28 16:51:32 : ASTonde Unkown Error: Reset aborted! ->-2147352567
2021-10-28 16:51:32 : MBAballe Unkown Error: Reset aborted! ->-2147352567
2021-10-28 16:51:32 : JLCalipay Unkown Error: Reset aborted! ->-2147352567
2021-10-28 16:51:32 : HDPanalandang Unkown Error: Reset aborted! ->-2147352567
2021-10-28 16:51:32 : JCLIBONA Unkown Error: Reset aborted! ->-2147352567
2021-10-28 16:51:32 : JCLIBONA Unkown Error: Reset aborted! ->-2147352567
2021-10-28 16:51:33 : SUABDULLAH Unkown Error: Reset aborted! ->-2147352567
2021-10-28 16:51:33 : BSPAMALOY Unkown Error: Reset aborted! ->-2147352567
2021-10-28 16:51:33 : MCEstel Unkown Error: Reset aborted! ->-2147352567
2021-10-28 16:51:33 : NDBagro Unkown Error: Reset aborted! ->-2147352567
2021-10-28 16:51:33 : TDAbdullah Unkown Error: Reset aborted! ->-2147352567
2021-10-28 16:51:33 : MCHovina Unkown Error: Reset aborted! ->-2147352567
2021-10-28 16:51:34 : NAMohamad Unkown Error: Reset aborted! ->-2147352567
2021-10-28 16:51:34 : MACatayas Unkown Error: Reset aborted! ->-2147352567
2021-10-28 16:51:34 : AATanggote Unkown Error: Reset aborted! ->-2147352567
2021-10-28 16:51:34 : NDSOLAIMAN Unkown Error: Reset aborted! ->-2147352567
2021-10-28 16:51:34 : FJACasa Unkown Error: Reset aborted! ->-2147352567
2021-10-28 16:51:35 : HMAbdul Unkown Error: Reset aborted! ->-2147352567
2021-10-28 16:51:35 : MCHovina Unkown Error: Reset aborted! ->-2147352567
2021-10-28 16:51:35 : NDBUTUAN Unkown Error: Reset aborted! ->-2147352567
2021-10-28 16:51:35 : AALayson Unkown Error: Reset aborted! ->-2147352567
2021-10-28 16:51:35 : GCBITOON Unkown Error: Reset aborted! ->-2147352567
2021-10-28 16:51:36 : NBDelia Unkown Error: Reset aborted! ->-2147352567
2021-10-28 16:51:36 : MBJagorin Unkown Error: Reset aborted! ->-2147352567
2021-10-28 16:51:36 : SUKAdang Unkown Error: Reset aborted! ->-2147352567
2021-10-28 16:51:36 : AMRacman Unkown Error: Reset aborted! ->-2147352567
2021-10-28 16:51:36 : SAUnsa Unkown Error: Reset aborted! ->-2147352567
2021-10-28 16:51:37 : MJALatumbo Unkown Error: Reset aborted! ->-2147352567
2021-10-28 16:51:37 : HGAlim Unkown Error: Reset aborted! ->-2147352567
2021-10-28 16:51:37 : RTBelgira Unkown Error: Reset aborted! ->-2147352567
2021-10-28 16:51:37 : AALayson Unkown Error: Reset aborted! ->-2147352567
2021-10-28 16:51:37 : NBDelia Unkown Error: Reset aborted! ->-2147352567
2021-10-28 16:51:38 : LMFale Unkown Error: Reset aborted! ->-2147352567
2021-10-28 16:51:38 : NAOmar Unkown Error: Reset aborted! ->-2147352567
2021-10-28 16:51:38 : JKCDumpa Unkown Error: Reset aborted! ->-2147352567
2021-10-28 16:51:38 : BSPAMALOY Unkown Error: Reset aborted! ->-2147352567
2021-10-28 16:51:38 : JABEglesia Unkown Error: Reset aborted! ->-2147352567
2021-10-28 16:53:14 : ATMaguan Unkown Error: Reset aborted! ->-2147352567
2021-10-28 16:53:14 : CSMaghinay Unkown Error: Reset aborted! ->-2147352567
2021-10-28 16:53:14 : SUABDULLAH Unkown Error: Reset aborted! ->-2147352567
2021-10-28 16:53:15 : TDAbdullah Unkown Error: Reset aborted! ->-2147352567
2021-10-28 16:53:15 : JIAbraham Unkown Error: Reset aborted! ->-2147352567
2021-10-28 16:53:15 : CKNFlores Unkown Error: Reset aborted! ->-2147352567
2021-10-28 16:53:15 : FJCACUPINPIN Unkown Error: Reset aborted! ->-2147352567
2021-10-28 16:53:15 : NMAdiong Unkown Error: Reset aborted! ->-2147352567
2021-10-28 16:53:16 : KBAkop Unkown Error: Reset aborted! ->-2147352567
2021-10-28 16:53:16 : NLALAB Unkown Error: Reset aborted! ->-2147352567
2021-10-28 16:53:16 : ELALAPAN Unkown Error: Reset aborted! ->-2147352567
2021-10-28 16:53:16 : CLAlasagas Unkown Error: Reset aborted! ->-2147352567
2021-10-28 16:53:16 : CRAlcala Unkown Error: Reset aborted! ->-2147352567
2021-10-28 16:53:17 : OKAli Unkown Error: Reset aborted! ->-2147352567
2021-10-28 16:53:17 : RPALI Unkown Error: Reset aborted! ->-2147352567
2021-10-28 16:53:17 : RDALILANTO Unkown Error: Reset aborted! ->-2147352567
2021-10-28 16:53:17 : HGAlim Unkown Error: Reset aborted! ->-2147352567
2021-10-28 16:53:17 : MCAAlvior Unkown Error: Reset aborted! ->-2147352567
2021-10-28 16:53:18 : JPAmbalgan Unkown Error: Reset aborted! ->-2147352567
2021-10-28 16:53:18 : EMAmbrad Unkown Error: Reset aborted! ->-2147352567
2021-10-28 16:53:18 : AHAmer Unkown Error: Reset aborted! ->-2147352567
2021-10-28 16:53:18 : ICAngca Unkown Error: Reset aborted! ->-2147352567
2021-10-28 16:53:18 : MGLAPPALA Unkown Error: Reset aborted! ->-2147352567
2021-10-28 16:53:18 : MJFARAGONA Unkown Error: Reset aborted! ->-2147352567
2021-10-28 16:53:19 : JAPedregosa Unkown Error: Reset aborted! ->-2147352567
2021-10-28 16:53:19 : CCAREVALO Unkown Error: Reset aborted! ->-2147352567
2021-10-28 16:53:19 : NSAsi Unkown Error: Reset aborted! ->-2147352567
2021-10-28 16:53:19 : CAAvila Unkown Error: Reset aborted! ->-2147352567
2021-10-28 16:53:19 : JRBacaling Unkown Error: Reset aborted! ->-2147352567
2021-10-28 16:53:20 : PABadal Unkown Error: Reset aborted! ->-2147352567
2021-10-28 16:53:20 : NDBagro Unkown Error: Reset aborted! ->-2147352567
2021-10-28 16:53:20 : SSBalindong Unkown Error: Reset aborted! ->-2147352567
2021-10-28 16:53:20 : JMBalunto Unkown Error: Reset aborted! ->-2147352567
2021-10-28 16:53:20 : SMLBaro Unkown Error: Reset aborted! ->-2147352567
2021-10-28 16:53:21 : SMBBARRETO Unkown Error: Reset aborted! ->-2147352567
2021-10-28 16:53:21 : CDBatino Unkown Error: Reset aborted! ->-2147352567
2021-10-28 16:53:21 : MLLBAYOGOS Unkown Error: Reset aborted! ->-2147352567
2021-10-28 16:53:21 : RTBelgira Unkown Error: Reset aborted! ->-2147352567
2021-10-28 16:53:21 : SNRHassan Unkown Error: Reset aborted! ->-2147352567
2021-10-28 16:53:21 : GGBito-On Unkown Error: Reset aborted! ->-2147352567
2021-10-28 16:53:22 : JRBolencis Unkown Error: Reset aborted! ->-2147352567
2021-10-28 16:53:22 : NSBubong Unkown Error: Reset aborted! ->-2147352567
2021-10-28 16:53:22 : CABDePedro Unkown Error: Reset aborted! ->-2147352567
2021-10-28 16:53:22 : NDBUTUAN Unkown Error: Reset aborted! ->-2147352567
2021-10-28 16:53:23 : VHCCaballero Unkown Error: Reset aborted! ->-2147352567
2021-10-28 16:53:23 : CLCabaobao Unkown Error: Reset aborted! ->-2147352567
2021-10-28 16:53:23 : DIOTan Unkown Error: Reset aborted! ->-2147352567
2021-10-28 16:53:23 : JCMCalanao Unkown Error: Reset aborted! ->-2147352567
2021-10-28 16:53:23 : CRSCalibayan Unkown Error: Reset aborted! ->-2147352567
2021-10-28 16:53:24 : MECALIBAYAN Unkown Error: Reset aborted! ->-2147352567
2021-10-28 16:53:24 : RMCalimbaba Unkown Error: Reset aborted! ->-2147352567
2021-10-28 16:53:24 : HACamim Unkown Error: Reset aborted! ->-2147352567
2021-10-28 16:53:24 : RCCanarejo Unkown Error: Reset aborted! ->-2147352567
2021-10-28 16:53:24 : MSCanto Unkown Error: Reset aborted! ->-2147352567
2021-10-28 16:53:25 : NDSOLAIMAN Unkown Error: Reset aborted! ->-2147352567
2021-10-28 16:53:25 : ASCasan Unkown Error: Reset aborted! ->-2147352567
2021-10-28 16:53:25 : MBCasanguan Unkown Error: Reset aborted! ->-2147352567
2021-10-28 16:53:25 : SMHCasilagan Unkown Error: Reset aborted! ->-2147352567
2021-10-28 16:53:25 : HLCASTILLON Unkown Error: Reset aborted! ->-2147352567
2021-10-28 16:53:26 : GCCastro Unkown Error: Reset aborted! ->-2147352567
2021-10-28 16:53:26 : JSCATAAN Unkown Error: Reset aborted! ->-2147352567
2021-10-28 16:53:26 : AJCATALAN Unkown Error: Reset aborted! ->-2147352567
2021-10-28 16:53:26 : MACatayas Unkown Error: Reset aborted! ->-2147352567
2021-10-28 16:53:26 : GGGCELIZ Unkown Error: Reset aborted! ->-2147352567
2021-10-28 16:53:27 : MMACCLARO Unkown Error: Reset aborted! ->-2147352567
2021-10-28 16:53:27 : RMCLAVE Unkown Error: Reset aborted! ->-2147352567
2021-10-28 16:53:27 : CDCo Unkown Error: Reset aborted! ->-2147352567
2021-10-28 16:53:27 : RBCodarangan Unkown Error: Reset aborted! ->-2147352567
2021-10-28 16:53:28 : HBCOSAIN Unkown Error: Reset aborted! ->-2147352567
2021-10-28 16:53:28 : CTCruz Unkown Error: Reset aborted! ->-2147352567
2021-10-28 16:53:28 : RACruz Unkown Error: Reset aborted! ->-2147352567
2021-10-28 16:53:28 : NHDagumbel Unkown Error: Reset aborted! ->-2147352567
2021-10-28 16:53:28 : AJTDARI Unkown Error: Reset aborted! ->-2147352567
2021-10-28 16:53:29 : BJMDatuEsmael Unkown Error: Reset aborted! ->-2147352567
2021-10-28 16:53:29 : RBDEGUZMAN Unkown Error: Reset aborted! ->-2147352567
2021-10-28 16:53:29 : DMDelalamon Unkown Error: Reset aborted! ->-2147352567
2021-10-28 16:53:29 : HMBDeLasAlas Unkown Error: Reset aborted! ->-2147352567
2021-10-28 16:53:29 : JVDemavivas Unkown Error: Reset aborted! ->-2147352567
2021-10-28 16:53:30 : DLDiezon Unkown Error: Reset aborted! ->-2147352567
2021-10-28 16:53:30 : NGDimatingkal Unkown Error: Reset aborted! ->-2147352567
2021-10-28 16:53:30 : VVDimson Unkown Error: Reset aborted! ->-2147352567
2021-10-28 16:53:30 : NMDinas Unkown Error: Reset aborted! ->-2147352567
2021-10-28 16:53:30 : JCDulong Unkown Error: Reset aborted! ->-2147352567
2021-10-28 16:53:31 : HCDUMAGAT Unkown Error: Reset aborted! ->-2147352567
2021-10-28 16:53:31 : OADumato Unkown Error: Reset aborted! ->-2147352567
2021-10-28 16:53:31 : LDHilario Unkown Error: Reset aborted! ->-2147352567
2021-10-28 16:53:31 : RVDuyag Unkown Error: Reset aborted! ->-2147352567
2021-10-28 16:53:32 : HMAbdul Unkown Error: Reset aborted! ->-2147352567
2021-10-28 16:53:32 : MGMEMBOLTORIO Unkown Error: Reset aborted! ->-2147352567
2021-10-28 16:53:32 : JBEsmail Unkown Error: Reset aborted! ->-2147352567
2021-10-28 16:53:32 : CFEstampador Unkown Error: Reset aborted! ->-2147352567
2021-10-28 16:53:32 : CMEEXAMEN Unkown Error: Reset aborted! ->-2147352567
2021-10-28 16:53:32 : LRExmundo Unkown Error: Reset aborted! ->-2147352567
2021-10-28 16:53:33 : NBFabale Unkown Error: Reset aborted! ->-2147352567
2021-10-28 16:53:33 : NDFaderon Unkown Error: Reset aborted! ->-2147352567
2021-10-28 16:53:33 : BMFFALE Unkown Error: Reset aborted! ->-2147352567
2021-10-28 16:53:33 : AMFernandez Unkown Error: Reset aborted! ->-2147352567
2021-10-28 16:53:33 : CMFlores Unkown Error: Reset aborted! ->-2147352567
2021-10-28 16:53:34 : MTMacadatu Unkown Error: Reset aborted! ->-2147352567
2021-10-28 16:53:34 : MBGALIDO Unkown Error: Reset aborted! ->-2147352567
2021-10-28 16:53:34 : NLGalve Unkown Error: Reset aborted! ->-2147352567
2021-10-28 16:53:34 : AEGANI Unkown Error: Reset aborted! ->-2147352567
2021-10-28 16:53:34 : CAGASPAR Unkown Error: Reset aborted! ->-2147352567
2021-10-28 16:53:35 : LDGaupo Unkown Error: Reset aborted! ->-2147352567
2021-10-28 16:53:35 : DGDohinog Unkown Error: Reset aborted! ->-2147352567
2021-10-28 16:53:35 : MSGocon Unkown Error: Reset aborted! ->-2147352567
2021-10-28 16:53:35 : RKSanturing Unkown Error: Reset aborted! ->-2147352567
2021-10-28 16:53:36 : ASGUIALO Unkown Error: Reset aborted! ->-2147352567
2021-10-28 16:53:36 : JMMGuyos Unkown Error: Reset aborted! ->-2147352567
2021-10-28 16:53:36 : IDHRacman Unkown Error: Reset aborted! ->-2147352567
2021-10-28 16:53:36 : NMSolaiman Unkown Error: Reset aborted! ->-2147352567
2021-10-28 16:53:36 : KLHofer Unkown Error: Reset aborted! ->-2147352567
2021-10-28 16:53:37 : MCHovina Unkown Error: Reset aborted! ->-2147352567
2021-10-28 16:53:37 : MBIbrahim Unkown Error: Reset aborted! ->-2147352567
2021-10-28 16:53:37 : JHINDAR Unkown Error: Reset aborted! ->-2147352567
2021-10-28 16:53:37 : ACInedal Unkown Error: Reset aborted! ->-2147352567
2021-10-28 16:53:37 : MBJagorin Unkown Error: Reset aborted! ->-2147352567
2021-10-28 16:53:38 : JLAJunio Unkown Error: Reset aborted! ->-2147352567
2021-10-28 16:53:38 : NKGani Unkown Error: Reset aborted! ->-2147352567
2021-10-28 16:53:38 : NHKABUGATAN Unkown Error: Reset aborted! ->-2147352567
2021-10-28 16:53:38 : MUKalis Unkown Error: Reset aborted! ->-2147352567
2021-10-28 16:53:38 : BAKASAN Unkown Error: Reset aborted! ->-2147352567
2021-10-28 16:53:39 : NJUKhan Unkown Error: Reset aborted! ->-2147352567
2021-10-28 16:53:39 : NAKUSAIN Unkown Error: Reset aborted! ->-2147352567
2021-10-28 16:53:39 : MGRLabordo Unkown Error: Reset aborted! ->-2147352567
2021-10-28 16:53:39 : JLLaco Unkown Error: Reset aborted! ->-2147352567
2021-10-28 16:53:40 : NSLanto Unkown Error: Reset aborted! ->-2147352567
2021-10-28 16:53:40 : MJALatumbo Unkown Error: Reset aborted! ->-2147352567
2021-10-28 16:53:40 : ZMLauban Unkown Error: Reset aborted! ->-2147352567
2021-10-28 16:53:40 : AHLaut Unkown Error: Reset aborted! ->-2147352567
2021-10-28 16:53:40 : SCLAYAWON Unkown Error: Reset aborted! ->-2147352567
2021-10-28 16:53:41 : ALABUTASIL Unkown Error: Reset aborted! ->-2147352567
2021-10-28 16:53:41 : APLemon Unkown Error: Reset aborted! ->-2147352567
2021-10-28 16:53:41 : ENLeoncito Unkown Error: Reset aborted! ->-2147352567
2021-10-28 16:53:41 : JCLIBONA Unkown Error: Reset aborted! ->-2147352567
2021-10-28 16:53:42 : NDLidasan Unkown Error: Reset aborted! ->-2147352567
2021-10-28 16:53:42 : MLLidot Unkown Error: Reset aborted! ->-2147352567
2021-10-28 16:53:42 : PMLIGO Unkown Error: Reset aborted! ->-2147352567
2021-10-28 16:53:42 : NMDLofranco Unkown Error: Reset aborted! ->-2147352567
2021-10-28 16:53:42 : RGLOSBANEZ Unkown Error: Reset aborted! ->-2147352567
2021-10-28 16:53:42 : BALuay Unkown Error: Reset aborted! ->-2147352567
2021-10-28 16:53:43 : EWLupina Unkown Error: Reset aborted! ->-2147352567
2021-10-28 16:53:43 : ARGMacasundig Unkown Error: Reset aborted! ->-2147352567
2021-10-28 16:53:43 : APMacawadib Unkown Error: Reset aborted! ->-2147352567
2021-10-28 16:53:43 : NMMadali Unkown Error: Reset aborted! ->-2147352567
2021-10-28 16:53:44 : MSMadid Unkown Error: Reset aborted! ->-2147352567
2021-10-28 16:53:44 : GAMagallon Unkown Error: Reset aborted! ->-2147352567
2021-10-28 16:53:44 : CSMaghinay Unkown Error: Reset aborted! ->-2147352567
2021-10-28 16:53:44 : MNMRamilo Unkown Error: Reset aborted! ->-2147352567
2021-10-28 16:53:44 : ATMaguan Unkown Error: Reset aborted! ->-2147352567
2021-10-28 16:53:45 : AMMahawan Unkown Error: Reset aborted! ->-2147352567
2021-10-28 16:53:45 : NGMalang Unkown Error: Reset aborted! ->-2147352567
2021-10-28 16:53:45 : NCMalna Unkown Error: Reset aborted! ->-2147352567
2021-10-28 16:53:45 : BGMAMANTAL Unkown Error: Reset aborted! ->-2147352567
2021-10-28 16:53:45 : OEMAMANTAL Unkown Error: Reset aborted! ->-2147352567
2021-10-28 16:53:45 : HADanganan Unkown Error: Reset aborted! ->-2147352567
2021-10-28 16:53:46 : KAManabat Unkown Error: Reset aborted! ->-2147352567
2021-10-28 16:53:46 : QHTMandangan Unkown Error: Reset aborted! ->-2147352567
2021-10-28 16:53:46 : MOMANDIA Unkown Error: Reset aborted! ->-2147352567
2021-10-28 16:53:47 : RMMangondato Unkown Error: Reset aborted! ->-2147352567
2021-10-28 16:53:47 : FSInterino Unkown Error: Reset aborted! ->-2147352567
2021-10-28 16:53:47 : AUManudal Unkown Error: Reset aborted! ->-2147352567
2021-10-28 16:53:47 : SMGMargate Unkown Error: Reset aborted! ->-2147352567
2021-10-28 16:53:47 : ASMarohom Unkown Error: Reset aborted! ->-2147352567
2021-10-28 16:53:48 : MMMAROHOM Unkown Error: Reset aborted! ->-2147352567
2021-10-28 16:53:48 : RIMAROHOM Unkown Error: Reset aborted! ->-2147352567
2021-10-28 16:53:48 : RCMASORONG Unkown Error: Reset aborted! ->-2147352567
2021-10-28 16:53:48 : ASMASUKAT Unkown Error: Reset aborted! ->-2147352567
2021-10-28 16:53:48 : NSMasukat Unkown Error: Reset aborted! ->-2147352567
2021-10-28 16:53:48 : LFMEMORIAL Unkown Error: Reset aborted! ->-2147352567
2021-10-28 16:53:49 : JGQMendoza Unkown Error: Reset aborted! ->-2147352567
2021-10-28 16:53:49 : AMRakhim Unkown Error: Reset aborted! ->-2147352567
2021-10-28 16:53:49 : NBMilitante Unkown Error: Reset aborted! ->-2147352567
2021-10-28 16:53:49 : WSMILAN Unkown Error: Reset aborted! ->-2147352567
2021-10-28 16:53:49 : NJAMOHAMAD Unkown Error: Reset aborted! ->-2147352567
2021-10-28 16:53:50 : NAMohamad Unkown Error: Reset aborted! ->-2147352567
2021-10-28 16:53:50 : NAMohamad Unkown Error: Reset aborted! ->-2147352567
2021-10-28 16:53:50 : LPMolina Unkown Error: Reset aborted! ->-2147352567
2021-10-28 16:53:50 : DLBNabor Unkown Error: Reset aborted! ->-2147352567
2021-10-28 16:53:50 : RANARCISO Unkown Error: Reset aborted! ->-2147352567
2021-10-28 16:53:51 : SVNino Unkown Error: Reset aborted! ->-2147352567
2021-10-28 16:53:51 : GCNiones Unkown Error: Reset aborted! ->-2147352567
2021-10-28 16:53:51 : AANurrudin-Razik Unkown Error: Reset aborted! ->-2147352567
2021-10-28 16:53:51 : JPOchavillo Unkown Error: Reset aborted! ->-2147352567
2021-10-28 16:53:52 : STOng Unkown Error: Reset aborted! ->-2147352567
2021-10-28 16:53:52 : EOPAGARIGAN Unkown Error: Reset aborted! ->-2147352567
2021-10-28 16:53:52 : MBPagharion Unkown Error: Reset aborted! ->-2147352567
2021-10-28 16:53:52 : BAPaglala Unkown Error: Reset aborted! ->-2147352567
2021-10-28 16:53:52 : LBRDevelos Unkown Error: Reset aborted! ->-2147352567
2021-10-28 16:53:52 : SRPaloma Unkown Error: Reset aborted! ->-2147352567
2021-10-28 16:53:53 : BSPAMALOY Unkown Error: Reset aborted! ->-2147352567
2021-10-28 16:53:53 : DPPamularco Unkown Error: Reset aborted! ->-2147352567
2021-10-28 16:53:53 : HDPanalandang Unkown Error: Reset aborted! ->-2147352567
2021-10-28 16:53:53 : YSPanalandang Unkown Error: Reset aborted! ->-2147352567
2021-10-28 16:53:53 : NAPandapatan Unkown Error: Reset aborted! ->-2147352567
2021-10-28 16:53:54 : PMSPaniza Unkown Error: Reset aborted! ->-2147352567
2021-10-28 16:53:54 : DMParenno Unkown Error: Reset aborted! ->-2147352567
2021-10-28 16:53:54 : JDPayla Unkown Error: Reset aborted! ->-2147352567
2021-10-28 16:53:54 : JMRascal Unkown Error: Reset aborted! ->-2147352567
2021-10-28 16:53:54 : ZOPENDONG Unkown Error: Reset aborted! ->-2147352567
2021-10-28 16:53:55 : HGCPRIINCIPE Unkown Error: Reset aborted! ->-2147352567
2021-10-28 16:53:55 : DJPulido Unkown Error: Reset aborted! ->-2147352567
2021-10-28 16:53:55 : DCRabanillo Unkown Error: Reset aborted! ->-2147352567
2021-10-28 16:53:55 : MLRadin Unkown Error: Reset aborted! ->-2147352567
2021-10-28 16:53:56 : JMRascal Unkown Error: Reset aborted! ->-2147352567
2021-10-28 16:53:56 : JBRaymundo Unkown Error: Reset aborted! ->-2147352567
2021-10-28 16:53:56 : MMRondina Unkown Error: Reset aborted! ->-2147352567
2021-10-28 16:53:56 : GSPRotel Unkown Error: Reset aborted! ->-2147352567
2021-10-28 16:53:56 : AMDRoullo Unkown Error: Reset aborted! ->-2147352567
2021-10-28 16:53:57 : RCRUAM Unkown Error: Reset aborted! ->-2147352567
2021-10-28 16:53:57 : EMSabando Unkown Error: Reset aborted! ->-2147352567
2021-10-28 16:53:57 : NGSacop Unkown Error: Reset aborted! ->-2147352567
2021-10-28 16:53:57 : FGSALILAGUIA Unkown Error: Reset aborted! ->-2147352567
2021-10-28 16:53:57 : MSMomongan Unkown Error: Reset aborted! ->-2147352567
2021-10-28 16:53:58 : FCSAMSON Unkown Error: Reset aborted! ->-2147352567
2021-10-28 16:53:58 : ACMSanchez Unkown Error: Reset aborted! ->-2147352567
2021-10-28 16:53:58 : CSSardedo Unkown Error: Reset aborted! ->-2147352567
2021-10-28 16:53:58 : LHSarip Unkown Error: Reset aborted! ->-2147352567
2021-10-28 16:53:58 : EMSARIPADA Unkown Error: Reset aborted! ->-2147352567
2021-10-28 16:53:59 : NTSaripda Unkown Error: Reset aborted! ->-2147352567
2021-10-28 16:53:59 : RTSilorio Unkown Error: Reset aborted! ->-2147352567
2021-10-28 16:53:59 : SCSimon Unkown Error: Reset aborted! ->-2147352567
2021-10-28 16:53:59 : EASinajonan Unkown Error: Reset aborted! ->-2147352567
2021-10-28 16:53:59 : COSuclan Unkown Error: Reset aborted! ->-2147352567
2021-10-28 16:54:00 : LOSulutan Unkown Error: Reset aborted! ->-2147352567
2021-10-28 16:54:00 : NMSumonsol Unkown Error: Reset aborted! ->-2147352567
2021-10-28 16:54:00 : DTTablaso Unkown Error: Reset aborted! ->-2147352567
2021-10-28 16:54:00 : LMTSagge Unkown Error: Reset aborted! ->-2147352567
2021-10-28 16:54:01 : AGTalapas Unkown Error: Reset aborted! ->-2147352567
2021-10-28 16:54:01 : AJTMalinao Unkown Error: Reset aborted! ->-2147352567
2021-10-28 16:54:01 : RDTan Unkown Error: Reset aborted! ->-2147352567
2021-10-28 16:54:01 : JGBTanalgo Unkown Error: Reset aborted! ->-2147352567
2021-10-28 16:54:01 : AATanggote Unkown Error: Reset aborted! ->-2147352567
2021-10-28 16:54:02 : MLMTindoy Unkown Error: Reset aborted! ->-2147352567
2021-10-28 16:54:02 : GSTo-Ong Unkown Error: Reset aborted! ->-2147352567
2021-10-28 16:54:02 : JATOROGANAN Unkown Error: Reset aborted! ->-2147352567
2021-10-28 16:54:02 : HMTuanadatu Unkown Error: Reset aborted! ->-2147352567
2021-10-28 16:54:02 : LTMiran Unkown Error: Reset aborted! ->-2147352567
2021-10-28 16:54:03 : HSDiamrod Unkown Error: Reset aborted! ->-2147352567
2021-10-28 16:54:03 : JLUsman Unkown Error: Reset aborted! ->-2147352567
2021-10-28 16:54:03 : EKUTTO Unkown Error: Reset aborted! ->-2147352567
2021-10-28 16:54:03 : VTVicente Unkown Error: Reset aborted! ->-2147352567
2021-10-28 16:54:04 : JSMVidal Unkown Error: Reset aborted! ->-2147352567
2021-10-28 16:54:04 : EDVildosola Unkown Error: Reset aborted! ->-2147352567
2021-10-28 16:54:04 : VLDVillaceran Unkown Error: Reset aborted! ->-2147352567
2021-10-28 16:54:04 : TJBWagas Unkown Error: Reset aborted! ->-2147352567
2021-10-28 16:54:04 : JAYap Unkown Error: Reset aborted! ->-2147352567
2021-10-28 16:54:05 : RBCodarangan Unkown Error: Reset aborted! ->-2147352567
2021-10-28 16:54:05 : JGAlba Unkown Error: Reset aborted! ->-2147352567
2021-10-28 16:54:05 : IJJCabilangan Unkown Error: Reset aborted! ->-2147352567
2021-10-28 16:54:05 : SFPALI Unkown Error: Reset aborted! ->-2147352567
2021-10-28 16:54:05 : HSHassan Unkown Error: Reset aborted! ->-2147352567
2021-10-28 16:54:06 : FILIWALUG Unkown Error: Reset aborted! ->-2147352567
2021-10-28 16:54:06 : RPMantorino Unkown Error: Reset aborted! ->-2147352567
2021-10-28 16:54:06 : SRSUngcar Unkown Error: Reset aborted! ->-2147352567
2021-10-28 16:54:07 : RTSYulores Unkown Error: Reset aborted! ->-2147352567
2021-10-28 16:54:07 : SUABDULLAH Unkown Error: Reset aborted! ->-2147352567
2021-10-28 16:54:07 : AABANDILA is not expired! Reset aborted.
2021-10-28 16:54:07 : CSMaghinay Unkown Error: Reset aborted! ->-2147352567
2021-10-28 16:54:07 : ASTonde Unkown Error: Reset aborted! ->-2147352567
2021-10-28 16:54:08 : MBAballe Unkown Error: Reset aborted! ->-2147352567
2021-10-28 16:54:08 : JLCalipay Unkown Error: Reset aborted! ->-2147352567
2021-10-28 16:54:08 : HDPanalandang Unkown Error: Reset aborted! ->-2147352567
2021-10-28 16:54:08 : JCLIBONA Unkown Error: Reset aborted! ->-2147352567
2021-10-28 16:54:08 : JCLIBONA Unkown Error: Reset aborted! ->-2147352567
2021-10-28 16:54:09 : SUABDULLAH Unkown Error: Reset aborted! ->-2147352567
2021-10-28 16:54:09 : BSPAMALOY Unkown Error: Reset aborted! ->-2147352567
2021-10-28 16:54:09 : MCEstel Unkown Error: Reset aborted! ->-2147352567
2021-10-28 16:54:09 : NDBagro Unkown Error: Reset aborted! ->-2147352567
2021-10-28 16:54:09 : TDAbdullah Unkown Error: Reset aborted! ->-2147352567
2021-10-28 16:54:10 : MCHovina Unkown Error: Reset aborted! ->-2147352567
2021-10-28 16:54:10 : NAMohamad Unkown Error: Reset aborted! ->-2147352567
2021-10-28 16:54:10 : MACatayas Unkown Error: Reset aborted! ->-2147352567
2021-10-28 16:54:10 : AATanggote Unkown Error: Reset aborted! ->-2147352567
2021-10-28 16:54:10 : NDSOLAIMAN Unkown Error: Reset aborted! ->-2147352567
2021-10-28 16:54:11 : FJACasa Unkown Error: Reset aborted! ->-2147352567
2021-10-28 16:54:11 : HMAbdul Unkown Error: Reset aborted! ->-2147352567
2021-10-28 16:54:11 : MCHovina Unkown Error: Reset aborted! ->-2147352567
2021-10-28 16:54:11 : NDBUTUAN Unkown Error: Reset aborted! ->-2147352567
2021-10-28 16:54:11 : AALayson Unkown Error: Reset aborted! ->-2147352567
2021-10-28 16:54:12 : GCBITOON Unkown Error: Reset aborted! ->-2147352567
2021-10-28 16:54:12 : NBDelia Unkown Error: Reset aborted! ->-2147352567
2021-10-28 16:54:12 : MBJagorin Unkown Error: Reset aborted! ->-2147352567
2021-10-28 16:54:12 : SUKAdang Unkown Error: Reset aborted! ->-2147352567
2021-10-28 16:54:12 : AMRacman Unkown Error: Reset aborted! ->-2147352567
2021-10-28 16:54:12 : SAUnsa Unkown Error: Reset aborted! ->-2147352567
2021-10-28 16:54:13 : MJALatumbo Unkown Error: Reset aborted! ->-2147352567
2021-10-28 16:54:13 : HGAlim Unkown Error: Reset aborted! ->-2147352567
2021-10-28 16:54:13 : RTBelgira Unkown Error: Reset aborted! ->-2147352567
2021-10-28 16:54:13 : AALayson Unkown Error: Reset aborted! ->-2147352567
2021-10-28 16:54:14 : NBDelia Unkown Error: Reset aborted! ->-2147352567
2021-10-28 16:54:14 : LMFale Unkown Error: Reset aborted! ->-2147352567
2021-10-28 16:54:14 : NAOmar Unkown Error: Reset aborted! ->-2147352567
2021-10-28 16:54:14 : JKCDumpa Unkown Error: Reset aborted! ->-2147352567
2021-10-28 16:54:14 : BSPAMALOY Unkown Error: Reset aborted! ->-2147352567
2021-10-28 16:54:15 : JABEglesia Unkown Error: Reset aborted! ->-2147352567
2021-10-28 17:10:55 : ATMaguan is not expired! Reset aborted.
2021-10-28 17:10:56 : CSMaghinay: Password Changed to SIXJ7092
2021-10-28 17:10:57 : SUABDULLAH: Password Changed to GPYA7099
2021-10-28 17:10:58 : TDAbdullah: Password Changed to TNBZ8271
2021-10-28 17:10:58 : JIAbraham: Password Changed to MHAR6981
2021-10-28 17:10:59 : CKNFlores: Password Changed to DUZB9080
2021-10-28 17:11:00 : FJCACUPINPIN: Password Changed to LWEX9694
2021-10-28 17:11:00 : NMAdiong: Password Changed to YHPI6578
2021-10-28 17:11:01 : KBAkop: Password Changed to KKOF8685
2021-10-28 17:11:02 : NLALAB: Password Changed to SOZL8484
2021-10-28 17:11:03 : ELALAPAN: Password Changed to HDHA9873
2021-10-28 17:11:03 : CLAlasagas: Password Changed to RXIO8069
2021-10-28 17:11:04 : CRAlcala: Password Changed to WTBW9694
2021-10-28 17:11:05 : OKAli: Password Changed to LSXC9173
2021-10-28 17:11:05 : RPALI: Password Changed to LBXO6591
2021-10-28 17:11:06 : RDALILANTO: Password Changed to ZATX8095
2021-10-28 17:11:07 : HGAlim: Password Changed to WEZP8670
2021-10-28 17:11:07 : MCAAlvior: Password Changed to FAQW8785
2021-10-28 17:11:08 : JPAmbalgan: Password Changed to RUWY6697
2021-10-28 17:11:09 : EMAmbrad: Password Changed to EZEH6772
2021-10-28 17:11:09 : AHAmer: Password Changed to XDCK9279
2021-10-28 17:11:10 : ICAngca: Password Changed to QCHG8774
2021-10-28 17:11:11 : MGLAPPALA: Password Changed to KYSL9370
2021-10-28 17:11:11 : MJFARAGONA: Password Changed to CPQG7594
2021-10-28 17:11:12 : JAPedregosa: Password Changed to UHTV8899
2021-10-28 17:11:13 : CCAREVALO: Password Changed to BXTV6574
2021-10-28 17:11:13 : NSAsi: Password Changed to IXPG8571
2021-10-28 17:11:14 : CAAvila: Password Changed to IJTY6972
2021-10-28 17:11:14 : JRBacaling: Password Changed to YUKE7980
2021-10-28 17:11:15 : PABadal: Password Changed to WHJM8983
2021-10-28 17:11:16 : NDBagro: Password Changed to DJFA9594
2021-10-28 17:11:16 : SSBalindong: Password Changed to MZTX8875
2021-10-28 17:11:17 : JMBalunto: Password Changed to ENUK8180
2021-10-28 17:11:18 : SMLBaro: Password Changed to LURT9691
2021-10-28 17:11:18 : SMBBARRETO: Password Changed to PFAQ7191
2021-10-28 17:11:19 : CDBatino: Password Changed to WCXU8470
2021-10-28 17:11:20 : MLLBAYOGOS: Password Changed to JKPC8383
2021-10-28 17:11:20 : RTBelgira: Password Changed to KGNV7590
2021-10-28 17:11:21 : SNRHassan: Password Changed to AYLW8373
2021-10-28 17:11:21 : GGBito-On: Password Changed to QZXO7290
2021-10-28 17:11:22 : JRBolencis: Password Changed to ULQF8995
2021-10-28 17:11:23 : NSBubong: Password Changed to CEPK9676
2021-10-28 17:11:24 : CABDePedro: Password Changed to EAKU8276
2021-10-28 17:11:24 : NDBUTUAN: Password Changed to XGHP7670
2021-10-28 17:11:25 : VHCCaballero: Password Changed to AZXC7591
2021-10-28 17:11:26 : CLCabaobao: Password Changed to VQSI9567
2021-10-28 17:11:26 : DIOTan: Password Changed to HXZL7796
2021-10-28 17:11:27 : JCMCalanao: Password Changed to MTVD7590
2021-10-28 17:11:28 : CRSCalibayan: Password Changed to ZAIP7584
2021-10-28 17:11:28 : MECALIBAYAN: Password Changed to VWGE9391
2021-10-28 17:11:29 : RMCalimbaba: Password Changed to AGJU8899
2021-10-28 17:11:30 : HACamim: Password Changed to MBDC7299
2021-10-28 17:11:30 : RCCanarejo: Password Changed to BQJV6773
2021-10-28 17:11:31 : MSCanto: Password Changed to JNIZ9881
2021-10-28 17:11:31 : NDSOLAIMAN: Password Changed to FXQM7494
2021-10-28 17:11:32 : ASCasan: Password Changed to HIJT7779
2021-10-28 17:11:33 : MBCasanguan: Password Changed to SRUL9070
2021-10-28 17:11:34 : SMHCasilagan: Password Changed to LWWL9394
2021-10-28 17:11:34 : HLCASTILLON: Password Changed to KUIW7691
2021-10-28 17:11:35 : GCCastro: Password Changed to AXXD6599
2021-10-28 17:11:36 : JSCATAAN: Password Changed to OHKU9592
2021-10-28 17:11:36 : AJCATALAN: Password Changed to CWOP8777
2021-10-28 17:11:37 : MACatayas: Password Changed to HVTI9177
2021-10-28 17:11:37 : GGGCELIZ: Password Changed to PESJ9396
2021-10-28 17:11:38 : MMACCLARO: Password Changed to CLZS7874
2021-10-28 17:11:39 : RMCLAVE: Password Changed to SCYU8984
2021-10-28 17:11:39 : CDCo: Password Changed to OGFL7385
2021-10-28 17:11:40 : RBCodarangan: Password Changed to WZLM9769
2021-10-28 17:11:41 : HBCOSAIN: Password Changed to AUMX7391
2021-10-28 17:11:41 : CTCruz: Password Changed to PNHP9971
2021-10-28 17:11:42 : RACruz: Password Changed to WDNW7192
2021-10-28 17:11:43 : NHDagumbel: Password Changed to FACC6786
2021-10-28 17:11:43 : AJTDARI: Password Changed to ZWEG9383
2021-10-28 17:11:44 : BJMDatuEsmael: Password Changed to GLVU8369
2021-10-28 17:11:45 : RBDEGUZMAN: Password Changed to LVSJ8494
2021-10-28 17:11:45 : DMDelalamon: Password Changed to HLJO7493
2021-10-28 17:11:46 : HMBDeLasAlas: Password Changed to XFFP9498
2021-10-28 17:11:47 : JVDemavivas: Password Changed to AWLY8493
2021-10-28 17:11:47 : DLDiezon: Password Changed to CACS7894
2021-10-28 17:11:48 : NGDimatingkal: Password Changed to QTPV8499
2021-10-28 17:11:49 : VVDimson: Password Changed to CWHZ8494
2021-10-28 17:11:49 : NMDinas: Password Changed to HQEX9482
2021-10-28 17:11:50 : JCDulong: Password Changed to SAXS8781
2021-10-28 17:11:51 : HCDUMAGAT: Password Changed to BPXT6792
2021-10-28 17:11:51 : OADumato: Password Changed to OVBH8488
2021-10-28 17:11:52 : LDHilario: Password Changed to VQRM8471
2021-10-28 17:11:53 : RVDuyag: Password Changed to XPIM7283
2021-10-28 17:11:53 : HMAbdul: Password Changed to DVOD9187
2021-10-28 17:11:54 : MGMEMBOLTORIO: Password Changed to LRJC7578
2021-10-28 17:11:55 : JBEsmail: Password Changed to QKSY7388
2021-10-28 17:11:55 : CFEstampador: Password Changed to AVNS6776
2021-10-28 17:11:56 : CMEEXAMEN: Password Changed to GXRK8299
2021-10-28 17:11:57 : LRExmundo: Password Changed to LJSZ7978
2021-10-28 17:11:57 : NBFabale: Password Changed to DPBS9986
2021-10-28 17:11:58 : NDFaderon: Password Changed to QJWA7379
2021-10-28 17:11:58 : BMFFALE: Password Changed to OOVD7474
2021-10-28 17:11:59 : AMFernandez: Password Changed to OIWK6698
2021-10-28 17:12:00 : CMFlores: Password Changed to PYQB9684
2021-10-28 17:12:00 : MTMacadatu: Password Changed to NVGE6573
2021-10-28 17:12:01 : MBGALIDO: Password Changed to BJUN9171
2021-10-28 17:12:01 : NLGalve: Password Changed to OHUH8368
2021-10-28 17:12:02 : AEGANI: Password Changed to WBXR7286
2021-10-28 17:12:03 : CAGASPAR: Password Changed to EKHU7878
2021-10-28 17:12:03 : LDGaupo: Password Changed to UHVB6566
2021-10-28 17:12:04 : DGDohinog: Password Changed to KRLD9877
2021-10-28 17:12:04 : MSGocon: Password Changed to LHQY7293
2021-10-28 17:12:05 : RKSanturing: Password Changed to OTRD7573
2021-10-28 17:12:06 : ASGUIALO: Password Changed to TNZE9694
2021-10-28 17:12:06 : JMMGuyos: Password Changed to AOJJ6684
2021-10-28 17:12:07 : IDHRacman: Password Changed to SYVZ7874
2021-10-28 17:12:08 : NMSolaiman: Password Changed to YHCH8077
2021-10-28 17:12:08 : KLHofer: Password Changed to XEYL7868
2021-10-28 17:12:09 : MCHovina: Password Changed to UTIO7479
2021-10-28 17:12:10 : MBIbrahim: Password Changed to PXVU6868
2021-10-28 17:12:10 : JHINDAR: Password Changed to PIDX8189
2021-10-28 17:12:11 : ACInedal: Password Changed to RKPB8873
2021-10-28 17:12:12 : MBJagorin: Password Changed to YPUO8982
2021-10-28 17:12:12 : JLAJunio: Password Changed to OIWJ8866
2021-10-28 17:12:13 : NKGani: Password Changed to PCZW7396
2021-10-28 17:12:13 : NHKABUGATAN: Password Changed to JSQR7570
2021-10-28 17:12:14 : MUKalis: Password Changed to QCSZ8368
2021-10-28 17:12:15 : BAKASAN: Password Changed to ZNUO7398
2021-10-28 17:12:15 : NJUKhan: Password Changed to BHKO8876
2021-10-28 17:12:16 : NAKUSAIN: Password Changed to UWPB6976
2021-10-28 17:12:17 : MGRLabordo: Password Changed to HDKT8593
2021-10-28 17:12:17 : JLLaco: Password Changed to AXTL7865
2021-10-28 17:12:18 : NSLanto: Password Changed to YGWT9686
2021-10-28 17:12:19 : MJALatumbo: Password Changed to YTDG8468
2021-10-28 17:12:19 : ZMLauban: Password Changed to FQNG6677
2021-10-28 17:12:20 : AHLaut: Password Changed to XXML7271
2021-10-28 17:12:20 : SCLAYAWON: Password Changed to KQCF8385
2021-10-28 17:12:21 : ALABUTASIL: Password Changed to NOCV9568
2021-10-28 17:12:22 : APLemon: Password Changed to WTVG9780
2021-10-28 17:12:22 : ENLeoncito: Password Changed to VGBU7298
2021-10-28 17:12:23 : JCLIBONA: Password Changed to ICSM9187
2021-10-28 17:12:24 : NDLidasan: Password Changed to XGPP9872
2021-10-28 17:12:24 : MLLidot: Password Changed to OLXI8478
2021-10-28 17:12:25 : PMLIGO: Password Changed to EBBE7992
2021-10-28 17:12:25 : NMDLofranco: Password Changed to OKYI6586
2021-10-28 17:12:26 : RGLOSBANEZ: Password Changed to CLLK9099
2021-10-28 17:12:27 : BALuay: Password Changed to MPPF7392
2021-10-28 17:12:27 : EWLupina: Password Changed to VCLZ9477
2021-10-28 17:12:28 : ARGMacasundig: Password Changed to SJVK7590
2021-10-28 17:12:29 : APMacawadib: Password Changed to MKXF9999
2021-10-28 17:12:29 : NMMadali: Password Changed to JCCE6988
2021-10-28 17:12:30 : MSMadid: Password Changed to HWYI8672
2021-10-28 17:12:31 : GAMagallon: Password Changed to KFCB9371
2021-10-28 17:12:31 : CSMaghinay: Password Changed to SIXJ7092
2021-10-28 17:12:32 : MNMRamilo: Password Changed to LREK8770
2021-10-28 17:12:32 : ATMaguan is not expired! Reset aborted.
2021-10-28 17:12:33 : AMMahawan: Password Changed to IAAS7675
2021-10-28 17:12:33 : NGMalang: Password Changed to DJFC8594
2021-10-28 17:12:34 : NCMalna: Password Changed to UQFY9777
2021-10-28 17:12:34 : BGMAMANTAL: Password Changed to HCZZ7468
2021-10-28 17:12:35 : OEMAMANTAL: Password Changed to ENTU8173
2021-10-28 17:12:35 : HADanganan: Password Changed to XROE9078
2021-10-28 17:12:36 : KAManabat: Password Changed to BDHM9099
2021-10-28 17:12:37 : QHTMandangan: Password Changed to PJAO9497
2021-10-28 17:12:37 : MOMANDIA: Password Changed to JKUN8267
2021-10-28 17:12:38 : RMMangondato: Password Changed to RCZP7183
2021-10-28 17:12:39 : FSInterino: Password Changed to TIBL8291
2021-10-28 17:12:39 : AUManudal: Password Changed to YOXV6893
2021-10-28 17:12:40 : SMGMargate: Password Changed to DHKC7993
2021-10-28 17:12:40 : ASMarohom: Password Changed to EFZI9478
2021-10-28 17:12:41 : MMMAROHOM: Password Changed to ATPG9572
2021-10-28 17:12:42 : RIMAROHOM: Password Changed to PGXS9880
2021-10-28 17:12:42 : RCMASORONG: Password Changed to TTBQ7380
2021-10-28 17:12:43 : ASMASUKAT: Password Changed to QLVL7581
2021-10-28 17:12:43 : NSMasukat: Password Changed to NTJG9265
2021-10-28 17:12:44 : LFMEMORIAL: Password Changed to NHOY9795
2021-10-28 17:12:45 : JGQMendoza: Password Changed to CHJQ7986
2021-10-28 17:12:45 : AMRakhim: Password Changed to CFGE7880
2021-10-28 17:12:46 : NBMilitante: Password Changed to DPGI9691
2021-10-28 17:12:46 : WSMILAN: Password Changed to GGRK6667
2021-10-28 17:12:47 : NJAMOHAMAD: Password Changed to ZOAQ7880
2021-10-28 17:12:48 : NAMohamad: Password Changed to LYIF8972
2021-10-28 17:12:48 : NAMohamad: Password Changed to LYIF8972
2021-10-28 17:12:49 : LPMolina: Password Changed to MXEW8672
2021-10-28 17:12:49 : DLBNabor: Password Changed to UKXS8998
2021-10-28 17:12:50 : RANARCISO: Password Changed to WSDE6781
2021-10-28 17:12:50 : SVNino: Password Changed to LBYQ6874
2021-10-28 17:12:51 : GCNiones: Password Changed to ANFD8397
2021-10-28 17:12:52 : AANurrudin-Razik: Password Changed to UEZH8575
2021-10-28 17:12:52 : JPOchavillo: Password Changed to EQMA7582
2021-10-28 17:12:53 : STOng: Password Changed to AYIX9198
2021-10-28 17:12:53 : EOPAGARIGAN: Password Changed to HZKS9678
2021-10-28 17:12:54 : MBPagharion: Password Changed to GZMZ7870
2021-10-28 17:12:55 : BAPaglala: Password Changed to DTJR7569
2021-10-28 17:12:55 : LBRDevelos: Password Changed to TAVS6578
2021-10-28 17:12:56 : SRPaloma: Password Changed to NIZR8984
2021-10-28 17:12:56 : BSPAMALOY: Password Changed to RMNV9468
2021-10-28 17:12:57 : DPPamularco: Password Changed to ZDLT9574
2021-10-28 17:12:58 : HDPanalandang: Password Changed to UXAR6797
2021-10-28 17:12:58 : YSPanalandang: Password Changed to MUQZ8096
2021-10-28 17:12:59 : NAPandapatan: Password Changed to IVWU8769
2021-10-28 17:13:00 : PMSPaniza: Password Changed to CGPS8194
2021-10-28 17:13:00 : DMParenno: Password Changed to LKYJ6596
2021-10-28 17:13:01 : JDPayla: Password Changed to FZBS9474
2021-10-28 17:13:01 : JMRascal: Password Changed to BONO8085
2021-10-28 17:13:02 : ZOPENDONG: Password Changed to RLLW6994
2021-10-28 17:13:02 : HGCPRIINCIPE: Password Changed to SGNH9176
2021-10-28 17:13:03 : DJPulido: Password Changed to KDDG6789
2021-10-28 17:13:04 : DCRabanillo: Password Changed to SZLL7685
2021-10-28 17:13:04 : MLRadin: Password Changed to SXBE8981
2021-10-28 17:13:05 : JMRascal: Password Changed to BONO8085
2021-10-28 17:13:06 : JBRaymundo: Password Changed to XUDV8891
2021-10-28 17:13:06 : MMRondina: Password Changed to XDRV9084
2021-10-28 17:13:07 : GSPRotel: Password Changed to LXBW7694
2021-10-28 17:13:07 : AMDRoullo: Password Changed to EKIT9670
2021-10-28 17:13:08 : RCRUAM: Password Changed to RSDD6693
2021-10-28 17:13:08 : EMSabando: Password Changed to MEOO8386
2021-10-28 17:13:09 : NGSacop: Password Changed to EASJ8880
2021-10-28 17:13:10 : FGSALILAGUIA: Password Changed to QGBR7276
2021-10-28 17:13:10 : MSMomongan: Password Changed to KXES7179
2021-10-28 17:13:11 : FCSAMSON: Password Changed to VIPW7367
2021-10-28 17:13:11 : ACMSanchez: Password Changed to KXLE6698
2021-10-28 17:13:12 : CSSardedo: Password Changed to GOSD9190
2021-10-28 17:13:13 : LHSarip: Password Changed to UWQB7793
2021-10-28 17:13:13 : EMSARIPADA: Password Changed to VLIO8274
2021-10-28 17:13:14 : NTSaripda: Password Changed to GKTK9273
2021-10-28 17:13:15 : RTSilorio: Password Changed to VHAT7067
2021-10-28 17:13:15 : SCSimon: Password Changed to SKIP7470
2021-10-28 17:13:16 : EASinajonan: Password Changed to QQLA7878
2021-10-28 17:13:17 : COSuclan: Password Changed to VFBR7799
2021-10-28 17:13:17 : LOSulutan: Password Changed to NKQW8991
2021-10-28 17:13:18 : NMSumonsol: Password Changed to WYJK8785
2021-10-28 17:13:18 : DTTablaso: Password Changed to YYRU9575
2021-10-28 17:13:19 : LMTSagge: Password Changed to JULN7890
2021-10-28 17:13:20 : AGTalapas: Password Changed to TWED8075
2021-10-28 17:13:20 : AJTMalinao: Password Changed to COHH8589
2021-10-28 17:13:21 : RDTan: Password Changed to WJUJ9882
2021-10-28 17:13:21 : JGBTanalgo: Password Changed to PSUJ9687
2021-10-28 17:13:22 : AATanggote: Password Changed to RZRT6588
2021-10-28 17:13:23 : MLMTindoy: Password Changed to CDDS7674
2021-10-28 17:13:23 : GSTo-Ong: Password Changed to XLRQ7398
2021-10-28 17:13:24 : JATOROGANAN: Password Changed to KDHN7068
2021-10-28 17:13:24 : HMTuanadatu: Password Changed to KTUL7166
2021-10-28 17:13:25 : LTMiran: Password Changed to ZXJB8279
2021-10-28 17:13:26 : HSDiamrod: Password Changed to ZHQS7466
2021-10-28 17:13:26 : JLUsman: Password Changed to UANQ9370
2021-10-28 17:13:27 : EKUTTO: Password Changed to IWXJ9079
2021-10-28 17:13:27 : VTVicente: Password Changed to UGUN6887
2021-10-28 17:13:28 : JSMVidal: Password Changed to KHFE7680
2021-10-28 17:13:29 : EDVildosola: Password Changed to BKUQ8974
2021-10-28 17:13:29 : VLDVillaceran: Password Changed to CMXL8579
2021-10-28 17:13:30 : TJBWagas: Password Changed to ESQP9183
2021-10-28 17:13:30 : JAYap: Password Changed to UMAE9399
2021-10-28 17:13:31 : RBCodarangan: Password Changed to WZLM9769
2021-10-28 17:13:32 : JGAlba: Password Changed to XQIT9885
2021-10-28 17:13:32 : IJJCabilangan: Password Changed to LAYV7997
2021-10-28 17:13:33 : SFPALI: Password Changed to FQJB7978
2021-10-28 17:13:34 : HSHassan: Password Changed to OMNM9690
2021-10-28 17:13:34 : FILIWALUG: Password Changed to ZHRT6982
2021-10-28 17:13:35 : RPMantorino: Password Changed to VLEY8097
2021-10-28 17:13:35 : SRSUngcar: Password Changed to SFFQ9985
2021-10-28 17:13:36 : RTSYulores: Password Changed to MEGK9182
2021-10-28 17:13:37 : SUABDULLAH: Password Changed to GPYA7099
2021-10-28 17:13:37 : AABANDILA is not expired! Reset aborted.
2021-10-28 17:13:37 : CSMaghinay: Password Changed to SIXJ7092
2021-10-28 17:13:38 : ASTonde: Password Changed to FICM7373
2021-10-28 17:13:39 : MBAballe: Password Changed to UUMM9665
2021-10-28 17:13:39 : JLCalipay: Password Changed to FDPJ6898
2021-10-28 17:13:40 : HDPanalandang: Password Changed to UXAR6797
2021-10-28 17:13:40 : JCLIBONA: Password Changed to ICSM9187
2021-10-28 17:13:41 : JCLIBONA: Password Changed to ICSM9187
2021-10-28 17:13:42 : SUABDULLAH: Password Changed to GPYA7099
2021-10-28 17:13:42 : BSPAMALOY: Password Changed to RMNV9468
2021-10-28 17:13:43 : MCEstel: Password Changed to HUMY9378
2021-10-28 17:13:44 : NDBagro: Password Changed to DJFA9594
2021-10-28 17:13:44 : TDAbdullah: Password Changed to TNBZ8271
2021-10-28 17:13:45 : MCHovina: Password Changed to UTIO7479
2021-10-28 17:13:45 : NAMohamad: Password Changed to LYIF8972
2021-10-28 17:13:46 : MACatayas: Password Changed to HVTI9177
2021-10-28 17:13:47 : AATanggote: Password Changed to RZRT6588
2021-10-28 17:13:47 : NDSOLAIMAN: Password Changed to FXQM7494
2021-10-28 17:13:48 : FJACasa: Password Changed to YTMD6772
2021-10-28 17:13:49 : HMAbdul: Password Changed to DVOD9187
2021-10-28 17:13:49 : MCHovina: Password Changed to UTIO7479
2021-10-28 17:13:50 : NDBUTUAN: Password Changed to XGHP7670
2021-10-28 17:13:51 : AALayson: Password Changed to EQLO8879
2021-10-28 17:13:51 : GCBITOON: Password Changed to XCBL8682
2021-10-28 17:13:52 : NBDelia: Password Changed to DXFT8995
2021-10-28 17:13:52 : MBJagorin: Password Changed to YPUO8982
2021-10-28 17:13:53 : SUKAdang: Password Changed to PWCM9669
2021-10-28 17:13:54 : AMRacman: Password Changed to IEUP9186
2021-10-28 17:13:54 : SAUnsa: Password Changed to IOXH7698
2021-10-28 17:13:55 : MJALatumbo: Password Changed to YTDG8468
2021-10-28 17:13:55 : HGAlim: Password Changed to WEZP8670
2021-10-28 17:13:56 : RTBelgira: Password Changed to KGNV7590
2021-10-28 17:13:57 : AALayson: Password Changed to EQLO8879
2021-10-28 17:13:57 : NBDelia: Password Changed to DXFT8995
2021-10-28 17:13:58 : LMFale: Password Changed to YXFK7070
2021-10-28 17:13:59 : NAOmar: Password Changed to HUNF7284
2021-10-28 17:13:59 : JKCDumpa: Password Changed to CHNX6891
2021-10-28 17:14:00 : BSPAMALOY: Password Changed to RMNV9468
2021-10-28 17:14:00 : JABEglesia: Password Changed to MBSV8894
